Log file open, 08/28/19 14:44:31
LogWindows: Failed to load 'aqProf.dll' (GetLastError=126)
LogWindows: File 'aqProf.dll' does not exist
LogWindows: Failed to load 'VtuneApi.dll' (GetLastError=126)
LogWindows: File 'VtuneApi.dll' does not exist
LogWindows: Failed to load 'VtuneApi32e.dll' (GetLastError=126)
LogWindows: File 'VtuneApi32e.dll' does not exist
LogConsoleResponse: Display: Failed to find resolution value strings in scalability ini. Falling back to default.
LogInit: Display: Running engine for game: BatteryCollector
LogPakFile: Registered encryption key '00000000000000000000000000000000': 0 pak files mounted, 0 remain pending
LogPlatformFile: Not using cached read wrapper
LogTaskGraph: Started task graph with 5 named threads and 23 total threads with 3 sets of task threads.
LogStats: Stats thread started at 0.300686
LogD3D11RHI: Loaded GFSDK_Aftermath_Lib.x64.dll
LogICUInternationalization: ICU TimeZone Detection - Raw Offset: +2:00, Platform Override: ''
LogPluginManager: Mounting plugin Paper2D
LogPluginManager: Mounting plugin AISupport
LogPluginManager: Mounting plugin LightPropagationVolume
LogPluginManager: Mounting plugin ActorLayerUtilities
LogPluginManager: Mounting plugin AnimationSharing
LogPluginManager: Mounting plugin CLionSourceCodeAccess
LogPluginManager: Mounting plugin CodeLiteSourceCodeAccess
LogPluginManager: Mounting plugin GitSourceControl
LogPluginManager: Mounting plugin KDevelopSourceCodeAccess
LogPluginManager: Mounting plugin NullSourceCodeAccess
LogPluginManager: Mounting plugin PerforceSourceControl
LogPluginManager: Mounting plugin SubversionSourceControl
LogPluginManager: Mounting plugin UObjectPlugin
LogPluginManager: Mounting plugin VisualStudioCodeSourceCodeAccess
LogPluginManager: Mounting plugin VisualStudioSourceCodeAccess
LogPluginManager: Mounting plugin XCodeSourceCodeAccess
LogPluginManager: Mounting plugin AssetManagerEditor
LogPluginManager: Mounting plugin CryptoKeys
LogPluginManager: Mounting plugin DataValidation
LogPluginManager: Mounting plugin FacialAnimation
LogPluginManager: Mounting plugin GameplayTagsEditor
LogPluginManager: Mounting plugin MacGraphicsSwitching
LogPluginManager: Mounting plugin MaterialAnalyzer
LogPluginManager: Mounting plugin MobileLauncherProfileWizard
LogPluginManager: Mounting plugin PluginBrowser
LogPluginManager: Mounting plugin SpeedTreeImporter
LogPluginManager: Mounting plugin DatasmithContent
LogPluginManager: Mounting plugin VariantManagerContent
LogPluginManager: Mounting plugin AlembicImporter
LogPluginManager: Mounting plugin AppleImageUtils
LogPluginManager: Mounting plugin AppleVision
LogPluginManager: Mounting plugin BackChannel
LogPluginManager: Mounting plugin CharacterAI
LogPluginManager: Mounting plugin GeometryCache
LogPluginManager: Mounting plugin HTML5Networking
LogPluginManager: Mounting plugin ProxyLODPlugin
LogPluginManager: Mounting plugin SkeletalReduction
LogPluginManager: Mounting plugin MagicLeap
LogPluginManager: Mounting plugin MagicLeapMedia
LogPluginManager: Mounting plugin AndroidMedia
LogPluginManager: Mounting plugin AvfMedia
LogPluginManager: Mounting plugin ImgMedia
LogPluginManager: Mounting plugin LinearTimecode
LogPluginManager: Mounting plugin MediaCompositing
LogPluginManager: Mounting plugin MediaPlayerEditor
LogPluginManager: Mounting plugin WebMMedia
LogPluginManager: Mounting plugin WmfMedia
LogPluginManager: Mounting plugin TcpMessaging
LogPluginManager: Mounting plugin UdpMessaging
LogPluginManager: Mounting plugin ActorSequence
LogPluginManager: Mounting plugin LevelSequenceEditor
LogPluginManager: Mounting plugin MatineeToLevelSequence
LogPluginManager: Mounting plugin NetcodeUnitTest
LogPluginManager: Mounting plugin NUTUnrealEngine4
LogPluginManager: Mounting plugin OnlineSubsystemGooglePlay
LogPluginManager: Mounting plugin OnlineSubsystemIOS
LogPluginManager: Mounting plugin OnlineSubsystem
LogPluginManager: Mounting plugin OnlineSubsystemNull
LogPluginManager: Mounting plugin OnlineSubsystemUtils
LogPluginManager: Mounting plugin LauncherChunkInstaller
LogPluginManager: Mounting plugin AndroidDeviceProfileSelector
LogPluginManager: Mounting plugin AndroidMoviePlayer
LogPluginManager: Mounting plugin AndroidPermission
LogPluginManager: Mounting plugin AppleMoviePlayer
LogPluginManager: Mounting plugin ArchVisCharacter
LogPluginManager: Mounting plugin AudioCapture
LogPluginManager: Mounting plugin CableComponent
LogPluginManager: Mounting plugin CustomMeshComponent
LogPluginManager: Mounting plugin EditableMesh
LogPluginManager: Mounting plugin ExampleDeviceProfileSelector
LogPluginManager: Mounting plugin Firebase
LogPluginManager: Mounting plugin GoogleCloudMessaging
LogPluginManager: Mounting plugin IOSDeviceProfileSelector
LogPluginManager: Mounting plugin LinuxDeviceProfileSelector
LogPluginManager: Mounting plugin LocationServicesBPLibrary
LogPluginManager: Mounting plugin MobilePatchingUtils
LogPluginManager: Mounting plugin OculusVR
LogPluginManager: Mounting plugin PhysXVehicles
LogPluginManager: Mounting plugin ProceduralMeshComponent
LogPluginManager: Mounting plugin RuntimePhysXCooking
LogPluginManager: Mounting plugin SignificanceManager
LogPluginManager: Mounting plugin SteamVR
LogPluginManager: Mounting plugin WebMMoviePlayer
LogPluginManager: Mounting plugin WindowsMoviePlayer
LogInit: Using libcurl 7.55.1-DEV
LogInit:  - built for x86_64-pc-win32
LogInit:  - supports SSL with OpenSSL/1.1.1
LogInit:  - supports HTTP deflate (compression) using libz 1.2.8
LogInit:  - other features:
LogInit:      CURL_VERSION_SSL
LogInit:      CURL_VERSION_LIBZ
LogInit:      CURL_VERSION_IPV6
LogInit:      CURL_VERSION_ASYNCHDNS
LogInit:      CURL_VERSION_LARGEFILE
LogInit:      CURL_VERSION_IDN
LogInit:  CurlRequestOptions (configurable via config and command line):
LogInit:  - bVerifyPeer = true  - Libcurl will verify peer certificate
LogInit:  - bUseHttpProxy = false  - Libcurl will NOT use HTTP proxy
LogInit:  - bDontReuseConnections = false  - Libcurl will reuse connections
LogInit:  - MaxHostConnections = 16  - Libcurl will limit the number of connections to a host
LogInit:  - LocalHostAddr = Default
LogInit:  - BufferSize = 65536
LogInit: WinSock: version 1.1 (2.2), MaxSocks=32767, MaxUdp=65467
LogInit: Build: ++UE4+Release-4.22-CL-7053642
LogInit: Engine Version: 4.22.3-7053642+++UE4+Release-4.22
LogInit: Compatible Engine Version: 4.22.0-5660361+++UE4+Release-4.22
LogInit: Net CL: 5660361
LogInit: OS: Windows 10 (Release 1903) (), CPU: Intel(R) Core(TM) i7-6700 CPU @ 3.40GHz, GPU: NVIDIA GeForce GTX 960
LogInit: Compiled (64-bit): Jun 18 2019 03:09:11
LogInit: Compiled with Visual C++: 19.16.27025.01
LogInit: Build Configuration: Development
LogInit: Branch Name: ++UE4+Release-4.22
LogInit: Command Line: 
LogInit: Base Directory: C:/Program Files/Epic Games/UE_4.22/Engine/Binaries/Win64/
LogInit: Installed Engine Build: 1
LogDevObjectVersion: Number of dev versions registered: 23
LogDevObjectVersion:   Dev-Blueprints (B0D832E4-1F89-4F0D-ACCF-7EB736FD4AA2): 10
LogDevObjectVersion:   Dev-Build (E1C64328-A22C-4D53-A36C-8E866417BD8C): 0
LogDevObjectVersion:   Dev-Core (375EC13C-06E4-48FB-B500-84F0262A717E): 3
LogDevObjectVersion:   Dev-Editor (E4B068ED-F494-42E9-A231-DA0B2E46BB41): 30
LogDevObjectVersion:   Dev-Framework (CFFC743F-43B0-4480-9391-14DF171D2073): 35
LogDevObjectVersion:   Dev-Mobile (B02B49B5-BB20-44E9-A304-32B752E40360): 2
LogDevObjectVersion:   Dev-Networking (A4E4105C-59A1-49B5-A7C5-40C4547EDFEE): 0
LogDevObjectVersion:   Dev-Online (39C831C9-5AE6-47DC-9A44-9C173E1C8E7C): 0
LogDevObjectVersion:   Dev-Physics (78F01B33-EBEA-4F98-B9B4-84EACCB95AA2): 0
LogDevObjectVersion:   Dev-Platform (6631380F-2D4D-43E0-8009-CF276956A95A): 0
LogDevObjectVersion:   Dev-Rendering (12F88B9F-8875-4AFC-A67C-D90C383ABD29): 28
LogDevObjectVersion:   Dev-Sequencer (7B5AE74C-D270-4C10-A958-57980B212A5A): 11
LogDevObjectVersion:   Dev-VR (D7296918-1DD6-4BDD-9DE2-64A83CC13884): 2
LogDevObjectVersion:   Dev-LoadTimes (C2A15278-BFE7-4AFE-6C17-90FF531DF755): 1
LogDevObjectVersion:   Private-Geometry (6EACA3D4-40EC-4CC1-B786-8BED09428FC5): 3
LogDevObjectVersion:   Dev-AnimPhys (29E575DD-E0A3-4627-9D10-D276232CDCEA): 17
LogDevObjectVersion:   Dev-Anim (AF43A65D-7FD3-4947-9873-3E8ED9C1BB05): 2
LogDevObjectVersion:   Dev-ReflectionCapture (6B266CEC-1EC7-4B8F-A30B-E4D90942FC07): 1
LogDevObjectVersion:   Dev-Automation (0DF73D61-A23F-47EA-B727-89E90C41499A): 1
LogDevObjectVersion:   FortniteMain (601D1886-AC64-4F84-AA16-D3DE0DEAC7D6): 25
LogDevObjectVersion:   Dev-Enterprise (9DFFBCD6-494F-0158-E221-12823C92A888): 6
LogDevObjectVersion:   Dev-Niagara (F2AED0AC-9AFE-416F-8664-AA7FFA26D6FC): 1
LogDevObjectVersion:   Dev-Destruction (174F1F0B-B4C6-45A5-B13F-2EE8D0FB917D): 2
LogInit: Presizing for max 16777216 objects, including 0 objects not considered by GC, pre-allocating 0 bytes for permanent pool.
LogInit: Object subsystem initialized
LogConfig: Setting CVar [[con.DebugEarlyDefault:1]]
LogConfig: Setting CVar [[r.setres:1280x720]]
[2019.08.28-11.44.31:901][  0]LogConfig: Setting CVar [[r.VSync:0]]
[2019.08.28-11.44.31:901][  0]LogConfig: Setting CVar [[r.RHICmdBypass:0]]
[2019.08.28-11.44.31:901][  0]LogConfig: Applying CVar settings from Section [/Script/Engine.RendererSettings] File [C:/Users/janessa.aulen/Documents/ueCppPractice/BatteryCollector/Saved/Config/Windows/Engine.ini]
[2019.08.28-11.44.31:901][  0]LogConfig: Setting CVar [[r.GPUCrashDebugging:0]]
[2019.08.28-11.44.31:901][  0]LogConfig: Applying CVar settings from Section [/Script/Engine.RendererOverrideSettings] File [C:/Users/janessa.aulen/Documents/ueCppPractice/BatteryCollector/Saved/Config/Windows/Engine.ini]
[2019.08.28-11.44.31:901][  0]LogConfig: Applying CVar settings from Section [/Script/Engine.StreamingSettings] File [C:/Users/janessa.aulen/Documents/ueCppPractice/BatteryCollector/Saved/Config/Windows/Engine.ini]
[2019.08.28-11.44.31:901][  0]LogConfig: Setting CVar [[s.MinBulkDataSizeForAsyncLoading:131072]]
[2019.08.28-11.44.31:901][  0]LogConfig: Setting CVar [[s.AsyncLoadingThreadEnabled:0]]
[2019.08.28-11.44.31:901][  0]LogConfig: Setting CVar [[s.EventDrivenLoaderEnabled:1]]
[2019.08.28-11.44.31:901][  0]LogConfig: Setting CVar [[s.WarnIfTimeLimitExceeded:0]]
[2019.08.28-11.44.31:901][  0]LogConfig: Setting CVar [[s.TimeLimitExceededMultiplier:1.5]]
[2019.08.28-11.44.31:901][  0]LogConfig: Setting CVar [[s.TimeLimitExceededMinTime:0.005]]
[2019.08.28-11.44.31:901][  0]LogConfig: Setting CVar [[s.UseBackgroundLevelStreaming:1]]
[2019.08.28-11.44.31:901][  0]LogConfig: Setting CVar [[s.PriorityAsyncLoadingExtraTime:15.0]]
[2019.08.28-11.44.31:901][  0]LogConfig: Setting CVar [[s.LevelStreamingActorsUpdateTimeLimit:5.0]]
[2019.08.28-11.44.31:901][  0]LogConfig: Setting CVar [[s.PriorityLevelStreamingActorsUpdateExtraTime:5.0]]
[2019.08.28-11.44.31:901][  0]LogConfig: Setting CVar [[s.LevelStreamingComponentsRegistrationGranularity:10]]
[2019.08.28-11.44.31:901][  0]LogConfig: Setting CVar [[s.UnregisterComponentsTimeLimit:1.0]]
[2019.08.28-11.44.31:901][  0]LogConfig: Setting CVar [[s.LevelStreamingComponentsUnregistrationGranularity:5]]
[2019.08.28-11.44.31:901][  0]LogConfig: Applying CVar settings from Section [/Script/Engine.GarbageCollectionSettings] File [C:/Users/janessa.aulen/Documents/ueCppPractice/BatteryCollector/Saved/Config/Windows/Engine.ini]
[2019.08.28-11.44.31:901][  0]LogConfig: Setting CVar [[gc.MaxObjectsNotConsideredByGC:1]]
[2019.08.28-11.44.31:901][  0]LogConfig: Setting CVar [[gc.SizeOfPermanentObjectPool:0]]
[2019.08.28-11.44.31:901][  0]LogConfig: Setting CVar [[gc.FlushStreamingOnGC:0]]
[2019.08.28-11.44.31:901][  0]LogConfig: Setting CVar [[gc.NumRetriesBeforeForcingGC:10]]
[2019.08.28-11.44.31:901][  0]LogConfig: Setting CVar [[gc.AllowParallelGC:1]]
[2019.08.28-11.44.31:901][  0]LogConfig: Setting CVar [[gc.TimeBetweenPurgingPendingKillObjects:61.1]]
[2019.08.28-11.44.31:901][  0]LogConfig: Setting CVar [[gc.MaxObjectsInEditor:16777216]]
[2019.08.28-11.44.31:901][  0]LogConfig: Setting CVar [[gc.IncrementalBeginDestroyEnabled:1]]
[2019.08.28-11.44.31:901][  0]LogConfig: Setting CVar [[gc.CreateGCClusters:1]]
[2019.08.28-11.44.31:901][  0]LogConfig: Setting CVar [[gc.MinGCClusterSize:5]]
[2019.08.28-11.44.31:901][  0]LogConfig: Setting CVar [[gc.ActorClusteringEnabled:0]]
[2019.08.28-11.44.31:901][  0]LogConfig: Setting CVar [[gc.BlueprintClusteringEnabled:0]]
[2019.08.28-11.44.31:902][  0]LogConfig: Setting CVar [[gc.UseDisregardForGCOnDedicatedServers:0]]
[2019.08.28-11.44.31:902][  0]LogConfig: Applying CVar settings from Section [/Script/Engine.NetworkSettings] File [C:/Users/janessa.aulen/Documents/ueCppPractice/BatteryCollector/Saved/Config/Windows/Engine.ini]
[2019.08.28-11.44.31:902][  0]LogConfig: Applying CVar settings from Section [/Script/UnrealEd.CookerSettings] File [C:/Users/janessa.aulen/Documents/ueCppPractice/BatteryCollector/Saved/Config/Windows/Engine.ini]
[2019.08.28-11.44.31:905][  0]LogConfig: Applying CVar settings from Section [ViewDistanceQuality@3] File [C:/Users/janessa.aulen/Documents/ueCppPractice/BatteryCollector/Saved/Config/Windows/Scalability.ini]
[2019.08.28-11.44.31:905][  0]LogConfig: Setting CVar [[r.SkeletalMeshLODBias:0]]
[2019.08.28-11.44.31:905][  0]LogConfig: Setting CVar [[r.ViewDistanceScale:1.0]]
[2019.08.28-11.44.31:905][  0]LogConfig: Applying CVar settings from Section [AntiAliasingQuality@3] File [C:/Users/janessa.aulen/Documents/ueCppPractice/BatteryCollector/Saved/Config/Windows/Scalability.ini]
[2019.08.28-11.44.31:905][  0]LogConfig: Setting CVar [[r.PostProcessAAQuality:4]]
[2019.08.28-11.44.31:905][  0]LogConfig: Applying CVar settings from Section [ShadowQuality@3] File [C:/Users/janessa.aulen/Documents/ueCppPractice/BatteryCollector/Saved/Config/Windows/Scalability.ini]
[2019.08.28-11.44.31:905][  0]LogConfig: Setting CVar [[r.LightFunctionQuality:1]]
[2019.08.28-11.44.31:905][  0]LogConfig: Setting CVar [[r.ShadowQuality:5]]
[2019.08.28-11.44.31:905][  0]LogConfig: Setting CVar [[r.Shadow.CSM.MaxCascades:10]]
[2019.08.28-11.44.31:905][  0]LogConfig: Setting CVar [[r.Shadow.MaxResolution:2048]]
[2019.08.28-11.44.31:905][  0]LogConfig: Setting CVar [[r.Shadow.MaxCSMResolution:2048]]
[2019.08.28-11.44.31:905][  0]LogConfig: Setting CVar [[r.Shadow.RadiusThreshold:0.01]]
[2019.08.28-11.44.31:905][  0]LogConfig: Setting CVar [[r.Shadow.DistanceScale:1.0]]
[2019.08.28-11.44.31:905][  0]LogConfig: Setting CVar [[r.Shadow.CSM.TransitionScale:1.0]]
[2019.08.28-11.44.31:905][  0]LogConfig: Setting CVar [[r.Shadow.PreShadowResolutionFactor:1.0]]
[2019.08.28-11.44.31:905][  0]LogConfig: Setting CVar [[r.DistanceFieldShadowing:1]]
[2019.08.28-11.44.31:905][  0]LogConfig: Setting CVar [[r.DistanceFieldAO:1]]
[2019.08.28-11.44.31:905][  0]LogConfig: Setting CVar [[r.AOQuality:2]]
[2019.08.28-11.44.31:905][  0]LogConfig: Setting CVar [[r.VolumetricFog:1]]
[2019.08.28-11.44.31:905][  0]LogConfig: Setting CVar [[r.VolumetricFog.GridPixelSize:8]]
[2019.08.28-11.44.31:905][  0]LogConfig: Setting CVar [[r.VolumetricFog.GridSizeZ:128]]
[2019.08.28-11.44.31:905][  0]LogConfig: Setting CVar [[r.VolumetricFog.HistoryMissSupersampleCount:4]]
[2019.08.28-11.44.31:905][  0]LogConfig: Setting CVar [[r.LightMaxDrawDistanceScale:1]]
[2019.08.28-11.44.31:905][  0]LogConfig: Setting CVar [[r.CapsuleShadows:1]]
[2019.08.28-11.44.31:905][  0]LogConfig: Applying CVar settings from Section [PostProcessQuality@3] File [C:/Users/janessa.aulen/Documents/ueCppPractice/BatteryCollector/Saved/Config/Windows/Scalability.ini]
[2019.08.28-11.44.31:905][  0]LogConfig: Setting CVar [[r.MotionBlurQuality:4]]
[2019.08.28-11.44.31:905][  0]LogConfig: Setting CVar [[r.AmbientOcclusionMipLevelFactor:0.4]]
[2019.08.28-11.44.31:905][  0]LogConfig: Setting CVar [[r.AmbientOcclusionMaxQuality:100]]
[2019.08.28-11.44.31:905][  0]LogConfig: Setting CVar [[r.AmbientOcclusionLevels:-1]]
[2019.08.28-11.44.31:905][  0]LogConfig: Setting CVar [[r.AmbientOcclusionRadiusScale:1.0]]
[2019.08.28-11.44.31:905][  0]LogConfig: Setting CVar [[r.DepthOfFieldQuality:2]]
[2019.08.28-11.44.31:906][  0]LogConfig: Setting CVar [[r.RenderTargetPoolMin:400]]
[2019.08.28-11.44.31:906][  0]LogConfig: Setting CVar [[r.LensFlareQuality:2]]
[2019.08.28-11.44.31:906][  0]LogConfig: Setting CVar [[r.SceneColorFringeQuality:1]]
[2019.08.28-11.44.31:906][  0]LogConfig: Setting CVar [[r.EyeAdaptationQuality:2]]
[2019.08.28-11.44.31:906][  0]LogConfig: Setting CVar [[r.BloomQuality:5]]
[2019.08.28-11.44.31:906][  0]LogConfig: Setting CVar [[r.FastBlurThreshold:100]]
[2019.08.28-11.44.31:906][  0]LogConfig: Setting CVar [[r.Upscale.Quality:3]]
[2019.08.28-11.44.31:906][  0]LogConfig: Setting CVar [[r.Tonemapper.GrainQuantization:1]]
[2019.08.28-11.44.31:906][  0]LogConfig: Setting CVar [[r.LightShaftQuality:1]]
[2019.08.28-11.44.31:906][  0]LogConfig: Setting CVar [[r.Filter.SizeScale:1]]
[2019.08.28-11.44.31:906][  0]LogConfig: Setting CVar [[r.Tonemapper.Quality:5]]
[2019.08.28-11.44.31:906][  0]LogConfig: Setting CVar [[r.DOF.Gather.AccumulatorQuality:1        ; higher gathering accumulator quality]]
[2019.08.28-11.44.31:906][  0]LogConfig: Setting CVar [[r.DOF.Gather.PostfilterMethod:1          ; Median3x3 postfilering method]]
[2019.08.28-11.44.31:906][  0]LogConfig: Setting CVar [[r.DOF.Gather.EnableBokehSettings:0       ; no bokeh simulation when gathering]]
[2019.08.28-11.44.31:906][  0]LogConfig: Setting CVar [[r.DOF.Gather.RingCount:4                 ; medium number of samples when gathering]]
[2019.08.28-11.44.31:906][  0]LogConfig: Setting CVar [[r.DOF.Scatter.ForegroundCompositing:1    ; additive foreground scattering]]
[2019.08.28-11.44.31:906][  0]LogConfig: Setting CVar [[r.DOF.Scatter.BackgroundCompositing:2    ; additive background scattering]]
[2019.08.28-11.44.31:906][  0]LogConfig: Setting CVar [[r.DOF.Scatter.EnableBokehSettings:1      ; bokeh simulation when scattering]]
[2019.08.28-11.44.31:906][  0]LogConfig: Setting CVar [[r.DOF.Scatter.MaxSpriteRatio:0.1         ; only a maximum of 10% of scattered bokeh]]
[2019.08.28-11.44.31:906][  0]LogConfig: Setting CVar [[r.DOF.Recombine.Quality:1                ; cheap slight out of focus]]
[2019.08.28-11.44.31:906][  0]LogConfig: Setting CVar [[r.DOF.Recombine.EnableBokehSettings:0    ; no bokeh simulation on slight out of focus]]
[2019.08.28-11.44.31:906][  0]LogConfig: Setting CVar [[r.DOF.TemporalAAQuality:1                ; more stable temporal accumulation]]
[2019.08.28-11.44.31:906][  0]LogConfig: Setting CVar [[r.DOF.Kernel.MaxForegroundRadius:0.025]]
[2019.08.28-11.44.31:906][  0]LogConfig: Setting CVar [[r.DOF.Kernel.MaxBackgroundRadius:0.025]]
[2019.08.28-11.44.31:906][  0]LogConfig: Applying CVar settings from Section [TextureQuality@3] File [C:/Users/janessa.aulen/Documents/ueCppPractice/BatteryCollector/Saved/Config/Windows/Scalability.ini]
[2019.08.28-11.44.31:906][  0]LogConfig: Setting CVar [[r.Streaming.MipBias:0]]
[2019.08.28-11.44.31:906][  0]LogConfig: Setting CVar [[r.Streaming.AmortizeCPUToGPUCopy:0]]
[2019.08.28-11.44.31:906][  0]LogConfig: Setting CVar [[r.Streaming.MaxNumTexturesToStreamPerFrame:0]]
[2019.08.28-11.44.31:906][  0]LogConfig: Setting CVar [[r.Streaming.Boost:1]]
[2019.08.28-11.44.31:906][  0]LogConfig: Setting CVar [[r.MaxAnisotropy:8]]
[2019.08.28-11.44.31:906][  0]LogConfig: Setting CVar [[r.Streaming.LimitPoolSizeToVRAM:0]]
[2019.08.28-11.44.31:906][  0]LogConfig: Setting CVar [[r.Streaming.PoolSize:1000]]
[2019.08.28-11.44.31:906][  0]LogConfig: Setting CVar [[r.Streaming.MaxEffectiveScreenSize:0]]
[2019.08.28-11.44.31:906][  0]LogConfig: Applying CVar settings from Section [EffectsQuality@3] File [C:/Users/janessa.aulen/Documents/ueCppPractice/BatteryCollector/Saved/Config/Windows/Scalability.ini]
[2019.08.28-11.44.31:906][  0]LogConfig: Setting CVar [[r.TranslucencyLightingVolumeDim:64]]
[2019.08.28-11.44.31:906][  0]LogConfig: Setting CVar [[r.RefractionQuality:2]]
[2019.08.28-11.44.31:906][  0]LogConfig: Setting CVar [[r.SSR.Quality:3]]
[2019.08.28-11.44.31:906][  0]LogConfig: Setting CVar [[r.SceneColorFormat:4]]
[2019.08.28-11.44.31:906][  0]LogConfig: Setting CVar [[r.DetailMode:2]]
[2019.08.28-11.44.31:906][  0]LogConfig: Setting CVar [[r.TranslucencyVolumeBlur:1]]
[2019.08.28-11.44.31:907][  0]LogConfig: Setting CVar [[r.MaterialQualityLevel:1 ; High quality]]
[2019.08.28-11.44.31:907][  0]LogConfig: Setting CVar [[r.SSS.Scale:1]]
[2019.08.28-11.44.31:907][  0]LogConfig: Setting CVar [[r.SSS.SampleSet:2]]
[2019.08.28-11.44.31:907][  0]LogConfig: Setting CVar [[r.SSS.Quality:1]]
[2019.08.28-11.44.31:907][  0]LogConfig: Setting CVar [[r.SSS.HalfRes:1]]
[2019.08.28-11.44.31:907][  0]LogConfig: Setting CVar [[r.EmitterSpawnRateScale:1.0]]
[2019.08.28-11.44.31:907][  0]LogConfig: Setting CVar [[r.ParticleLightQuality:2]]
[2019.08.28-11.44.31:907][  0]LogConfig: Applying CVar settings from Section [FoliageQuality@3] File [C:/Users/janessa.aulen/Documents/ueCppPractice/BatteryCollector/Saved/Config/Windows/Scalability.ini]
[2019.08.28-11.44.31:907][  0]LogConfig: Setting CVar [[foliage.DensityScale:1.0]]
[2019.08.28-11.44.31:907][  0]LogConfig: Setting CVar [[grass.DensityScale:1.0]]
[2019.08.28-11.44.31:907][  0]LogInit: Selected Device Profile: [Windows]
[2019.08.28-11.44.31:907][  0]LogInit: Applying CVar settings loaded from the selected device profile: [Windows]
[2019.08.28-11.44.31:935][  0]LogHAL: Display: Platform has ~ 16 GB [17054658560 / 17179869184 / 16], which maps to Larger [LargestMinGB=32, LargerMinGB=12, DefaultMinGB=8, SmallerMinGB=6, SmallestMinGB=0)
[2019.08.28-11.44.31:935][  0]LogConfig: Setting CVar [[r.Vulkan.UseRealUBs:0		; Required until we fix HLR fall-out]]
[2019.08.28-11.44.31:935][  0]LogInit: Going up to parent DeviceProfile []
[2019.08.28-11.44.31:935][  0]LogConfig: Applying CVar settings from Section [ViewDistanceQuality@3] File [C:/Users/janessa.aulen/Documents/ueCppPractice/BatteryCollector/Saved/Config/Windows/Scalability.ini]
[2019.08.28-11.44.31:935][  0]LogConfig: Setting CVar [[r.SkeletalMeshLODBias:0]]
[2019.08.28-11.44.31:935][  0]LogConfig: Setting CVar [[r.ViewDistanceScale:1.0]]
[2019.08.28-11.44.31:935][  0]LogConfig: Applying CVar settings from Section [AntiAliasingQuality@3] File [C:/Users/janessa.aulen/Documents/ueCppPractice/BatteryCollector/Saved/Config/Windows/Scalability.ini]
[2019.08.28-11.44.31:935][  0]LogConfig: Setting CVar [[r.PostProcessAAQuality:4]]
[2019.08.28-11.44.31:935][  0]LogConfig: Applying CVar settings from Section [ShadowQuality@3] File [C:/Users/janessa.aulen/Documents/ueCppPractice/BatteryCollector/Saved/Config/Windows/Scalability.ini]
[2019.08.28-11.44.31:935][  0]LogConfig: Setting CVar [[r.LightFunctionQuality:1]]
[2019.08.28-11.44.31:935][  0]LogConfig: Setting CVar [[r.ShadowQuality:5]]
[2019.08.28-11.44.31:935][  0]LogConfig: Setting CVar [[r.Shadow.CSM.MaxCascades:10]]
[2019.08.28-11.44.31:935][  0]LogConfig: Setting CVar [[r.Shadow.MaxResolution:2048]]
[2019.08.28-11.44.31:935][  0]LogConfig: Setting CVar [[r.Shadow.MaxCSMResolution:2048]]
[2019.08.28-11.44.31:935][  0]LogConfig: Setting CVar [[r.Shadow.RadiusThreshold:0.01]]
[2019.08.28-11.44.31:935][  0]LogConfig: Setting CVar [[r.Shadow.DistanceScale:1.0]]
[2019.08.28-11.44.31:935][  0]LogConfig: Setting CVar [[r.Shadow.CSM.TransitionScale:1.0]]
[2019.08.28-11.44.31:935][  0]LogConfig: Setting CVar [[r.Shadow.PreShadowResolutionFactor:1.0]]
[2019.08.28-11.44.31:935][  0]LogConfig: Setting CVar [[r.DistanceFieldShadowing:1]]
[2019.08.28-11.44.31:935][  0]LogConfig: Setting CVar [[r.DistanceFieldAO:1]]
[2019.08.28-11.44.31:935][  0]LogConfig: Setting CVar [[r.AOQuality:2]]
[2019.08.28-11.44.31:935][  0]LogConfig: Setting CVar [[r.VolumetricFog:1]]
[2019.08.28-11.44.31:935][  0]LogConfig: Setting CVar [[r.VolumetricFog.GridPixelSize:8]]
[2019.08.28-11.44.31:935][  0]LogConfig: Setting CVar [[r.VolumetricFog.GridSizeZ:128]]
[2019.08.28-11.44.31:935][  0]LogConfig: Setting CVar [[r.VolumetricFog.HistoryMissSupersampleCount:4]]
[2019.08.28-11.44.31:935][  0]LogConfig: Setting CVar [[r.LightMaxDrawDistanceScale:1]]
[2019.08.28-11.44.31:935][  0]LogConfig: Setting CVar [[r.CapsuleShadows:1]]
[2019.08.28-11.44.31:935][  0]LogConfig: Applying CVar settings from Section [PostProcessQuality@3] File [C:/Users/janessa.aulen/Documents/ueCppPractice/BatteryCollector/Saved/Config/Windows/Scalability.ini]
[2019.08.28-11.44.31:935][  0]LogConfig: Setting CVar [[r.MotionBlurQuality:4]]
[2019.08.28-11.44.31:935][  0]LogConfig: Setting CVar [[r.AmbientOcclusionMipLevelFactor:0.4]]
[2019.08.28-11.44.31:935][  0]LogConfig: Setting CVar [[r.AmbientOcclusionMaxQuality:100]]
[2019.08.28-11.44.31:935][  0]LogConfig: Setting CVar [[r.AmbientOcclusionLevels:-1]]
[2019.08.28-11.44.31:935][  0]LogConfig: Setting CVar [[r.AmbientOcclusionRadiusScale:1.0]]
[2019.08.28-11.44.31:936][  0]LogConfig: Setting CVar [[r.DepthOfFieldQuality:2]]
[2019.08.28-11.44.31:936][  0]LogConfig: Setting CVar [[r.RenderTargetPoolMin:400]]
[2019.08.28-11.44.31:936][  0]LogConfig: Setting CVar [[r.LensFlareQuality:2]]
[2019.08.28-11.44.31:936][  0]LogConfig: Setting CVar [[r.SceneColorFringeQuality:1]]
[2019.08.28-11.44.31:936][  0]LogConfig: Setting CVar [[r.EyeAdaptationQuality:2]]
[2019.08.28-11.44.31:936][  0]LogConfig: Setting CVar [[r.BloomQuality:5]]
[2019.08.28-11.44.31:936][  0]LogConfig: Setting CVar [[r.FastBlurThreshold:100]]
[2019.08.28-11.44.31:936][  0]LogConfig: Setting CVar [[r.Upscale.Quality:3]]
[2019.08.28-11.44.31:936][  0]LogConfig: Setting CVar [[r.Tonemapper.GrainQuantization:1]]
[2019.08.28-11.44.31:936][  0]LogConfig: Setting CVar [[r.LightShaftQuality:1]]
[2019.08.28-11.44.31:936][  0]LogConfig: Setting CVar [[r.Filter.SizeScale:1]]
[2019.08.28-11.44.31:936][  0]LogConfig: Setting CVar [[r.Tonemapper.Quality:5]]
[2019.08.28-11.44.31:936][  0]LogConfig: Setting CVar [[r.DOF.Gather.AccumulatorQuality:1        ; higher gathering accumulator quality]]
[2019.08.28-11.44.31:936][  0]LogConfig: Setting CVar [[r.DOF.Gather.PostfilterMethod:1          ; Median3x3 postfilering method]]
[2019.08.28-11.44.31:936][  0]LogConfig: Setting CVar [[r.DOF.Gather.EnableBokehSettings:0       ; no bokeh simulation when gathering]]
[2019.08.28-11.44.31:936][  0]LogConfig: Setting CVar [[r.DOF.Gather.RingCount:4                 ; medium number of samples when gathering]]
[2019.08.28-11.44.31:936][  0]LogConfig: Setting CVar [[r.DOF.Scatter.ForegroundCompositing:1    ; additive foreground scattering]]
[2019.08.28-11.44.31:936][  0]LogConfig: Setting CVar [[r.DOF.Scatter.BackgroundCompositing:2    ; additive background scattering]]
[2019.08.28-11.44.31:936][  0]LogConfig: Setting CVar [[r.DOF.Scatter.EnableBokehSettings:1      ; bokeh simulation when scattering]]
[2019.08.28-11.44.31:936][  0]LogConfig: Setting CVar [[r.DOF.Scatter.MaxSpriteRatio:0.1         ; only a maximum of 10% of scattered bokeh]]
[2019.08.28-11.44.31:936][  0]LogConfig: Setting CVar [[r.DOF.Recombine.Quality:1                ; cheap slight out of focus]]
[2019.08.28-11.44.31:936][  0]LogConfig: Setting CVar [[r.DOF.Recombine.EnableBokehSettings:0    ; no bokeh simulation on slight out of focus]]
[2019.08.28-11.44.31:936][  0]LogConfig: Setting CVar [[r.DOF.TemporalAAQuality:1                ; more stable temporal accumulation]]
[2019.08.28-11.44.31:936][  0]LogConfig: Setting CVar [[r.DOF.Kernel.MaxForegroundRadius:0.025]]
[2019.08.28-11.44.31:936][  0]LogConfig: Setting CVar [[r.DOF.Kernel.MaxBackgroundRadius:0.025]]
[2019.08.28-11.44.31:936][  0]LogConfig: Applying CVar settings from Section [TextureQuality@3] File [C:/Users/janessa.aulen/Documents/ueCppPractice/BatteryCollector/Saved/Config/Windows/Scalability.ini]
[2019.08.28-11.44.31:936][  0]LogConfig: Setting CVar [[r.Streaming.MipBias:0]]
[2019.08.28-11.44.31:936][  0]LogConfig: Setting CVar [[r.Streaming.AmortizeCPUToGPUCopy:0]]
[2019.08.28-11.44.31:936][  0]LogConfig: Setting CVar [[r.Streaming.MaxNumTexturesToStreamPerFrame:0]]
[2019.08.28-11.44.31:936][  0]LogConfig: Setting CVar [[r.Streaming.Boost:1]]
[2019.08.28-11.44.31:936][  0]LogConfig: Setting CVar [[r.MaxAnisotropy:8]]
[2019.08.28-11.44.31:936][  0]LogConfig: Setting CVar [[r.Streaming.LimitPoolSizeToVRAM:0]]
[2019.08.28-11.44.31:936][  0]LogConfig: Setting CVar [[r.Streaming.PoolSize:1000]]
[2019.08.28-11.44.31:936][  0]LogConfig: Setting CVar [[r.Streaming.MaxEffectiveScreenSize:0]]
[2019.08.28-11.44.31:936][  0]LogConfig: Applying CVar settings from Section [EffectsQuality@3] File [C:/Users/janessa.aulen/Documents/ueCppPractice/BatteryCollector/Saved/Config/Windows/Scalability.ini]
[2019.08.28-11.44.31:936][  0]LogConfig: Setting CVar [[r.TranslucencyLightingVolumeDim:64]]
[2019.08.28-11.44.31:936][  0]LogConfig: Setting CVar [[r.RefractionQuality:2]]
[2019.08.28-11.44.31:936][  0]LogConfig: Setting CVar [[r.SSR.Quality:3]]
[2019.08.28-11.44.31:936][  0]LogConfig: Setting CVar [[r.SceneColorFormat:4]]
[2019.08.28-11.44.31:936][  0]LogConfig: Setting CVar [[r.DetailMode:2]]
[2019.08.28-11.44.31:936][  0]LogConfig: Setting CVar [[r.TranslucencyVolumeBlur:1]]
[2019.08.28-11.44.31:936][  0]LogConfig: Setting CVar [[r.MaterialQualityLevel:1 ; High quality]]
[2019.08.28-11.44.31:936][  0]LogConfig: Setting CVar [[r.SSS.Scale:1]]
[2019.08.28-11.44.31:936][  0]LogConfig: Setting CVar [[r.SSS.SampleSet:2]]
[2019.08.28-11.44.31:936][  0]LogConfig: Setting CVar [[r.SSS.Quality:1]]
[2019.08.28-11.44.31:937][  0]LogConfig: Setting CVar [[r.SSS.HalfRes:1]]
[2019.08.28-11.44.31:937][  0]LogConfig: Setting CVar [[r.EmitterSpawnRateScale:1.0]]
[2019.08.28-11.44.31:937][  0]LogConfig: Setting CVar [[r.ParticleLightQuality:2]]
[2019.08.28-11.44.31:937][  0]LogConfig: Applying CVar settings from Section [FoliageQuality@3] File [C:/Users/janessa.aulen/Documents/ueCppPractice/BatteryCollector/Saved/Config/Windows/Scalability.ini]
[2019.08.28-11.44.31:937][  0]LogConfig: Setting CVar [[foliage.DensityScale:1.0]]
[2019.08.28-11.44.31:937][  0]LogConfig: Setting CVar [[grass.DensityScale:1.0]]
[2019.08.28-11.44.31:937][  0]LogConfig: Applying CVar settings from Section [Startup] File [../../../Engine/Config/ConsoleVariables.ini]
[2019.08.28-11.44.31:937][  0]LogConfig: Setting CVar [[net.UseAdaptiveNetUpdateFrequency:0]]
[2019.08.28-11.44.31:937][  0]LogConfig: Setting CVar [[p.chaos.AllowCreatePhysxBodies:1]]
[2019.08.28-11.44.31:937][  0]LogConfig: Applying CVar settings from Section [ConsoleVariables] File [C:/Users/janessa.aulen/Documents/ueCppPractice/BatteryCollector/Saved/Config/Windows/Engine.ini]
[2019.08.28-11.44.31:937][  0]LogInit: Computer: C3008-23
[2019.08.28-11.44.31:937][  0]LogInit: User: janessaaulen
[2019.08.28-11.44.31:937][  0]LogInit: CPU Page size=4096, Cores=4
[2019.08.28-11.44.31:937][  0]LogInit: High frequency timer resolution =10.000000 MHz
[2019.08.28-11.44.31:938][  0]LogMemory: Memory total: Physical=15.9GB (16GB approx)
[2019.08.28-11.44.31:938][  0]LogMemory: Platform Memory Stats for Windows
[2019.08.28-11.44.31:938][  0]LogMemory: Process Physical Memory: 96.33 MB used, 96.34 MB peak
[2019.08.28-11.44.31:938][  0]LogMemory: Process Virtual Memory: 90.41 MB used, 90.41 MB peak
[2019.08.28-11.44.31:938][  0]LogMemory: Physical Memory: 4541.02 MB used,  11723.57 MB free, 16264.59 MB total
[2019.08.28-11.44.31:938][  0]LogMemory: Virtual Memory: 4643.70 MB used,  134213088.00 MB free, 134217728.00 MB total
[2019.08.28-11.44.31:965][  0]LogInit: Using OS detected language (en-US).
[2019.08.28-11.44.31:965][  0]LogInit: Using OS detected locale (en-FI).
[2019.08.28-11.44.31:966][  0]LogTextLocalizationManager: No specific localization for 'en-US' exists, so the 'en' localization will be used.
[2019.08.28-11.44.32:240][  0]LogInit: Setting process to per monitor DPI aware
[2019.08.28-11.44.32:284][  0]LogSlate: New Slate User Created.  User Index 0, Is Virtual User: 0
[2019.08.28-11.44.32:284][  0]LogSlate: Slate User Registered.  User Index 0, Is Virtual User: 0
[2019.08.28-11.44.32:510][  0]LogHMD: Failed to initialize OpenVR with code 110
[2019.08.28-11.44.32:510][  0]LogD3D11RHI: D3D11 adapters:
[2019.08.28-11.44.32:590][  0]LogD3D11RHI:    0. 'NVIDIA GeForce GTX 960' (Feature Level 11_0)
[2019.08.28-11.44.32:590][  0]LogD3D11RHI:       2007/0/8132 MB DedicatedVideo/DedicatedSystem/SharedSystem, Outputs:1, VendorId:0x10de
[2019.08.28-11.44.32:599][  0]LogD3D11RHI:    1. 'Intel(R) HD Graphics 530' (Feature Level 11_0)
[2019.08.28-11.44.32:599][  0]LogD3D11RHI:       128/0/8132 MB DedicatedVideo/DedicatedSystem/SharedSystem, Outputs:0, VendorId:0x8086
[2019.08.28-11.44.32:602][  0]LogD3D11RHI:    2. 'Microsoft Basic Render Driver' (Feature Level 11_0)
[2019.08.28-11.44.32:603][  0]LogD3D11RHI:       0/0/8132 MB DedicatedVideo/DedicatedSystem/SharedSystem, Outputs:0, VendorId:0x1414
[2019.08.28-11.44.32:603][  0]LogD3D11RHI: Chosen D3D11 Adapter: 0
[2019.08.28-11.44.32:610][  0]LogD3D11RHI: Creating new Direct3DDevice
[2019.08.28-11.44.32:611][  0]LogD3D11RHI:     GPU DeviceId: 0x1401 (for the marketing name, search the web for "GPU Device Id")
[2019.08.28-11.44.32:611][  0]LogWindows: EnumDisplayDevices:
[2019.08.28-11.44.32:611][  0]LogWindows:    0. 'NVIDIA GeForce GTX 960' (P:1 D:1)
[2019.08.28-11.44.32:611][  0]LogWindows:    1. 'NVIDIA GeForce GTX 960' (P:0 D:0)
[2019.08.28-11.44.32:611][  0]LogWindows:    2. 'NVIDIA GeForce GTX 960' (P:0 D:0)
[2019.08.28-11.44.32:612][  0]LogWindows:    3. 'NVIDIA GeForce GTX 960' (P:0 D:0)
[2019.08.28-11.44.32:612][  0]LogWindows:    4. 'Intel(R) HD Graphics 530' (P:0 D:0)
[2019.08.28-11.44.32:612][  0]LogWindows:    5. 'Intel(R) HD Graphics 530' (P:0 D:0)
[2019.08.28-11.44.32:613][  0]LogWindows:    6. 'Intel(R) HD Graphics 530' (P:0 D:0)
[2019.08.28-11.44.32:613][  0]LogWindows: DebugString: PrimaryIsNotTheChoosenAdapter PrimaryIsNotTheChoosenAdapter PrimaryIsNotTheChoosenAdapter FoundDriverCount:4 
[2019.08.28-11.44.32:613][  0]LogD3D11RHI:     Adapter Name: NVIDIA GeForce GTX 960
[2019.08.28-11.44.32:613][  0]LogD3D11RHI:   Driver Version: 419.72 (internal:25.21.14.1972, unified:419.72)
[2019.08.28-11.44.32:613][  0]LogD3D11RHI:      Driver Date: 3-18-2019
[2019.08.28-11.44.32:613][  0]LogRHI: Texture pool is 1405 MB (70% of 2007 MB)
[2019.08.28-11.44.32:665][  0]LogD3D11RHI: Async texture creation enabled
[2019.08.28-11.44.32:671][  0]LogRendererCore: FGlobalReadBuffer::InitRHI
[2019.08.28-11.44.32:671][  0]LogRendererCore: FGlobalReadBuffer::InitRHI
[2019.08.28-11.44.32:671][  0]LogRendererCore: FGlobalReadBuffer::InitRHI
[2019.08.28-11.44.32:680][  0]LogD3D11RHI: GPU Timing Frequency: 1000.000000 (Debug: 2 1)
[2019.08.28-11.44.33:096][  0]LogTemp: Display: Module 'AllDesktopTargetPlatform' loaded TargetPlatform 'AllDesktop'
[2019.08.28-11.44.33:116][  0]LogTemp: Display: Module 'MacClientTargetPlatform' loaded TargetPlatform 'MacClient'
[2019.08.28-11.44.33:139][  0]LogTemp: Display: Module 'MacNoEditorTargetPlatform' loaded TargetPlatform 'MacNoEditor'
[2019.08.28-11.44.33:161][  0]LogTemp: Display: Module 'MacServerTargetPlatform' loaded TargetPlatform 'MacServer'
[2019.08.28-11.44.33:182][  0]LogTemp: Display: Module 'MacTargetPlatform' loaded TargetPlatform 'Mac'
[2019.08.28-11.44.33:202][  0]LogTemp: Display: Module 'WindowsClientTargetPlatform' loaded TargetPlatform 'WindowsClient'
[2019.08.28-11.44.33:222][  0]LogTemp: Display: Module 'WindowsNoEditorTargetPlatform' loaded TargetPlatform 'WindowsNoEditor'
[2019.08.28-11.44.33:241][  0]LogTemp: Display: Module 'WindowsServerTargetPlatform' loaded TargetPlatform 'WindowsServer'
[2019.08.28-11.44.33:250][  0]LogTemp: Display: Module 'WindowsTargetPlatform' loaded TargetPlatform 'Windows'
[2019.08.28-11.44.33:380][  0]LogTemp: Display: Module 'AndroidTargetPlatform' loaded TargetPlatform 'Android'
[2019.08.28-11.44.33:380][  0]LogTemp: Display: Module 'AndroidTargetPlatform' loaded TargetPlatform 'Android_ASTC'
[2019.08.28-11.44.33:380][  0]LogTemp: Display: Module 'AndroidTargetPlatform' loaded TargetPlatform 'Android_ATC'
[2019.08.28-11.44.33:381][  0]LogTemp: Display: Module 'AndroidTargetPlatform' loaded TargetPlatform 'Android_DXT'
[2019.08.28-11.44.33:381][  0]LogTemp: Display: Module 'AndroidTargetPlatform' loaded TargetPlatform 'Android_ETC1'
[2019.08.28-11.44.33:381][  0]LogTemp: Display: Module 'AndroidTargetPlatform' loaded TargetPlatform 'Android_ETC1a'
[2019.08.28-11.44.33:381][  0]LogTemp: Display: Module 'AndroidTargetPlatform' loaded TargetPlatform 'Android_ETC2'
[2019.08.28-11.44.33:381][  0]LogTemp: Display: Module 'AndroidTargetPlatform' loaded TargetPlatform 'Android_PVRTC'
[2019.08.28-11.44.33:381][  0]LogTemp: Display: Module 'AndroidTargetPlatform' loaded TargetPlatform 'AndroidClient'
[2019.08.28-11.44.33:381][  0]LogTemp: Display: Module 'AndroidTargetPlatform' loaded TargetPlatform 'Android_ASTCClient'
[2019.08.28-11.44.33:381][  0]LogTemp: Display: Module 'AndroidTargetPlatform' loaded TargetPlatform 'Android_ATCClient'
[2019.08.28-11.44.33:381][  0]LogTemp: Display: Module 'AndroidTargetPlatform' loaded TargetPlatform 'Android_DXTClient'
[2019.08.28-11.44.33:381][  0]LogTemp: Display: Module 'AndroidTargetPlatform' loaded TargetPlatform 'Android_ETC1Client'
[2019.08.28-11.44.33:381][  0]LogTemp: Display: Module 'AndroidTargetPlatform' loaded TargetPlatform 'Android_ETC1aClient'
[2019.08.28-11.44.33:381][  0]LogTemp: Display: Module 'AndroidTargetPlatform' loaded TargetPlatform 'Android_ETC2Client'
[2019.08.28-11.44.33:381][  0]LogTemp: Display: Module 'AndroidTargetPlatform' loaded TargetPlatform 'Android_PVRTCClient'
[2019.08.28-11.44.33:381][  0]LogTemp: Display: Module 'AndroidTargetPlatform' loaded TargetPlatform 'Android_Multi'
[2019.08.28-11.44.33:381][  0]LogTemp: Display: Module 'AndroidTargetPlatform' loaded TargetPlatform 'Android_MultiClient'
[2019.08.28-11.44.33:383][  0]LogTemp: Display: Module 'HTML5TargetPlatform' loaded TargetPlatform 'HTML5'
[2019.08.28-11.44.33:445][  0]LogTemp: Display: Module 'IOSTargetPlatform' loaded TargetPlatform 'IOSClient'
[2019.08.28-11.44.33:445][  0]LogTemp: Display: Module 'IOSTargetPlatform' loaded TargetPlatform 'IOS'
[2019.08.28-11.44.33:485][  0]LogTemp: Display: Module 'TVOSTargetPlatform' loaded TargetPlatform 'TVOSClient'
[2019.08.28-11.44.33:485][  0]LogTemp: Display: Module 'TVOSTargetPlatform' loaded TargetPlatform 'TVOS'
[2019.08.28-11.44.33:505][  0]LogTemp: Display: Module 'LinuxClientTargetPlatform' loaded TargetPlatform 'LinuxClient'
[2019.08.28-11.44.33:526][  0]LogTemp: Display: Module 'LinuxNoEditorTargetPlatform' loaded TargetPlatform 'LinuxNoEditor'
[2019.08.28-11.44.33:548][  0]LogTemp: Display: Module 'LinuxServerTargetPlatform' loaded TargetPlatform 'LinuxServer'
[2019.08.28-11.44.33:567][  0]LogTemp: Display: Module 'LinuxTargetPlatform' loaded TargetPlatform 'Linux'
[2019.08.28-11.44.33:638][  0]LogTemp: Display: Module 'LuminTargetPlatform' loaded TargetPlatform 'Lumin'
[2019.08.28-11.44.33:638][  0]LogTemp: Display: Module 'LuminTargetPlatform' loaded TargetPlatform 'LuminClient'
[2019.08.28-11.44.33:638][  0]LogTargetPlatformManager: Display: Building Assets For Windows
[2019.08.28-11.44.33:650][  0]LogAudioDebug: Display: Lib vorbis DLL was dynamically loaded.
[2019.08.28-11.44.33:721][  0]LogShaderCompilers: Guid format shader working directory is -24 characters bigger than the processId version (../../../../../../Users/janessa.aulen/Documents/ueCppPractice/BatteryCollector/Intermediate/Shaders/WorkingDirectory/8736/).
[2019.08.28-11.44.33:721][  0]LogShaderCompilers: Cleaned the shader compiler working directory 'C:/Users/janessa.aulen/AppData/Local/Temp/UnrealShaderWorkingDir/0E9E2EA8455806C5650C89B4A73692FC/'.
[2019.08.28-11.44.33:724][  0]LogXGEController: Cannot use XGE Controller as Incredibuild is not installed on this machine.
[2019.08.28-11.44.33:724][  0]LogShaderCompilers: Cannot use XGE Shader Compiler as Incredibuild is not installed on this machine.
[2019.08.28-11.44.33:724][  0]LogShaderCompilers: Display: Using Local Shader Compiler.
[2019.08.28-11.44.34:479][  0]LogDerivedDataCache: Display: Max Cache Size: 512 MB
[2019.08.28-11.44.34:544][  0]LogDerivedDataCache: Loaded boot cache 0.07s 77MB C:/Users/janessa.aulen/AppData/Local/UnrealEngine/4.22/DerivedDataCache/Boot.ddc.
[2019.08.28-11.44.34:544][  0]LogDerivedDataCache: Display: Loaded Boot cache: C:/Users/janessa.aulen/AppData/Local/UnrealEngine/4.22/DerivedDataCache/Boot.ddc
[2019.08.28-11.44.34:545][  0]LogDerivedDataCache: FDerivedDataBackendGraph:  Pak pak cache file ../../../../../../Users/janessa.aulen/Documents/ueCppPractice/BatteryCollector/DerivedDataCache/DDC.ddp not found, will not use a pak cache.
[2019.08.28-11.44.34:545][  0]LogDerivedDataCache: Unable to find inner node Pak for hierarchical cache Hierarchy.
[2019.08.28-11.44.34:545][  0]LogDerivedDataCache: FDerivedDataBackendGraph:  CompressedPak pak cache file ../../../../../../Users/janessa.aulen/Documents/ueCppPractice/BatteryCollector/DerivedDataCache/Compressed.ddp not found, will not use a pak cache.
[2019.08.28-11.44.34:545][  0]LogDerivedDataCache: Unable to find inner node CompressedPak for hierarchical cache Hierarchy.
[2019.08.28-11.44.34:559][  0]LogDerivedDataCache: Display: Pak cache opened for reading ../../../Engine/DerivedDataCache/Compressed.ddp.
[2019.08.28-11.44.34:559][  0]LogDerivedDataCache: FDerivedDataBackendGraph:  EnterprisePak pak cache file ../../../Enterprise/DerivedDataCache/Compressed.ddp not found, will not use a pak cache.
[2019.08.28-11.44.34:559][  0]LogDerivedDataCache: Unable to find inner node EnterprisePak for hierarchical cache Hierarchy.
[2019.08.28-11.44.34:571][  0]LogDerivedDataCache: Using Local data cache path C:/Users/janessa.aulen/AppData/Local/UnrealEngine/Common/DerivedDataCache: Writable
[2019.08.28-11.44.34:571][  0]LogDerivedDataCache: Shared data cache path not found in *engine.ini, will not use an Shared cache.
[2019.08.28-11.44.34:571][  0]LogDerivedDataCache: Unable to find inner node Shared for hierarchical cache Hierarchy.
[2019.08.28-11.44.34:603][  0]LogMaterial: Verifying Global Shaders for PCD3D_SM5
[2019.08.28-11.44.34:605][  0]LogSlate: Using FreeType 2.6.0
[2019.08.28-11.44.34:606][  0]LogSlate: SlateFontServices - WITH_FREETYPE: 1, WITH_HARFBUZZ: 1
[2019.08.28-11.44.34:700][  0]LogAssetRegistry: FAssetRegistry took 0.0374 seconds to start up
[2019.08.28-11.44.35:167][  0]LogInit: Selected Device Profile: [Windows]
[2019.08.28-11.44.35:355][  0]LogMeshReduction: Using QuadricMeshReduction for automatic static mesh reduction
[2019.08.28-11.44.35:355][  0]LogMeshReduction: Using SimplygonMeshReduction for automatic skeletal mesh reduction
[2019.08.28-11.44.35:355][  0]LogMeshReduction: Using ProxyLODMeshReduction for automatic mesh merging
[2019.08.28-11.44.35:355][  0]LogMeshReduction: No distributed automatic mesh merging module available
[2019.08.28-11.44.35:355][  0]LogMeshMerging: No distributed automatic mesh merging module available
[2019.08.28-11.44.35:371][  0]LogNetVersion: BatteryCollector 1.0.0, NetCL: 5660361, EngineNetVer: 10, GameNetVer: 0 (Checksum: 2114802313)
[2019.08.28-11.44.35:951][  0]LogPackageLocalizationCache: Processed 10 localized package path(s) for 1 prioritized culture(s) in 0.071955 seconds
[2019.08.28-11.44.35:961][  0]LogUObjectArray: 42205 objects as part of root set at end of initial load.
[2019.08.28-11.44.35:961][  0]LogUObjectAllocator: 7325032 out of 0 bytes used by permanent object pool.
[2019.08.28-11.44.35:961][  0]LogUObjectArray: CloseDisregardForGC: 0/0 objects in disregard for GC pool
[2019.08.28-11.44.36:997][  0]LogTcpMessaging: Initializing TcpMessaging bridge
[2019.08.28-11.44.37:011][  0]LogUdpMessaging: Initializing bridge on interface 0.0.0.0:0 to multicast group 230.0.0.1:6666.
[2019.08.28-11.44.37:583][  0]SourceControl: Source control is disabled
[2019.08.28-11.44.37:583][  0]SourceControl: Source control is disabled
[2019.08.28-11.44.37:584][  0]SourceControl: Source control is disabled
[2019.08.28-11.44.37:586][  0]SourceControl: Source control is disabled
[2019.08.28-11.44.37:695][  0]LogAndroidPermission: UAndroidPermissionCallbackProxy::GetInstance
[2019.08.28-11.44.37:953][  0]LogOcInput: OculusInput pre-init called
[2019.08.28-11.44.38:713][  0]LogEngine: Initializing Engine...
[2019.08.28-11.44.38:714][  0]LogHMD: Failed to initialize OpenVR with code 110
[2019.08.28-11.44.38:716][  0]LogStats: UGameplayTagsManager::InitializeManager -  0.000 s
[2019.08.28-11.44.39:013][  0]LogInit: Initializing FReadOnlyCVARCache
[2019.08.28-11.44.39:032][  0]LogAIModule: Creating AISystem for world Untitled
[2019.08.28-11.44.39:092][  0]LogInit: XAudio2 using 'VoiceMeeter Input (VB-Audio VoiceMeeter VAIO)' : 2 channels at 48 kHz using 24 bits per sample (channel mask 0x3)
[2019.08.28-11.44.39:111][  0]LogInit: FAudioDevice initialized.
[2019.08.28-11.44.39:111][  0]LogNetVersion: Set ProjectVersion to 1.0.0.0. Version Checksum will be recalculated on next use.
[2019.08.28-11.44.39:198][  0]LogDerivedDataCache: Saved boot cache 0.09s 75MB C:/Users/janessa.aulen/AppData/Local/UnrealEngine/4.22/DerivedDataCache/Boot.ddc.
[2019.08.28-11.44.39:209][  0]LogInit: Texture streaming: Enabled
[2019.08.28-11.44.39:236][  0]LogEngineSessionManager: EngineSessionManager initialized
[2019.08.28-11.44.39:264][  0]LogInit: Transaction tracking system initialized
[2019.08.28-11.44.39:301][  0]BlueprintLog: New page: Editor Load
[2019.08.28-11.44.39:420][  0]LocalizationService: Localization service is disabled
[2019.08.28-11.44.39:831][  0]LogFileCache: Scanning file cache for directory 'C:/Users/janessa.aulen/Documents/ueCppPractice/BatteryCollector/Content/' took 0.02s
[2019.08.28-11.44.39:831][  0]LogCook: Display: Max memory allowance for cook 16384mb min free memory 0mb
[2019.08.28-11.44.39:832][  0]LogCook: Display: Mobile HDR setting 1
[2019.08.28-11.44.40:060][  0]SourceControl: Source control is disabled
[2019.08.28-11.44.40:060][  0]Cmd: MAP LOAD FILE="../../../../../../Users/janessa.aulen/Documents/ueCppPractice/BatteryCollector/Content/ThirdPersonCPP/Maps/ThirdPersonExampleMap.umap" TEMPLATE=0 SHOWPROGRESS=1 FEATURELEVEL=3
[2019.08.28-11.44.40:067][  0]LightingResults: New page: Lighting Build
[2019.08.28-11.44.40:071][  0]MapCheck: New page: Map Check
[2019.08.28-11.44.40:071][  0]LightingResults: New page: Lighting Build
[2019.08.28-11.44.40:104][  0]LogUObjectHash: Compacting FUObjectHashTables data took   2.90ms
[2019.08.28-11.44.40:355][  0]LogAIModule: Creating AISystem for world ThirdPersonExampleMap
[2019.08.28-11.44.40:380][  0]LogEditorServer: Finished looking for orphan Actors (0.000 secs)
[2019.08.28-11.44.40:407][  0]LogUObjectHash: Compacting FUObjectHashTables data took   2.93ms
[2019.08.28-11.44.40:407][  0]Cmd: MAP CHECKDEP NOCLEARLOG
[2019.08.28-11.44.40:407][  0]MapCheck: Map check complete: 0 Error(s), 0 Warning(s), took 0.149ms to complete.
[2019.08.28-11.44.40:407][  0]LogFileHelpers: Loading map 'ThirdPersonExampleMap' took 0.347
[2019.08.28-11.44.40:593][  0]LogSlate: Updating window title bar state: overlay mode, drag disabled, window buttons hidden, title bar hidden
[2019.08.28-11.44.40:609][  0]LogSlate: Updating window title bar state: overlay mode, drag disabled, window buttons hidden, title bar hidden
[2019.08.28-11.44.40:623][  0]LogSlate: Updating window title bar state: overlay mode, drag disabled, window buttons hidden, title bar hidden
[2019.08.28-11.44.40:638][  0]LogSlate: Updating window title bar state: overlay mode, drag disabled, window buttons hidden, title bar hidden
[2019.08.28-11.44.40:656][  0]LogCollectionManager: Loaded 0 collections in 0.002050 seconds
[2019.08.28-11.44.40:702][  0]LogFileCache: Scanning file cache for directory 'C:/Users/janessa.aulen/Documents/ueCppPractice/BatteryCollector/Saved/Collections/' took 0.01s
[2019.08.28-11.44.40:702][  0]LogFileCache: Scanning file cache for directory 'C:/Users/janessa.aulen/Documents/ueCppPractice/BatteryCollector/Content/Developers/janessaaulen/Collections/' took 0.01s
[2019.08.28-11.44.40:702][  0]LogFileCache: Scanning file cache for directory 'C:/Users/janessa.aulen/Documents/ueCppPractice/BatteryCollector/Content/Collections/' took 0.00s
[2019.08.28-11.44.40:702][  0]LogCollectionManager: Rebuilt the GUID cache for 0 collections in 0.000001 seconds
[2019.08.28-11.44.40:717][  0]LogContentBrowser: Native class hierarchy populated in 0.0137 seconds. Added 2734 classes and 661 folders.
[2019.08.28-11.44.40:734][  0]LogContentBrowser: Native class hierarchy updated for 'WidgetCarousel' in 0.0004 seconds. Added 0 classes and 0 folders.
[2019.08.28-11.44.40:747][  0]LogPakFile: Registered encryption key '00000000000000000000000000000000': 0 pak files mounted, 0 remain pending
[2019.08.28-11.44.40:758][  0]LogPakFile: Registered encryption key '00000000000000000000000000000000': 0 pak files mounted, 0 remain pending
[2019.08.28-11.44.40:789][  0]LogPakFile: Registered encryption key '00000000000000000000000000000000': 0 pak files mounted, 0 remain pending
[2019.08.28-11.44.40:797][  0]LogPakFile: Registered encryption key '00000000000000000000000000000000': 0 pak files mounted, 0 remain pending
[2019.08.28-11.44.40:805][  0]LogPakFile: Registered encryption key '00000000000000000000000000000000': 0 pak files mounted, 0 remain pending
[2019.08.28-11.44.40:813][  0]LogPakFile: Registered encryption key '00000000000000000000000000000000': 0 pak files mounted, 0 remain pending
[2019.08.28-11.44.40:820][  0]LogPakFile: Registered encryption key '00000000000000000000000000000000': 0 pak files mounted, 0 remain pending
[2019.08.28-11.44.40:828][  0]LogPakFile: Registered encryption key '00000000000000000000000000000000': 0 pak files mounted, 0 remain pending
[2019.08.28-11.44.40:837][  0]LogPakFile: Registered encryption key '00000000000000000000000000000000': 0 pak files mounted, 0 remain pending
[2019.08.28-11.44.40:846][  0]LogPakFile: Registered encryption key '00000000000000000000000000000000': 0 pak files mounted, 0 remain pending
[2019.08.28-11.44.40:853][  0]LogPakFile: Registered encryption key '00000000000000000000000000000000': 0 pak files mounted, 0 remain pending
[2019.08.28-11.44.40:860][  0]LogPakFile: Registered encryption key '00000000000000000000000000000000': 0 pak files mounted, 0 remain pending
[2019.08.28-11.44.40:868][  0]LogPakFile: Registered encryption key '00000000000000000000000000000000': 0 pak files mounted, 0 remain pending
[2019.08.28-11.44.40:877][  0]LogPakFile: Registered encryption key '00000000000000000000000000000000': 0 pak files mounted, 0 remain pending
[2019.08.28-11.44.40:885][  0]LogPakFile: Registered encryption key '00000000000000000000000000000000': 0 pak files mounted, 0 remain pending
[2019.08.28-11.44.40:892][  0]LogPakFile: Registered encryption key '00000000000000000000000000000000': 0 pak files mounted, 0 remain pending
[2019.08.28-11.44.40:938][  0]LogPakFile: Registered encryption key '00000000000000000000000000000000': 0 pak files mounted, 0 remain pending
[2019.08.28-11.44.40:947][  0]LogPakFile: Registered encryption key '00000000000000000000000000000000': 0 pak files mounted, 0 remain pending
[2019.08.28-11.44.40:955][  0]LogPakFile: Registered encryption key '00000000000000000000000000000000': 0 pak files mounted, 0 remain pending
[2019.08.28-11.44.40:963][  0]LogPakFile: Registered encryption key '00000000000000000000000000000000': 0 pak files mounted, 0 remain pending
[2019.08.28-11.44.40:971][  0]LogPakFile: Registered encryption key '00000000000000000000000000000000': 0 pak files mounted, 0 remain pending
[2019.08.28-11.44.40:979][  0]LogPakFile: Registered encryption key '00000000000000000000000000000000': 0 pak files mounted, 0 remain pending
[2019.08.28-11.44.40:986][  0]LogPakFile: Registered encryption key '00000000000000000000000000000000': 0 pak files mounted, 0 remain pending
[2019.08.28-11.44.40:994][  0]LogPakFile: Registered encryption key '00000000000000000000000000000000': 0 pak files mounted, 0 remain pending
[2019.08.28-11.44.41:002][  0]LogPakFile: Registered encryption key '00000000000000000000000000000000': 0 pak files mounted, 0 remain pending
[2019.08.28-11.44.41:011][  0]LogPakFile: Registered encryption key '00000000000000000000000000000000': 0 pak files mounted, 0 remain pending
[2019.08.28-11.44.41:249][  0]LogContentBrowser: Native class hierarchy updated for 'AddContentDialog' in 0.0006 seconds. Added 0 classes and 0 folders.
[2019.08.28-11.44.41:264][  0]LogContentBrowser: Native class hierarchy updated for 'SceneOutliner' in 0.0005 seconds. Added 1 classes and 2 folders.
[2019.08.28-11.44.41:325][  0]LogSlate: Took 0.000136 seconds to synchronously load lazily loaded font '../../../Engine/Content/Slate/Fonts/Roboto-Regular.ttf' (155K)
[2019.08.28-11.44.41:328][  0]LogSlate: Took 0.000157 seconds to synchronously load lazily loaded font '../../../Engine/Content/Slate/Fonts/Roboto-Bold.ttf' (160K)
[2019.08.28-11.44.41:345][  0]LogSlate: Took 0.008442 seconds to synchronously load lazily loaded font '../../../Engine/Content/Editor/Slate/Fonts/FontAwesome.ttf' (139K)
[2019.08.28-11.44.41:502][  0]LogRenderer: Reallocating scene render targets to support 1616x808 Format 10 NumSamples 1 (Frame:1).
[2019.08.28-11.44.41:765][  0]LogContentBrowser: Native class hierarchy updated for 'HierarchicalLODOutliner' in 0.0005 seconds. Added 0 classes and 0 folders.
[2019.08.28-11.44.41:765][  0]LogLoad: (Engine Initialization) Total time: 11.91 seconds
[2019.08.28-11.44.41:765][  0]LogLoad: (Engine Initialization) Total Blueprint compile time: 0.00 seconds
[2019.08.28-11.44.41:816][  0]LogAssetRegistry: Asset discovery search completed in 7.1415 seconds
[2019.08.28-11.44.41:819][  0]LogCollectionManager: Rebuilt the object cache for 0 collections in 0.000000 seconds (found 0 objects)
[2019.08.28-11.44.41:819][  0]LogCollectionManager: Fixed up redirectors for 0 collections in 0.000085 seconds (updated 0 objects)
[2019.08.28-11.44.41:823][  0]LogContentStreaming: Texture pool size now 1000 MB
[2019.08.28-12.09.41:930][432]LogSlate: FSceneViewport::OnFocusLost() reason 0
[2019.08.28-12.09.56:269][  9]LogSlate: Window 'New Level' being destroyed
[2019.08.28-12.09.56:278][  9]Cmd: MAP LOAD FILE="../../../Engine/Content/Maps/Templates/Template_Default.umap" TEMPLATE=1 SHOWPROGRESS=1 FEATURELEVEL=3
[2019.08.28-12.09.56:280][  9]LogSlate: Took 0.000139 seconds to synchronously load lazily loaded font '../../../Engine/Content/Slate/Fonts/Roboto-Light.ttf' (167K)
[2019.08.28-12.09.56:287][  9]LightingResults: New page: Lighting Build
[2019.08.28-12.09.56:288][  9]LoadErrors: New page: Loading map: Template_Default.umap
[2019.08.28-12.09.56:290][  9]MapCheck: New page: Map Check
[2019.08.28-12.09.56:290][  9]LightingResults: New page: Lighting Build
[2019.08.28-12.09.56:314][  9]LogUObjectHash: Compacting FUObjectHashTables data took   1.77ms
[2019.08.28-12.09.56:337][  9]LogAIModule: Creating AISystem for world Untitled_1
[2019.08.28-12.09.56:347][  9]LogEditorServer: Finished looking for orphan Actors (0.000 secs)
[2019.08.28-12.09.56:369][  9]LogUObjectHash: Compacting FUObjectHashTables data took   1.39ms
[2019.08.28-12.09.56:374][  9]Cmd: MAP CHECKDEP NOCLEARLOG
[2019.08.28-12.09.56:374][  9]MapCheck: Map check complete: 0 Error(s), 0 Warning(s), took 0.184ms to complete.
[2019.08.28-12.09.56:374][  9]LogFileHelpers: Loading map 'Template_Default' took 0.098
[2019.08.28-12.10.02:666][748]LogSlate: Took 0.000116 seconds to synchronously load lazily loaded font '../../../Engine/Content/Slate/Fonts/Roboto-Light.ttf' (167K)
[2019.08.28-12.10.53:478][748]LogSlate: Window 'Save Level As' being destroyed
[2019.08.28-12.10.53:529][748]LogUObjectHash: Compacting FUObjectHashTables data took   1.65ms
[2019.08.28-12.10.53:531][748]Cmd: OBJ SAVEPACKAGE PACKAGE="/Game/Maps/Level1" FILE="../../../../../../Users/janessa.aulen/Documents/ueCppPractice/BatteryCollector/Content/Maps/Level1.umap" SILENT=true AUTOSAVING=false KEEPDIRTY=false
[2019.08.28-12.10.53:553][748]LogUObjectHash: Compacting FUObjectHashTables data took   0.90ms
[2019.08.28-12.10.53:683][748]LogSavePackage: Moving '../../../../../../Users/janessa.aulen/Documents/ueCppPractice/BatteryCollector/Saved/Level10CB4D83A435A937B91B195BB04D494DC.tmp' to '../../../../../../Users/janessa.aulen/Documents/ueCppPractice/BatteryCollector/Content/Maps/Level1.umap'
[2019.08.28-12.10.53:712][748]Cmd: OBJ SAVEPACKAGE PACKAGE="/Game/Maps/Level1_BuiltData" FILE="../../../../../../Users/janessa.aulen/Documents/ueCppPractice/BatteryCollector/Content/Maps/Level1_BuiltData.uasset" SILENT=true
[2019.08.28-12.10.53:727][748]LogSavePackage: Moving '../../../../../../Users/janessa.aulen/Documents/ueCppPractice/BatteryCollector/Saved/Level1_BuiltDataD71853D14F88AB1C108805BA26DC41CB.tmp' to '../../../../../../Users/janessa.aulen/Documents/ueCppPractice/BatteryCollector/Content/Maps/Level1_BuiltData.uasset'
[2019.08.28-12.10.53:735][748]LogFileHelpers: Saving map 'Level1' took 0.250
[2019.08.28-12.10.57:231][151]Cmd: OBJ SAVEPACKAGE PACKAGE="/Game/Maps/Level1" FILE="../../../../../../Users/janessa.aulen/Documents/ueCppPractice/BatteryCollector/Content/Maps/Level1.umap" SILENT=true AUTOSAVING=false KEEPDIRTY=false
[2019.08.28-12.10.57:253][151]LogUObjectHash: Compacting FUObjectHashTables data took   2.09ms
[2019.08.28-12.10.57:350][151]LogSavePackage: Moving '../../../../../../Users/janessa.aulen/Documents/ueCppPractice/BatteryCollector/Saved/Level1C903059940EA9766942B9CB1FAE31601.tmp' to '../../../../../../Users/janessa.aulen/Documents/ueCppPractice/BatteryCollector/Content/Maps/Level1.umap'
[2019.08.28-12.10.57:373][151]Cmd: OBJ SAVEPACKAGE PACKAGE="/Game/Maps/Level1_BuiltData" FILE="../../../../../../Users/janessa.aulen/Documents/ueCppPractice/BatteryCollector/Content/Maps/Level1_BuiltData.uasset" SILENT=true
[2019.08.28-12.10.57:390][151]LogSavePackage: Moving '../../../../../../Users/janessa.aulen/Documents/ueCppPractice/BatteryCollector/Saved/Level1_BuiltData747F178C4D34A7519EC66C8259AE570C.tmp' to '../../../../../../Users/janessa.aulen/Documents/ueCppPractice/BatteryCollector/Content/Maps/Level1_BuiltData.uasset'
[2019.08.28-12.11.31:376][762]LogSlate: Only BGRA pngs, bmps or icos are supported in by External Image Picker
[2019.08.28-12.11.41:284][908]LogUnrealEdMisc: Warning: Heartbeat event firing too frequently (47.540 sec). This should never happen. Something is wrong with the timer delegate!
[2019.08.28-12.11.43:812][210]LogSlate: Window 'Project Settings' being destroyed
[2019.08.28-12.11.43:817][210]LogSlate: Window 'Project Settings' being destroyed
[2019.08.28-12.11.45:136][365]Cmd: OBJ SAVEPACKAGE PACKAGE="/Game/Maps/Level1" FILE="../../../../../../Users/janessa.aulen/Documents/ueCppPractice/BatteryCollector/Content/Maps/Level1.umap" SILENT=true AUTOSAVING=false KEEPDIRTY=false
[2019.08.28-12.11.45:160][365]LogUObjectHash: Compacting FUObjectHashTables data took   1.99ms
[2019.08.28-12.11.45:249][365]LogSavePackage: Moving '../../../../../../Users/janessa.aulen/Documents/ueCppPractice/BatteryCollector/Saved/Level11ABD60394495AFED41C7DBAD36C609BF.tmp' to '../../../../../../Users/janessa.aulen/Documents/ueCppPractice/BatteryCollector/Content/Maps/Level1.umap'
[2019.08.28-12.11.45:275][365]Cmd: OBJ SAVEPACKAGE PACKAGE="/Game/Maps/Level1_BuiltData" FILE="../../../../../../Users/janessa.aulen/Documents/ueCppPractice/BatteryCollector/Content/Maps/Level1_BuiltData.uasset" SILENT=true
[2019.08.28-12.11.45:287][365]LogSavePackage: Moving '../../../../../../Users/janessa.aulen/Documents/ueCppPractice/BatteryCollector/Saved/Level1_BuiltDataFE23854F4D87BAC15C089FB197D63DD9.tmp' to '../../../../../../Users/janessa.aulen/Documents/ueCppPractice/BatteryCollector/Content/Maps/Level1_BuiltData.uasset'
[2019.08.28-12.11.51:382][ 91]MapCheck: New page: Map Check
[2019.08.28-12.11.51:397][ 91]LightingResults: New page: Lighting Build - Aug 28, 2019, 6:11:51 PM
[2019.08.28-12.11.51:468][ 91]LogSwarmInterface: [OpenConnection] Registering TCP channel ...
[2019.08.28-12.11.51:558][ 91]LogSwarmInterface: [OpenConnection] Connecting to agent ...
[2019.08.28-12.11.51:583][ 91]LogSwarmInterface: [TryOpenConnection] Testing the Agent
[2019.08.28-12.11.52:131][ 91]LogSwarmInterface: [TryOpenConnection] Opening Connection to Agent
[2019.08.28-12.11.52:131][ 91]LogSwarmInterface: [TryOpenConnection] Local Process ID is 8736
[2019.08.28-12.11.58:745][ 91]LogStaticLightingSystem: Warning: No importance volume found, so the scene bounding box was used.  You can optimize your scene's quality and lighting build times by adding importance volumes.
[2019.08.28-12.11.58:746][ 91]LogStaticLightingSystem: Running Lightmass w/ ImmediateImport mode ENABLED
[2019.08.28-12.11.58:746][ 91]LogStaticLightingSystem: Running Lightmass w/ ImmediateProcess mode ENABLED
[2019.08.28-12.11.58:746][ 91]LogStaticLightingSystem: Running Lightmass w/ Sorting mode ENABLED
[2019.08.28-12.11.58:746][ 91]LogStaticLightingSystem: Running Lightmass w/ Mapping paddings ENABLED
[2019.08.28-12.11.58:746][ 91]LogStaticLightingSystem: Running Lightmass w/ Mapping debug paddings DISABLED
[2019.08.28-12.11.58:942][ 91]LogEditorBuildUtils: Build time 0:07
[2019.08.28-12.11.58:957][ 91]LogMaterial: Display: Missing cached shader map for material FLightmassMaterialRenderer DefaultMaterial, compiling. 
[2019.08.28-12.11.58:970][ 91]LogMaterial: Display: Missing cached shader map for material FLightmassMaterialRenderer DefaultMaterial, compiling. 
[2019.08.28-12.11.58:998][ 92]LogMaterial: Display: Missing cached shader map for material FLightmassMaterialRenderer MaterialInstanceDynamic_0, compiling. 
[2019.08.28-12.11.59:007][ 92]LogMaterial: Display: Missing cached shader map for material FLightmassMaterialRenderer MaterialInstanceDynamic_0, compiling. 
[2019.08.28-12.11.59:034][ 93]LogMaterial: Display: Missing cached shader map for material FLightmassMaterialRenderer WorldGridMaterial, compiling. Is special engine material.
[2019.08.28-12.11.59:045][ 93]LogMaterial: Display: Missing cached shader map for material FLightmassMaterialRenderer WorldGridMaterial, compiling. Is special engine material.
[2019.08.28-12.12.00:607][ 99]LogUObjectHash: Compacting FUObjectHashTables data took   1.40ms
[2019.08.28-12.12.02:403][103]Job is a success!
[2019.08.28-12.12.02:773][104]LogVolumetricLightmapImport: Imported Volumetric Lightmap in 0.007s
[2019.08.28-12.12.02:773][104]LogVolumetricLightmapImport:      Indirection Texture 16x16x16 = 0.0Mb
[2019.08.28-12.12.02:773][104]LogVolumetricLightmapImport:      BrickData 30x5x5 = 0.0Mb
[2019.08.28-12.12.02:773][104]LogVolumetricLightmapImport:      Bricks at Level
[2019.08.28-12.12.02:773][104]LogVolumetricLightmapImport:          0: 16.7% covering 100.0% of volume
[2019.08.28-12.12.02:773][104]LogVolumetricLightmapImport:          1: 16.7% covering 1.6% of volume
[2019.08.28-12.12.02:773][104]LogVolumetricLightmapImport:          2: 66.7% covering 0.1% of volume
[2019.08.28-12.12.02:812][104]LogTexture: Display: Building textures: HQ_Lightmap0_1 (AutoDXT, 256X256)
[2019.08.28-12.12.02:812][104]LogTexture: Display: Building textures: LQ_Lightmap_0_1 (DXT1, 256X256)
[2019.08.28-12.12.02:812][104]LogTexture: Display: Building textures: LQ_Lightmap_0_2 (DXT1, 64X64)
[2019.08.28-12.12.02:812][104]LogTexture: Display: Building textures: HQ_Lightmap0_2 (AutoDXT, 64X64)
[2019.08.28-12.12.02:812][104]LogTexture: Display: Building textures: ShadowMapTexture2D_1 (G8, 32X32)
[2019.08.28-12.12.02:812][104]LogTexture: Display: Building textures: ShadowMapTexture2D_0 (G8, 128X128)
[2019.08.28-12.12.02:867][104]Lightmass on C3008-23: 1.31 sec total, 117 ms importing, 17 ms setup, 391 ms photons, 726 ms processing, 0 ms extra exporting [2/2 mappings]. Threads: 4.92 sec total, 123 ms processing.
[2019.08.28-12.12.02:871][104]LogStaticLightingSystem: Level1_BuiltData storing lightmap data for 2 meshes in 2 LightmapResourceClusters (1.0 Meshes per cluster).
[2019.08.28-12.12.02:894][104]LogUObjectHash: Compacting FUObjectHashTables data took   1.88ms
[2019.08.28-12.12.02:903][104]LogStaticLightingSystem: Illumination: 11.1 sec (19 ms encoding lightmaps, 6 ms encoding shadowmaps)
[2019.08.28-12.12.02:903][104]LogStaticLightingSystem: Lightmap texture memory:  0.1 MB (0.1 MB streaming, 0.0 MB non-streaming), 4 textures
[2019.08.28-12.12.02:903][104]LogStaticLightingSystem: Shadowmap texture memory: 0.0 MB (0.0 MB streaming, 0.0 MB non-streaming), 2 textures
[2019.08.28-12.12.03:750][104]DumpUnbuiltLightIteractions
[2019.08.28-12.12.03:750][104]Lights with unbuilt interactions: 0
[2019.08.28-12.12.03:750][104]
[2019.08.28-12.12.03:750][104]Primitives with unbuilt interactions: 0
[2019.08.28-12.12.03:803][105]Cmd: MAP CHECK NOTIFYRESULTS
[2019.08.28-12.12.03:803][105]MapCheck: New page: Level1 - Aug 28, 2019, 6:12:03 PM
[2019.08.28-12.12.03:807][105]MapCheck: Map check complete: 0 Error(s), 0 Warning(s), took 3.465ms to complete.
[2019.08.28-12.13.18:723][635]Cmd: DELETE
[2019.08.28-12.13.18:723][635]Cmd: ACTOR DELETE
[2019.08.28-12.13.18:730][635]LogEditorActor: Deleted Actor: StaticMeshActor
[2019.08.28-12.13.18:754][635]LogUObjectHash: Compacting FUObjectHashTables data took   1.50ms
[2019.08.28-12.13.18:755][635]LogEditorActor: Deleted 1 Actors (0.026 secs)
[2019.08.28-12.13.20:554][849]Cmd: OBJ SAVEPACKAGE PACKAGE="/Game/Maps/Level1" FILE="../../../../../../Users/janessa.aulen/Documents/ueCppPractice/BatteryCollector/Content/Maps/Level1.umap" SILENT=true AUTOSAVING=false KEEPDIRTY=false
[2019.08.28-12.13.20:574][849]LogUObjectHash: Compacting FUObjectHashTables data took   0.67ms
[2019.08.28-12.13.20:661][849]LogSavePackage: Moving '../../../../../../Users/janessa.aulen/Documents/ueCppPractice/BatteryCollector/Saved/Level1260E582D4334393C10725C84F5A8FA2F.tmp' to '../../../../../../Users/janessa.aulen/Documents/ueCppPractice/BatteryCollector/Content/Maps/Level1.umap'
[2019.08.28-12.13.20:686][849]Cmd: OBJ SAVEPACKAGE PACKAGE="/Game/Maps/Level1_BuiltData" FILE="../../../../../../Users/janessa.aulen/Documents/ueCppPractice/BatteryCollector/Content/Maps/Level1_BuiltData.uasset" SILENT=true
[2019.08.28-12.13.20:699][849]LogSavePackage: Moving '../../../../../../Users/janessa.aulen/Documents/ueCppPractice/BatteryCollector/Saved/Level1_BuiltDataF1DC0CE64BB3846841F58DA143932EF8.tmp' to '../../../../../../Users/janessa.aulen/Documents/ueCppPractice/BatteryCollector/Content/Maps/Level1_BuiltData.uasset'
[2019.08.28-12.14.18:688][ 86]LogStaticMesh: Building static mesh SM_DemoRoomBackWall2...
[2019.08.28-12.14.18:701][ 86]LogStaticMesh: Built static mesh [0.01s] /Game/DemoRoom/Meshes/SM_DemoRoomBackWall2.SM_DemoRoomBackWall2
[2019.08.28-12.14.18:709][ 86]LogStaticMesh: Building static mesh SM_DemoRoomBackWall...
[2019.08.28-12.14.18:714][ 86]LogStaticMesh: Built static mesh [0.01s] /Game/DemoRoom/Meshes/SM_DemoRoomBackWall.SM_DemoRoomBackWall
[2019.08.28-12.14.18:721][ 86]LogMaterial: Display: Missing cached shader map for material M_DemoWall, compiling. 
[2019.08.28-12.14.19:003][ 86]LogTexture: Display: Building textures: T_UnrealEngineDecal (DXT1, 2048X2048)
[2019.08.28-12.14.19:003][ 86]LogTexture: Display: Building textures: T_RoomTiles_M (DXT1, 2048X2048)
[2019.08.28-12.14.19:003][ 86]LogTexture: Display: Building textures: T_RoomTiles_N (BC5, 2048X2048)
[2019.08.28-12.14.19:003][ 86]LogTexture: Display: Building textures: T_Pattern_M (AutoDXT, 2048X2048)
[2019.08.28-12.14.19:003][ 86]LogStaticMesh: Building static mesh SM_DemoRoomClamp...
[2019.08.28-12.14.19:102][ 86]LogStaticMesh: Built static mesh [0.10s] /Game/DemoRoom/Meshes/SM_DemoRoomClamp.SM_DemoRoomClamp
[2019.08.28-12.14.19:261][ 86]LogMaterial: Display: Missing cached shader map for material M_DemoRoomTiles, compiling. 
[2019.08.28-12.14.19:400][ 86]LogStaticMesh: Building static mesh SM_DemoRoomTrim2...
[2019.08.28-12.14.19:485][ 86]LogStaticMesh: Built static mesh [0.08s] /Game/DemoRoom/Meshes/SM_DemoRoomTrim2.SM_DemoRoomTrim2
[2019.08.28-12.14.19:573][ 86]LogStaticMesh: Building static mesh SM_DemoRoomTrimAdd...
[2019.08.28-12.14.19:627][ 86]LogStaticMesh: Built static mesh [0.05s] /Game/DemoRoom/Meshes/SM_DemoRoomTrimAdd.SM_DemoRoomTrimAdd
[2019.08.28-12.14.19:747][ 86]LogStaticMesh: Building static mesh SM_DemoRoomTrim...
[2019.08.28-12.14.19:831][ 86]LogStaticMesh: Built static mesh [0.09s] /Game/DemoRoom/Meshes/SM_DemoRoomTrim.SM_DemoRoomTrim
[2019.08.28-12.14.19:882][ 86]LogStaticMesh: Building static mesh SM_DemoRoomU2...
[2019.08.28-12.14.19:902][ 86]LogStaticMesh: Built static mesh [0.02s] /Game/DemoRoom/Meshes/SM_DemoRoomU2.SM_DemoRoomU2
[2019.08.28-12.14.19:928][ 86]LogStaticMesh: Building static mesh SM_DemoRoomU...
[2019.08.28-12.14.19:947][ 86]LogStaticMesh: Built static mesh [0.02s] /Game/DemoRoom/Meshes/SM_DemoRoomU.SM_DemoRoomU
[2019.08.28-12.14.19:954][ 86]LogStaticMesh: Building static mesh SM_DemoRoomLTrim...
[2019.08.28-12.14.19:960][ 86]LogStaticMesh: Built static mesh [0.01s] /Game/DemoRoom/Meshes/SM_DemoRoomLTrim.SM_DemoRoomLTrim
[2019.08.28-12.14.19:976][ 86]LogStaticMesh: Building static mesh SM_DemoRoomL...
[2019.08.28-12.14.19:988][ 86]LogStaticMesh: Built static mesh [0.01s] /Game/DemoRoom/Meshes/SM_DemoRoomL.SM_DemoRoomL
[2019.08.28-12.14.19:996][ 86]LogMaterial: Display: Missing cached shader map for material M_LightTube, compiling. 
[2019.08.28-12.14.20:067][ 86]LogStaticMesh: Building static mesh SM_DemoRoomClamp2...
[2019.08.28-12.14.20:122][ 86]LogStaticMesh: Built static mesh [0.05s] /Game/DemoRoom/Meshes/SM_DemoRoomClamp2.SM_DemoRoomClamp2
[2019.08.28-12.14.20:141][ 86]LogStaticMesh: Building static mesh SM_URoom_Wall2...
[2019.08.28-12.14.20:146][ 86]LogStaticMesh: Built static mesh [0.01s] /Game/DemoRoom/Meshes/SM_URoom_Wall2.SM_URoom_Wall2
[2019.08.28-12.14.20:176][ 86]LogStaticMesh: Building static mesh SM_DemoRoomU_Hole...
[2019.08.28-12.14.20:201][ 86]LogStaticMesh: Built static mesh [0.02s] /Game/DemoRoom/Meshes/SM_DemoRoomU_Hole.SM_DemoRoomU_Hole
[2019.08.28-12.14.20:210][ 86]LogStaticMesh: Building static mesh SM_URoom_Wall...
[2019.08.28-12.14.20:215][ 86]LogStaticMesh: Built static mesh [0.00s] /Game/DemoRoom/Meshes/SM_URoom_Wall.SM_URoom_Wall
[2019.08.28-12.14.20:221][ 86]LogMaterial: Display: Missing cached shader map for material DefaultTextMaterialTranslucentUnlit, compiling. 
[2019.08.28-12.14.20:311][ 86]LogStaticMesh: Building static mesh SM_DemoDivider_1...
[2019.08.28-12.14.20:337][ 86]LogStaticMesh: Built static mesh [0.03s] /Game/DemoRoom/Meshes/SM_DemoDivider_1.SM_DemoDivider_1
[2019.08.28-12.14.20:371][ 86]LogStaticMesh: Building static mesh SM_DemoDivider_2...
[2019.08.28-12.14.20:395][ 86]LogStaticMesh: Built static mesh [0.02s] /Game/DemoRoom/Meshes/SM_DemoDivider_2.SM_DemoDivider_2
[2019.08.28-12.14.20:407][ 86]LogMaterial: Display: Missing cached shader map for material M_DemoWallPattern, compiling. 
[2019.08.28-12.14.20:429][ 86]LogMaterial: Display: Missing cached shader map for material M_DemoWallPattern, compiling. 
[2019.08.28-12.14.20:454][ 86]LogMaterial: Display: Missing cached shader map for material M_Glass, compiling. 
[2019.08.28-12.14.20:491][ 86]LogMaterial: Display: Missing cached shader map for material M_DemoWallPattern, compiling. 
[2019.08.28-12.14.20:513][ 86]LogMaterial: Display: Missing cached shader map for material M_Glass, compiling. 
[2019.08.28-12.14.26:129][643]LogSlate: FSceneViewport::OnFocusLost() reason 0
[2019.08.28-12.14.56:545][991]LogSlate: FSceneViewport::OnFocusLost() reason 2
[2019.08.28-12.15.02:388][510]Cmd: OBJ SAVEPACKAGE PACKAGE="/Game/Maps/Level1" FILE="../../../../../../Users/janessa.aulen/Documents/ueCppPractice/BatteryCollector/Content/Maps/Level1.umap" SILENT=true AUTOSAVING=false KEEPDIRTY=false
[2019.08.28-12.15.02:415][510]LogUObjectHash: Compacting FUObjectHashTables data took   1.84ms
[2019.08.28-12.15.02:513][510]LogSavePackage: Moving '../../../../../../Users/janessa.aulen/Documents/ueCppPractice/BatteryCollector/Saved/Level16A6765514CC0AA66959818819D18BD7C.tmp' to '../../../../../../Users/janessa.aulen/Documents/ueCppPractice/BatteryCollector/Content/Maps/Level1.umap'
[2019.08.28-12.15.02:539][510]Cmd: OBJ SAVEPACKAGE PACKAGE="/Game/Maps/Level1_BuiltData" FILE="../../../../../../Users/janessa.aulen/Documents/ueCppPractice/BatteryCollector/Content/Maps/Level1_BuiltData.uasset" SILENT=true
[2019.08.28-12.15.02:553][510]LogSavePackage: Moving '../../../../../../Users/janessa.aulen/Documents/ueCppPractice/BatteryCollector/Saved/Level1_BuiltData4B23849D44F0F036C39F9AB6D0070D01.tmp' to '../../../../../../Users/janessa.aulen/Documents/ueCppPractice/BatteryCollector/Content/Maps/Level1_BuiltData.uasset'
[2019.08.28-12.15.48:226][160]LogSlate: FSceneViewport::OnFocusLost() reason 2
[2019.08.28-12.16.44:740][702]LogNavigationPoint: PostEditMove Clear paths rebuilt
[2019.08.28-12.16.44:910][716]LogSlate: Took 0.005806 seconds to synchronously load lazily loaded font '../../../Engine/Content/Slate/Fonts/Roboto-Italic.ttf' (157K)
[2019.08.28-12.16.45:689][798]LogSlate: FSceneViewport::OnFocusLost() reason 0
[2019.08.28-12.17.00:551][367]LogNavigationPoint: PostEditMove Clear paths rebuilt
[2019.08.28-12.17.02:628][595]LogNavigationPoint: PostEditMove Clear paths rebuilt
[2019.08.28-12.17.05:183][862]LogSlate: FSceneViewport::OnFocusLost() reason 2
[2019.08.28-12.17.05:191][862]Cmd: OBJ SAVEPACKAGE PACKAGE="/Game/Maps/Level1" FILE="../../../../../../Users/janessa.aulen/Documents/ueCppPractice/BatteryCollector/Content/Maps/Level1.umap" SILENT=true AUTOSAVING=false KEEPDIRTY=false
[2019.08.28-12.17.05:216][862]LogUObjectHash: Compacting FUObjectHashTables data took   1.62ms
[2019.08.28-12.17.05:322][862]LogSavePackage: Moving '../../../../../../Users/janessa.aulen/Documents/ueCppPractice/BatteryCollector/Saved/Level1B23723404D2D090D86F37DB9D0125CC8.tmp' to '../../../../../../Users/janessa.aulen/Documents/ueCppPractice/BatteryCollector/Content/Maps/Level1.umap'
[2019.08.28-12.17.05:347][862]Cmd: OBJ SAVEPACKAGE PACKAGE="/Game/Maps/Level1_BuiltData" FILE="../../../../../../Users/janessa.aulen/Documents/ueCppPractice/BatteryCollector/Content/Maps/Level1_BuiltData.uasset" SILENT=true
[2019.08.28-12.17.05:365][862]LogSavePackage: Moving '../../../../../../Users/janessa.aulen/Documents/ueCppPractice/BatteryCollector/Saved/Level1_BuiltData615F2A054EC2BBCF8E9660B85B6C2C51.tmp' to '../../../../../../Users/janessa.aulen/Documents/ueCppPractice/BatteryCollector/Content/Maps/Level1_BuiltData.uasset'
[2019.08.28-12.17.45:610][368]MapCheck: New page: Map Check
[2019.08.28-12.17.45:618][368]LightingResults: New page: Lighting Build - Aug 28, 2019, 6:17:45 PM
[2019.08.28-12.17.45:625][368]LogSwarmInterface: [OpenConnection] Registering TCP channel ...
[2019.08.28-12.17.45:627][368]LogSwarmInterface: [OpenConnection] Connecting to agent ...
[2019.08.28-12.17.45:627][368]LogSwarmInterface: [TryOpenConnection] Testing the Agent
[2019.08.28-12.17.45:627][368]LogSwarmInterface: [TryOpenConnection] Opening Connection to Agent
[2019.08.28-12.17.45:627][368]LogSwarmInterface: [TryOpenConnection] Local Process ID is 8736
[2019.08.28-12.17.50:166][368]LogStaticLightingSystem: Warning: No importance volume found, so the scene bounding box was used.  You can optimize your scene's quality and lighting build times by adding importance volumes.
[2019.08.28-12.17.50:167][368]LogStaticLightingSystem: Running Lightmass w/ ImmediateImport mode ENABLED
[2019.08.28-12.17.50:167][368]LogStaticLightingSystem: Running Lightmass w/ ImmediateProcess mode ENABLED
[2019.08.28-12.17.50:167][368]LogStaticLightingSystem: Running Lightmass w/ Sorting mode ENABLED
[2019.08.28-12.17.50:167][368]LogStaticLightingSystem: Running Lightmass w/ Mapping paddings ENABLED
[2019.08.28-12.17.50:167][368]LogStaticLightingSystem: Running Lightmass w/ Mapping debug paddings DISABLED
[2019.08.28-12.17.50:339][368]LogEditorBuildUtils: Build time 0:04
[2019.08.28-12.17.50:348][368]LogMaterial: Display: Missing cached shader map for material FLightmassMaterialRenderer M_Glass_Inst, compiling. 
[2019.08.28-12.17.50:355][368]LogMaterial: Display: Missing cached shader map for material FLightmassMaterialRenderer M_Glass_Inst, compiling. 
[2019.08.28-12.17.50:371][369]LogMaterial: Display: Missing cached shader map for material FLightmassMaterialRenderer M_Glass, compiling. 
[2019.08.28-12.17.50:381][369]LogMaterial: Display: Missing cached shader map for material FLightmassMaterialRenderer M_Glass, compiling. 
[2019.08.28-12.17.50:410][370]LogMaterial: Display: Missing cached shader map for material FLightmassMaterialRenderer M_LightTube_Inst, compiling. 
[2019.08.28-12.17.50:421][370]LogMaterial: Display: Missing cached shader map for material FLightmassMaterialRenderer M_LightTube_Inst, compiling. 
[2019.08.28-12.17.50:440][371]LogMaterial: Display: Missing cached shader map for material FLightmassMaterialRenderer M_DemoWall_Inst, compiling. 
[2019.08.28-12.17.50:452][371]LogMaterial: Display: Missing cached shader map for material FLightmassMaterialRenderer M_DemoWall_Inst, compiling. 
[2019.08.28-12.17.50:494][373]LogMaterial: Display: Missing cached shader map for material FLightmassMaterialRenderer MaterialInstanceDynamic_0, compiling. 
[2019.08.28-12.17.50:504][373]LogMaterial: Display: Missing cached shader map for material FLightmassMaterialRenderer MaterialInstanceDynamic_0, compiling. 
[2019.08.28-12.17.52:895][378]LogShaderCompilers: Display: Shaders left to compile 10
[2019.08.28-12.17.53:384][403]LogUObjectHash: Compacting FUObjectHashTables data took   1.46ms
[2019.08.28-12.18.00:915][ 69]Job is a success!
[2019.08.28-12.18.00:960][ 70]LogVolumetricLightmapImport: Imported Volumetric Lightmap in 0.013s
[2019.08.28-12.18.00:960][ 70]LogVolumetricLightmapImport:      Indirection Texture 16x16x16 = 0.0Mb
[2019.08.28-12.18.00:960][ 70]LogVolumetricLightmapImport:      BrickData 505x5x5 = 0.4Mb
[2019.08.28-12.18.00:960][ 70]LogVolumetricLightmapImport:      Bricks at Level
[2019.08.28-12.18.00:960][ 70]LogVolumetricLightmapImport:          0: 1.0% covering 100.0% of volume
[2019.08.28-12.18.00:960][ 70]LogVolumetricLightmapImport:          1: 4.0% covering 6.3% of volume
[2019.08.28-12.18.00:961][ 70]LogVolumetricLightmapImport:          2: 95.0% covering 2.3% of volume
[2019.08.28-12.18.02:050][ 70]LogTexture: Display: Building textures: HQ_Lightmap1_1 (AutoDXT, 1024X1024)
[2019.08.28-12.18.02:050][ 70]LogTexture: Display: Building textures: LQ_Lightmap_1_1 (DXT1, 1024X1024)
[2019.08.28-12.18.02:050][ 70]LogTexture: Display: Building textures: HQ_Lightmap1_2 (AutoDXT, 1024X1024)
[2019.08.28-12.18.02:050][ 70]LogTexture: Display: Building textures: LQ_Lightmap_1_2 (DXT1, 1024X1024)
[2019.08.28-12.18.02:050][ 70]LogTexture: Display: Building textures: HQ_Lightmap0_3 (AutoDXT, 128X128)
[2019.08.28-12.18.02:050][ 70]LogTexture: Display: Building textures: LQ_Lightmap_0_3 (DXT1, 128X128)
[2019.08.28-12.18.02:050][ 70]LogTexture: Display: Building textures: HQ_Lightmap0_4 (AutoDXT, 64X64)
[2019.08.28-12.18.02:050][ 70]LogTexture: Display: Building textures: LQ_Lightmap_0_4 (DXT1, 64X64)
[2019.08.28-12.18.02:245][ 70]LogTexture: Display: Building textures: ShadowMapTexture2D_3 (G8, 128X32)
[2019.08.28-12.18.02:245][ 70]LogTexture: Display: Building textures: ShadowMapTexture2D_4 (G8, 32X32)
[2019.08.28-12.18.02:245][ 70]LogTexture: Display: Building textures: ShadowMapTexture2D_2 (G8, 1024X1024)
[2019.08.28-12.18.02:252][ 70]LogStaticLightingSystem: Level1_BuiltData storing lightmap data for 21 meshes in 4 LightmapResourceClusters (5.3 Meshes per cluster).
[2019.08.28-12.18.02:275][ 70]Lightmass on C3008-23: 8.43 sec total, 167 ms importing, 56 ms setup, 1.42 sec photons, 6.74 sec processing, 0 ms extra exporting [21/21 mappings]. Threads: 47.0 sec total, 27.7 sec processing.
[2019.08.28-12.18.02:277][ 70]LogUObjectHash: Compacting FUObjectHashTables data took   1.38ms
[2019.08.28-12.18.02:282][ 70]LogStaticLightingSystem: Illumination: 16.6 sec (994 ms encoding lightmaps, 191 ms encoding shadowmaps)
[2019.08.28-12.18.02:282][ 70]LogStaticLightingSystem: Lightmap texture memory:  4.0 MB (4.0 MB streaming, 0.0 MB non-streaming), 8 textures
[2019.08.28-12.18.02:282][ 70]LogStaticLightingSystem: Shadowmap texture memory: 1.3 MB (1.3 MB streaming, 0.0 MB non-streaming), 3 textures
[2019.08.28-12.18.03:178][ 70]DumpUnbuiltLightIteractions
[2019.08.28-12.18.03:178][ 70]Lights with unbuilt interactions: 0
[2019.08.28-12.18.03:178][ 70]
[2019.08.28-12.18.03:178][ 70]Primitives with unbuilt interactions: 0
[2019.08.28-12.18.03:232][ 71]Cmd: MAP CHECK NOTIFYRESULTS
[2019.08.28-12.18.03:232][ 71]MapCheck: New page: Level1 - Aug 28, 2019, 6:18:03 PM
[2019.08.28-12.18.03:232][ 71]MapCheck: Map check complete: 0 Error(s), 0 Warning(s), took 0.237ms to complete.
[2019.08.28-12.18.06:046][374]LogSavePackage: Moving '../../../../../../Users/janessa.aulen/Documents/ueCppPractice/BatteryCollector/Saved/BP_DemoRoom6ACE79614D8FA1B59AA8519099347CA7.tmp' to '../../../../../../Users/janessa.aulen/Documents/ueCppPractice/BatteryCollector/Content/DemoRoom/BluePrint/BP_DemoRoom.uasset'
[2019.08.28-12.18.14:756][388]LogSavePackage: Moving '../../../../../../Users/janessa.aulen/Documents/ueCppPractice/BatteryCollector/Saved/BP_DemoRoom267D068A4C80937012A4D193F4845BDE.tmp' to '../../../../../../Users/janessa.aulen/Documents/ueCppPractice/BatteryCollector/Content/DemoRoom/BluePrint/BP_DemoRoom.uasset'
