Log file open, 11/26/19 15:29:17
LogWindows: Failed to load 'aqProf.dll' (GetLastError=126)
LogWindows: File 'aqProf.dll' does not exist
LogWindows: Failed to load 'VtuneApi.dll' (GetLastError=126)
LogWindows: File 'VtuneApi.dll' does not exist
LogWindows: Failed to load 'VtuneApi32e.dll' (GetLastError=126)
LogWindows: File 'VtuneApi32e.dll' does not exist
LogConsoleResponse: Display: Failed to find resolution value strings in scalability ini. Falling back to default.
LogInit: Display: Running engine for game: BatteryCollector
LogPakFile: Registered encryption key '00000000000000000000000000000000': 0 pak files mounted, 0 remain pending
LogPlatformFile: Not using cached read wrapper
LogTaskGraph: Started task graph with 5 named threads and 14 total threads with 3 sets of task threads.
LogStats: Stats thread started at 0.183950
LogD3D11RHI: Loaded GFSDK_Aftermath_Lib.x64.dll
LogICUInternationalization: ICU TimeZone Detection - Raw Offset: +2:00, Platform Override: ''
LogPluginManager: Mounting plugin Paper2D
LogPluginManager: Mounting plugin AISupport
LogPluginManager: Mounting plugin LightPropagationVolume
LogPluginManager: Mounting plugin ActorLayerUtilities
LogPluginManager: Mounting plugin AnimationSharing
LogPluginManager: Mounting plugin CLionSourceCodeAccess
LogPluginManager: Mounting plugin CodeLiteSourceCodeAccess
LogPluginManager: Mounting plugin GitSourceControl
LogPluginManager: Mounting plugin KDevelopSourceCodeAccess
LogPluginManager: Mounting plugin NullSourceCodeAccess
LogPluginManager: Mounting plugin PerforceSourceControl
LogPluginManager: Mounting plugin SubversionSourceControl
LogPluginManager: Mounting plugin UObjectPlugin
LogPluginManager: Mounting plugin VisualStudioCodeSourceCodeAccess
LogPluginManager: Mounting plugin VisualStudioSourceCodeAccess
LogPluginManager: Mounting plugin XCodeSourceCodeAccess
LogPluginManager: Mounting plugin AssetManagerEditor
LogPluginManager: Mounting plugin CryptoKeys
LogPluginManager: Mounting plugin DataValidation
LogPluginManager: Mounting plugin FacialAnimation
LogPluginManager: Mounting plugin GameplayTagsEditor
LogPluginManager: Mounting plugin MacGraphicsSwitching
LogPluginManager: Mounting plugin MaterialAnalyzer
LogPluginManager: Mounting plugin MobileLauncherProfileWizard
LogPluginManager: Mounting plugin PluginBrowser
LogPluginManager: Mounting plugin SpeedTreeImporter
LogPluginManager: Mounting plugin DatasmithContent
LogPluginManager: Mounting plugin VariantManagerContent
LogPluginManager: Mounting plugin AlembicImporter
LogPluginManager: Mounting plugin AppleImageUtils
LogPluginManager: Mounting plugin AppleVision
LogPluginManager: Mounting plugin BackChannel
LogPluginManager: Mounting plugin CharacterAI
LogPluginManager: Mounting plugin GeometryCache
LogPluginManager: Mounting plugin HTML5Networking
LogPluginManager: Mounting plugin ProxyLODPlugin
LogPluginManager: Mounting plugin SkeletalReduction
LogPluginManager: Mounting plugin MagicLeap
LogPluginManager: Mounting plugin MagicLeapMedia
LogPluginManager: Mounting plugin AndroidMedia
LogPluginManager: Mounting plugin AvfMedia
LogPluginManager: Mounting plugin ImgMedia
LogPluginManager: Mounting plugin LinearTimecode
LogPluginManager: Mounting plugin MediaCompositing
LogPluginManager: Mounting plugin MediaPlayerEditor
LogPluginManager: Mounting plugin WebMMedia
LogPluginManager: Mounting plugin WmfMedia
LogPluginManager: Mounting plugin TcpMessaging
LogPluginManager: Mounting plugin UdpMessaging
LogPluginManager: Mounting plugin ActorSequence
LogPluginManager: Mounting plugin LevelSequenceEditor
LogPluginManager: Mounting plugin MatineeToLevelSequence
LogPluginManager: Mounting plugin NetcodeUnitTest
LogPluginManager: Mounting plugin NUTUnrealEngine4
LogPluginManager: Mounting plugin OnlineSubsystemGooglePlay
LogPluginManager: Mounting plugin OnlineSubsystemIOS
LogPluginManager: Mounting plugin OnlineSubsystem
LogPluginManager: Mounting plugin OnlineSubsystemNull
LogPluginManager: Mounting plugin OnlineSubsystemUtils
LogPluginManager: Mounting plugin LauncherChunkInstaller
LogPluginManager: Mounting plugin AndroidDeviceProfileSelector
LogPluginManager: Mounting plugin AndroidMoviePlayer
LogPluginManager: Mounting plugin AndroidPermission
LogPluginManager: Mounting plugin AppleMoviePlayer
LogPluginManager: Mounting plugin ArchVisCharacter
LogPluginManager: Mounting plugin AudioCapture
LogPluginManager: Mounting plugin CableComponent
LogPluginManager: Mounting plugin CustomMeshComponent
LogPluginManager: Mounting plugin EditableMesh
LogPluginManager: Mounting plugin ExampleDeviceProfileSelector
LogPluginManager: Mounting plugin Firebase
LogPluginManager: Mounting plugin GoogleCloudMessaging
LogPluginManager: Mounting plugin IOSDeviceProfileSelector
LogPluginManager: Mounting plugin LinuxDeviceProfileSelector
LogPluginManager: Mounting plugin LocationServicesBPLibrary
LogPluginManager: Mounting plugin MobilePatchingUtils
LogPluginManager: Mounting plugin OculusVR
LogPluginManager: Mounting plugin PhysXVehicles
LogPluginManager: Mounting plugin ProceduralMeshComponent
LogPluginManager: Mounting plugin RuntimePhysXCooking
LogPluginManager: Mounting plugin SignificanceManager
LogPluginManager: Mounting plugin SteamVR
LogPluginManager: Mounting plugin WebMMoviePlayer
LogPluginManager: Mounting plugin WindowsMoviePlayer
LogInit: Using libcurl 7.55.1-DEV
LogInit:  - built for x86_64-pc-win32
LogInit:  - supports SSL with OpenSSL/1.1.1
LogInit:  - supports HTTP deflate (compression) using libz 1.2.8
LogInit:  - other features:
LogInit:      CURL_VERSION_SSL
LogInit:      CURL_VERSION_LIBZ
LogInit:      CURL_VERSION_IPV6
LogInit:      CURL_VERSION_ASYNCHDNS
LogInit:      CURL_VERSION_LARGEFILE
LogInit:      CURL_VERSION_IDN
LogInit:  CurlRequestOptions (configurable via config and command line):
LogInit:  - bVerifyPeer = true  - Libcurl will verify peer certificate
LogInit:  - bUseHttpProxy = false  - Libcurl will NOT use HTTP proxy
LogInit:  - bDontReuseConnections = false  - Libcurl will reuse connections
LogInit:  - MaxHostConnections = 16  - Libcurl will limit the number of connections to a host
LogInit:  - LocalHostAddr = Default
LogInit:  - BufferSize = 65536
LogInit: WinSock: version 1.1 (2.2), MaxSocks=32767, MaxUdp=65467
LogInit: Build: ++UE4+Release-4.22-CL-7053642
LogInit: Engine Version: 4.22.3-7053642+++UE4+Release-4.22
LogInit: Compatible Engine Version: 4.22.0-5660361+++UE4+Release-4.22
LogInit: Net CL: 5660361
LogInit: OS: Windows 10 (Release 1903) (), CPU: Intel(R) Core(TM) i5-7500 CPU @ 3.40GHz, GPU: NVIDIA GeForce GTX 1060 6GB
LogInit: Compiled (64-bit): Jun 18 2019 03:09:11
LogInit: Compiled with Visual C++: 19.16.27025.01
LogInit: Build Configuration: Development
LogInit: Branch Name: ++UE4+Release-4.22
LogInit: Command Line:  -EpicPortal -epicusername=GilbertMochi -epicuserid=c7720e0659c04a6ab9f9e7d8d1bc83d3 -epiclocale=en-US
LogInit: Base Directory: C:/Program Files/Epic Games/UE_4.22/Engine/Binaries/Win64/
LogInit: Installed Engine Build: 1
LogDevObjectVersion: Number of dev versions registered: 23
LogDevObjectVersion:   Dev-Blueprints (B0D832E4-1F89-4F0D-ACCF-7EB736FD4AA2): 10
LogDevObjectVersion:   Dev-Build (E1C64328-A22C-4D53-A36C-8E866417BD8C): 0
LogDevObjectVersion:   Dev-Core (375EC13C-06E4-48FB-B500-84F0262A717E): 3
LogDevObjectVersion:   Dev-Editor (E4B068ED-F494-42E9-A231-DA0B2E46BB41): 30
LogDevObjectVersion:   Dev-Framework (CFFC743F-43B0-4480-9391-14DF171D2073): 35
LogDevObjectVersion:   Dev-Mobile (B02B49B5-BB20-44E9-A304-32B752E40360): 2
LogDevObjectVersion:   Dev-Networking (A4E4105C-59A1-49B5-A7C5-40C4547EDFEE): 0
LogDevObjectVersion:   Dev-Online (39C831C9-5AE6-47DC-9A44-9C173E1C8E7C): 0
LogDevObjectVersion:   Dev-Physics (78F01B33-EBEA-4F98-B9B4-84EACCB95AA2): 0
LogDevObjectVersion:   Dev-Platform (6631380F-2D4D-43E0-8009-CF276956A95A): 0
LogDevObjectVersion:   Dev-Rendering (12F88B9F-8875-4AFC-A67C-D90C383ABD29): 28
LogDevObjectVersion:   Dev-Sequencer (7B5AE74C-D270-4C10-A958-57980B212A5A): 11
LogDevObjectVersion:   Dev-VR (D7296918-1DD6-4BDD-9DE2-64A83CC13884): 2
LogDevObjectVersion:   Dev-LoadTimes (C2A15278-BFE7-4AFE-6C17-90FF531DF755): 1
LogDevObjectVersion:   Private-Geometry (6EACA3D4-40EC-4CC1-B786-8BED09428FC5): 3
LogDevObjectVersion:   Dev-AnimPhys (29E575DD-E0A3-4627-9D10-D276232CDCEA): 17
LogDevObjectVersion:   Dev-Anim (AF43A65D-7FD3-4947-9873-3E8ED9C1BB05): 2
LogDevObjectVersion:   Dev-ReflectionCapture (6B266CEC-1EC7-4B8F-A30B-E4D90942FC07): 1
LogDevObjectVersion:   Dev-Automation (0DF73D61-A23F-47EA-B727-89E90C41499A): 1
LogDevObjectVersion:   FortniteMain (601D1886-AC64-4F84-AA16-D3DE0DEAC7D6): 25
LogDevObjectVersion:   Dev-Enterprise (9DFFBCD6-494F-0158-E221-12823C92A888): 6
LogDevObjectVersion:   Dev-Niagara (F2AED0AC-9AFE-416F-8664-AA7FFA26D6FC): 1
LogDevObjectVersion:   Dev-Destruction (174F1F0B-B4C6-45A5-B13F-2EE8D0FB917D): 2
LogInit: Presizing for max 16777216 objects, including 0 objects not considered by GC, pre-allocating 0 bytes for permanent pool.
LogInit: Object subsystem initialized
LogConfig: Setting CVar [[con.DebugEarlyDefault:1]]
LogConfig: Setting CVar [[r.setres:1280x720]]
[2019.11.26-13.29.17:878][  0]LogConfig: Setting CVar [[r.VSync:0]]
[2019.11.26-13.29.17:878][  0]LogConfig: Setting CVar [[r.RHICmdBypass:0]]
[2019.11.26-13.29.17:878][  0]LogConfig: Applying CVar settings from Section [/Script/Engine.RendererSettings] File [C:/Users/janessa.aulen/Documents/ueCppPractice/BatteryCollector/Saved/Config/Windows/Engine.ini]
[2019.11.26-13.29.17:878][  0]LogConfig: Setting CVar [[r.GPUCrashDebugging:0]]
[2019.11.26-13.29.17:878][  0]LogConfig: Applying CVar settings from Section [/Script/Engine.RendererOverrideSettings] File [C:/Users/janessa.aulen/Documents/ueCppPractice/BatteryCollector/Saved/Config/Windows/Engine.ini]
[2019.11.26-13.29.17:878][  0]LogConfig: Applying CVar settings from Section [/Script/Engine.StreamingSettings] File [C:/Users/janessa.aulen/Documents/ueCppPractice/BatteryCollector/Saved/Config/Windows/Engine.ini]
[2019.11.26-13.29.17:878][  0]LogConfig: Setting CVar [[s.MinBulkDataSizeForAsyncLoading:131072]]
[2019.11.26-13.29.17:878][  0]LogConfig: Setting CVar [[s.AsyncLoadingThreadEnabled:0]]
[2019.11.26-13.29.17:878][  0]LogConfig: Setting CVar [[s.EventDrivenLoaderEnabled:1]]
[2019.11.26-13.29.17:878][  0]LogConfig: Setting CVar [[s.WarnIfTimeLimitExceeded:0]]
[2019.11.26-13.29.17:878][  0]LogConfig: Setting CVar [[s.TimeLimitExceededMultiplier:1.5]]
[2019.11.26-13.29.17:878][  0]LogConfig: Setting CVar [[s.TimeLimitExceededMinTime:0.005]]
[2019.11.26-13.29.17:878][  0]LogConfig: Setting CVar [[s.UseBackgroundLevelStreaming:1]]
[2019.11.26-13.29.17:878][  0]LogConfig: Setting CVar [[s.PriorityAsyncLoadingExtraTime:15.0]]
[2019.11.26-13.29.17:878][  0]LogConfig: Setting CVar [[s.LevelStreamingActorsUpdateTimeLimit:5.0]]
[2019.11.26-13.29.17:878][  0]LogConfig: Setting CVar [[s.PriorityLevelStreamingActorsUpdateExtraTime:5.0]]
[2019.11.26-13.29.17:879][  0]LogConfig: Setting CVar [[s.LevelStreamingComponentsRegistrationGranularity:10]]
[2019.11.26-13.29.17:879][  0]LogConfig: Setting CVar [[s.UnregisterComponentsTimeLimit:1.0]]
[2019.11.26-13.29.17:879][  0]LogConfig: Setting CVar [[s.LevelStreamingComponentsUnregistrationGranularity:5]]
[2019.11.26-13.29.17:879][  0]LogConfig: Applying CVar settings from Section [/Script/Engine.GarbageCollectionSettings] File [C:/Users/janessa.aulen/Documents/ueCppPractice/BatteryCollector/Saved/Config/Windows/Engine.ini]
[2019.11.26-13.29.17:879][  0]LogConfig: Setting CVar [[gc.MaxObjectsNotConsideredByGC:1]]
[2019.11.26-13.29.17:879][  0]LogConfig: Setting CVar [[gc.SizeOfPermanentObjectPool:0]]
[2019.11.26-13.29.17:879][  0]LogConfig: Setting CVar [[gc.FlushStreamingOnGC:0]]
[2019.11.26-13.29.17:879][  0]LogConfig: Setting CVar [[gc.NumRetriesBeforeForcingGC:10]]
[2019.11.26-13.29.17:879][  0]LogConfig: Setting CVar [[gc.AllowParallelGC:1]]
[2019.11.26-13.29.17:879][  0]LogConfig: Setting CVar [[gc.TimeBetweenPurgingPendingKillObjects:61.1]]
[2019.11.26-13.29.17:879][  0]LogConfig: Setting CVar [[gc.MaxObjectsInEditor:16777216]]
[2019.11.26-13.29.17:879][  0]LogConfig: Setting CVar [[gc.IncrementalBeginDestroyEnabled:1]]
[2019.11.26-13.29.17:879][  0]LogConfig: Setting CVar [[gc.CreateGCClusters:1]]
[2019.11.26-13.29.17:879][  0]LogConfig: Setting CVar [[gc.MinGCClusterSize:5]]
[2019.11.26-13.29.17:879][  0]LogConfig: Setting CVar [[gc.ActorClusteringEnabled:0]]
[2019.11.26-13.29.17:879][  0]LogConfig: Setting CVar [[gc.BlueprintClusteringEnabled:0]]
[2019.11.26-13.29.17:879][  0]LogConfig: Setting CVar [[gc.UseDisregardForGCOnDedicatedServers:0]]
[2019.11.26-13.29.17:879][  0]LogConfig: Applying CVar settings from Section [/Script/Engine.NetworkSettings] File [C:/Users/janessa.aulen/Documents/ueCppPractice/BatteryCollector/Saved/Config/Windows/Engine.ini]
[2019.11.26-13.29.17:879][  0]LogConfig: Applying CVar settings from Section [/Script/UnrealEd.CookerSettings] File [C:/Users/janessa.aulen/Documents/ueCppPractice/BatteryCollector/Saved/Config/Windows/Engine.ini]
[2019.11.26-13.29.17:884][  0]LogConfig: Applying CVar settings from Section [ViewDistanceQuality@3] File [C:/Users/janessa.aulen/Documents/ueCppPractice/BatteryCollector/Saved/Config/Windows/Scalability.ini]
[2019.11.26-13.29.17:884][  0]LogConfig: Setting CVar [[r.SkeletalMeshLODBias:0]]
[2019.11.26-13.29.17:884][  0]LogConfig: Setting CVar [[r.ViewDistanceScale:1.0]]
[2019.11.26-13.29.17:884][  0]LogConfig: Applying CVar settings from Section [AntiAliasingQuality@3] File [C:/Users/janessa.aulen/Documents/ueCppPractice/BatteryCollector/Saved/Config/Windows/Scalability.ini]
[2019.11.26-13.29.17:884][  0]LogConfig: Setting CVar [[r.PostProcessAAQuality:4]]
[2019.11.26-13.29.17:884][  0]LogConfig: Applying CVar settings from Section [ShadowQuality@3] File [C:/Users/janessa.aulen/Documents/ueCppPractice/BatteryCollector/Saved/Config/Windows/Scalability.ini]
[2019.11.26-13.29.17:884][  0]LogConfig: Setting CVar [[r.LightFunctionQuality:1]]
[2019.11.26-13.29.17:884][  0]LogConfig: Setting CVar [[r.ShadowQuality:5]]
[2019.11.26-13.29.17:884][  0]LogConfig: Setting CVar [[r.Shadow.CSM.MaxCascades:10]]
[2019.11.26-13.29.17:884][  0]LogConfig: Setting CVar [[r.Shadow.MaxResolution:2048]]
[2019.11.26-13.29.17:884][  0]LogConfig: Setting CVar [[r.Shadow.MaxCSMResolution:2048]]
[2019.11.26-13.29.17:884][  0]LogConfig: Setting CVar [[r.Shadow.RadiusThreshold:0.01]]
[2019.11.26-13.29.17:884][  0]LogConfig: Setting CVar [[r.Shadow.DistanceScale:1.0]]
[2019.11.26-13.29.17:884][  0]LogConfig: Setting CVar [[r.Shadow.CSM.TransitionScale:1.0]]
[2019.11.26-13.29.17:884][  0]LogConfig: Setting CVar [[r.Shadow.PreShadowResolutionFactor:1.0]]
[2019.11.26-13.29.17:884][  0]LogConfig: Setting CVar [[r.DistanceFieldShadowing:1]]
[2019.11.26-13.29.17:884][  0]LogConfig: Setting CVar [[r.DistanceFieldAO:1]]
[2019.11.26-13.29.17:884][  0]LogConfig: Setting CVar [[r.AOQuality:2]]
[2019.11.26-13.29.17:884][  0]LogConfig: Setting CVar [[r.VolumetricFog:1]]
[2019.11.26-13.29.17:884][  0]LogConfig: Setting CVar [[r.VolumetricFog.GridPixelSize:8]]
[2019.11.26-13.29.17:884][  0]LogConfig: Setting CVar [[r.VolumetricFog.GridSizeZ:128]]
[2019.11.26-13.29.17:884][  0]LogConfig: Setting CVar [[r.VolumetricFog.HistoryMissSupersampleCount:4]]
[2019.11.26-13.29.17:884][  0]LogConfig: Setting CVar [[r.LightMaxDrawDistanceScale:1]]
[2019.11.26-13.29.17:884][  0]LogConfig: Setting CVar [[r.CapsuleShadows:1]]
[2019.11.26-13.29.17:884][  0]LogConfig: Applying CVar settings from Section [PostProcessQuality@3] File [C:/Users/janessa.aulen/Documents/ueCppPractice/BatteryCollector/Saved/Config/Windows/Scalability.ini]
[2019.11.26-13.29.17:884][  0]LogConfig: Setting CVar [[r.MotionBlurQuality:4]]
[2019.11.26-13.29.17:884][  0]LogConfig: Setting CVar [[r.AmbientOcclusionMipLevelFactor:0.4]]
[2019.11.26-13.29.17:884][  0]LogConfig: Setting CVar [[r.AmbientOcclusionMaxQuality:100]]
[2019.11.26-13.29.17:885][  0]LogConfig: Setting CVar [[r.AmbientOcclusionLevels:-1]]
[2019.11.26-13.29.17:885][  0]LogConfig: Setting CVar [[r.AmbientOcclusionRadiusScale:1.0]]
[2019.11.26-13.29.17:885][  0]LogConfig: Setting CVar [[r.DepthOfFieldQuality:2]]
[2019.11.26-13.29.17:885][  0]LogConfig: Setting CVar [[r.RenderTargetPoolMin:400]]
[2019.11.26-13.29.17:885][  0]LogConfig: Setting CVar [[r.LensFlareQuality:2]]
[2019.11.26-13.29.17:885][  0]LogConfig: Setting CVar [[r.SceneColorFringeQuality:1]]
[2019.11.26-13.29.17:885][  0]LogConfig: Setting CVar [[r.EyeAdaptationQuality:2]]
[2019.11.26-13.29.17:885][  0]LogConfig: Setting CVar [[r.BloomQuality:5]]
[2019.11.26-13.29.17:885][  0]LogConfig: Setting CVar [[r.FastBlurThreshold:100]]
[2019.11.26-13.29.17:885][  0]LogConfig: Setting CVar [[r.Upscale.Quality:3]]
[2019.11.26-13.29.17:885][  0]LogConfig: Setting CVar [[r.Tonemapper.GrainQuantization:1]]
[2019.11.26-13.29.17:885][  0]LogConfig: Setting CVar [[r.LightShaftQuality:1]]
[2019.11.26-13.29.17:885][  0]LogConfig: Setting CVar [[r.Filter.SizeScale:1]]
[2019.11.26-13.29.17:885][  0]LogConfig: Setting CVar [[r.Tonemapper.Quality:5]]
[2019.11.26-13.29.17:885][  0]LogConfig: Setting CVar [[r.DOF.Gather.AccumulatorQuality:1        ; higher gathering accumulator quality]]
[2019.11.26-13.29.17:885][  0]LogConfig: Setting CVar [[r.DOF.Gather.PostfilterMethod:1          ; Median3x3 postfilering method]]
[2019.11.26-13.29.17:885][  0]LogConfig: Setting CVar [[r.DOF.Gather.EnableBokehSettings:0       ; no bokeh simulation when gathering]]
[2019.11.26-13.29.17:885][  0]LogConfig: Setting CVar [[r.DOF.Gather.RingCount:4                 ; medium number of samples when gathering]]
[2019.11.26-13.29.17:885][  0]LogConfig: Setting CVar [[r.DOF.Scatter.ForegroundCompositing:1    ; additive foreground scattering]]
[2019.11.26-13.29.17:885][  0]LogConfig: Setting CVar [[r.DOF.Scatter.BackgroundCompositing:2    ; additive background scattering]]
[2019.11.26-13.29.17:885][  0]LogConfig: Setting CVar [[r.DOF.Scatter.EnableBokehSettings:1      ; bokeh simulation when scattering]]
[2019.11.26-13.29.17:885][  0]LogConfig: Setting CVar [[r.DOF.Scatter.MaxSpriteRatio:0.1         ; only a maximum of 10% of scattered bokeh]]
[2019.11.26-13.29.17:885][  0]LogConfig: Setting CVar [[r.DOF.Recombine.Quality:1                ; cheap slight out of focus]]
[2019.11.26-13.29.17:885][  0]LogConfig: Setting CVar [[r.DOF.Recombine.EnableBokehSettings:0    ; no bokeh simulation on slight out of focus]]
[2019.11.26-13.29.17:885][  0]LogConfig: Setting CVar [[r.DOF.TemporalAAQuality:1                ; more stable temporal accumulation]]
[2019.11.26-13.29.17:885][  0]LogConfig: Setting CVar [[r.DOF.Kernel.MaxForegroundRadius:0.025]]
[2019.11.26-13.29.17:885][  0]LogConfig: Setting CVar [[r.DOF.Kernel.MaxBackgroundRadius:0.025]]
[2019.11.26-13.29.17:885][  0]LogConfig: Applying CVar settings from Section [TextureQuality@3] File [C:/Users/janessa.aulen/Documents/ueCppPractice/BatteryCollector/Saved/Config/Windows/Scalability.ini]
[2019.11.26-13.29.17:885][  0]LogConfig: Setting CVar [[r.Streaming.MipBias:0]]
[2019.11.26-13.29.17:885][  0]LogConfig: Setting CVar [[r.Streaming.AmortizeCPUToGPUCopy:0]]
[2019.11.26-13.29.17:885][  0]LogConfig: Setting CVar [[r.Streaming.MaxNumTexturesToStreamPerFrame:0]]
[2019.11.26-13.29.17:885][  0]LogConfig: Setting CVar [[r.Streaming.Boost:1]]
[2019.11.26-13.29.17:885][  0]LogConfig: Setting CVar [[r.MaxAnisotropy:8]]
[2019.11.26-13.29.17:885][  0]LogConfig: Setting CVar [[r.Streaming.LimitPoolSizeToVRAM:0]]
[2019.11.26-13.29.17:885][  0]LogConfig: Setting CVar [[r.Streaming.PoolSize:1000]]
[2019.11.26-13.29.17:885][  0]LogConfig: Setting CVar [[r.Streaming.MaxEffectiveScreenSize:0]]
[2019.11.26-13.29.17:885][  0]LogConfig: Applying CVar settings from Section [EffectsQuality@3] File [C:/Users/janessa.aulen/Documents/ueCppPractice/BatteryCollector/Saved/Config/Windows/Scalability.ini]
[2019.11.26-13.29.17:885][  0]LogConfig: Setting CVar [[r.TranslucencyLightingVolumeDim:64]]
[2019.11.26-13.29.17:885][  0]LogConfig: Setting CVar [[r.RefractionQuality:2]]
[2019.11.26-13.29.17:885][  0]LogConfig: Setting CVar [[r.SSR.Quality:3]]
[2019.11.26-13.29.17:885][  0]LogConfig: Setting CVar [[r.SceneColorFormat:4]]
[2019.11.26-13.29.17:885][  0]LogConfig: Setting CVar [[r.DetailMode:2]]
[2019.11.26-13.29.17:885][  0]LogConfig: Setting CVar [[r.TranslucencyVolumeBlur:1]]
[2019.11.26-13.29.17:885][  0]LogConfig: Setting CVar [[r.MaterialQualityLevel:1 ; High quality]]
[2019.11.26-13.29.17:885][  0]LogConfig: Setting CVar [[r.SSS.Scale:1]]
[2019.11.26-13.29.17:885][  0]LogConfig: Setting CVar [[r.SSS.SampleSet:2]]
[2019.11.26-13.29.17:885][  0]LogConfig: Setting CVar [[r.SSS.Quality:1]]
[2019.11.26-13.29.17:885][  0]LogConfig: Setting CVar [[r.SSS.HalfRes:1]]
[2019.11.26-13.29.17:885][  0]LogConfig: Setting CVar [[r.EmitterSpawnRateScale:1.0]]
[2019.11.26-13.29.17:885][  0]LogConfig: Setting CVar [[r.ParticleLightQuality:2]]
[2019.11.26-13.29.17:885][  0]LogConfig: Applying CVar settings from Section [FoliageQuality@3] File [C:/Users/janessa.aulen/Documents/ueCppPractice/BatteryCollector/Saved/Config/Windows/Scalability.ini]
[2019.11.26-13.29.17:885][  0]LogConfig: Setting CVar [[foliage.DensityScale:1.0]]
[2019.11.26-13.29.17:885][  0]LogConfig: Setting CVar [[grass.DensityScale:1.0]]
[2019.11.26-13.29.17:885][  0]LogInit: Selected Device Profile: [Windows]
[2019.11.26-13.29.17:885][  0]LogInit: Applying CVar settings loaded from the selected device profile: [Windows]
[2019.11.26-13.29.17:898][  0]LogHAL: Display: Platform has ~ 16 GB [17066573824 / 17179869184 / 16], which maps to Larger [LargestMinGB=32, LargerMinGB=12, DefaultMinGB=8, SmallerMinGB=6, SmallestMinGB=0)
[2019.11.26-13.29.17:898][  0]LogConfig: Setting CVar [[r.Vulkan.UseRealUBs:0		; Required until we fix HLR fall-out]]
[2019.11.26-13.29.17:898][  0]LogInit: Going up to parent DeviceProfile []
[2019.11.26-13.29.17:899][  0]LogConfig: Applying CVar settings from Section [ViewDistanceQuality@3] File [C:/Users/janessa.aulen/Documents/ueCppPractice/BatteryCollector/Saved/Config/Windows/Scalability.ini]
[2019.11.26-13.29.17:899][  0]LogConfig: Setting CVar [[r.SkeletalMeshLODBias:0]]
[2019.11.26-13.29.17:899][  0]LogConfig: Setting CVar [[r.ViewDistanceScale:1.0]]
[2019.11.26-13.29.17:899][  0]LogConfig: Applying CVar settings from Section [AntiAliasingQuality@3] File [C:/Users/janessa.aulen/Documents/ueCppPractice/BatteryCollector/Saved/Config/Windows/Scalability.ini]
[2019.11.26-13.29.17:899][  0]LogConfig: Setting CVar [[r.PostProcessAAQuality:4]]
[2019.11.26-13.29.17:899][  0]LogConfig: Applying CVar settings from Section [ShadowQuality@3] File [C:/Users/janessa.aulen/Documents/ueCppPractice/BatteryCollector/Saved/Config/Windows/Scalability.ini]
[2019.11.26-13.29.17:899][  0]LogConfig: Setting CVar [[r.LightFunctionQuality:1]]
[2019.11.26-13.29.17:899][  0]LogConfig: Setting CVar [[r.ShadowQuality:5]]
[2019.11.26-13.29.17:899][  0]LogConfig: Setting CVar [[r.Shadow.CSM.MaxCascades:10]]
[2019.11.26-13.29.17:899][  0]LogConfig: Setting CVar [[r.Shadow.MaxResolution:2048]]
[2019.11.26-13.29.17:899][  0]LogConfig: Setting CVar [[r.Shadow.MaxCSMResolution:2048]]
[2019.11.26-13.29.17:899][  0]LogConfig: Setting CVar [[r.Shadow.RadiusThreshold:0.01]]
[2019.11.26-13.29.17:899][  0]LogConfig: Setting CVar [[r.Shadow.DistanceScale:1.0]]
[2019.11.26-13.29.17:899][  0]LogConfig: Setting CVar [[r.Shadow.CSM.TransitionScale:1.0]]
[2019.11.26-13.29.17:899][  0]LogConfig: Setting CVar [[r.Shadow.PreShadowResolutionFactor:1.0]]
[2019.11.26-13.29.17:899][  0]LogConfig: Setting CVar [[r.DistanceFieldShadowing:1]]
[2019.11.26-13.29.17:899][  0]LogConfig: Setting CVar [[r.DistanceFieldAO:1]]
[2019.11.26-13.29.17:899][  0]LogConfig: Setting CVar [[r.AOQuality:2]]
[2019.11.26-13.29.17:899][  0]LogConfig: Setting CVar [[r.VolumetricFog:1]]
[2019.11.26-13.29.17:899][  0]LogConfig: Setting CVar [[r.VolumetricFog.GridPixelSize:8]]
[2019.11.26-13.29.17:899][  0]LogConfig: Setting CVar [[r.VolumetricFog.GridSizeZ:128]]
[2019.11.26-13.29.17:899][  0]LogConfig: Setting CVar [[r.VolumetricFog.HistoryMissSupersampleCount:4]]
[2019.11.26-13.29.17:899][  0]LogConfig: Setting CVar [[r.LightMaxDrawDistanceScale:1]]
[2019.11.26-13.29.17:899][  0]LogConfig: Setting CVar [[r.CapsuleShadows:1]]
[2019.11.26-13.29.17:899][  0]LogConfig: Applying CVar settings from Section [PostProcessQuality@3] File [C:/Users/janessa.aulen/Documents/ueCppPractice/BatteryCollector/Saved/Config/Windows/Scalability.ini]
[2019.11.26-13.29.17:899][  0]LogConfig: Setting CVar [[r.MotionBlurQuality:4]]
[2019.11.26-13.29.17:899][  0]LogConfig: Setting CVar [[r.AmbientOcclusionMipLevelFactor:0.4]]
[2019.11.26-13.29.17:899][  0]LogConfig: Setting CVar [[r.AmbientOcclusionMaxQuality:100]]
[2019.11.26-13.29.17:899][  0]LogConfig: Setting CVar [[r.AmbientOcclusionLevels:-1]]
[2019.11.26-13.29.17:899][  0]LogConfig: Setting CVar [[r.AmbientOcclusionRadiusScale:1.0]]
[2019.11.26-13.29.17:899][  0]LogConfig: Setting CVar [[r.DepthOfFieldQuality:2]]
[2019.11.26-13.29.17:899][  0]LogConfig: Setting CVar [[r.RenderTargetPoolMin:400]]
[2019.11.26-13.29.17:899][  0]LogConfig: Setting CVar [[r.LensFlareQuality:2]]
[2019.11.26-13.29.17:899][  0]LogConfig: Setting CVar [[r.SceneColorFringeQuality:1]]
[2019.11.26-13.29.17:899][  0]LogConfig: Setting CVar [[r.EyeAdaptationQuality:2]]
[2019.11.26-13.29.17:899][  0]LogConfig: Setting CVar [[r.BloomQuality:5]]
[2019.11.26-13.29.17:899][  0]LogConfig: Setting CVar [[r.FastBlurThreshold:100]]
[2019.11.26-13.29.17:899][  0]LogConfig: Setting CVar [[r.Upscale.Quality:3]]
[2019.11.26-13.29.17:899][  0]LogConfig: Setting CVar [[r.Tonemapper.GrainQuantization:1]]
[2019.11.26-13.29.17:899][  0]LogConfig: Setting CVar [[r.LightShaftQuality:1]]
[2019.11.26-13.29.17:899][  0]LogConfig: Setting CVar [[r.Filter.SizeScale:1]]
[2019.11.26-13.29.17:899][  0]LogConfig: Setting CVar [[r.Tonemapper.Quality:5]]
[2019.11.26-13.29.17:899][  0]LogConfig: Setting CVar [[r.DOF.Gather.AccumulatorQuality:1        ; higher gathering accumulator quality]]
[2019.11.26-13.29.17:899][  0]LogConfig: Setting CVar [[r.DOF.Gather.PostfilterMethod:1          ; Median3x3 postfilering method]]
[2019.11.26-13.29.17:899][  0]LogConfig: Setting CVar [[r.DOF.Gather.EnableBokehSettings:0       ; no bokeh simulation when gathering]]
[2019.11.26-13.29.17:899][  0]LogConfig: Setting CVar [[r.DOF.Gather.RingCount:4                 ; medium number of samples when gathering]]
[2019.11.26-13.29.17:899][  0]LogConfig: Setting CVar [[r.DOF.Scatter.ForegroundCompositing:1    ; additive foreground scattering]]
[2019.11.26-13.29.17:899][  0]LogConfig: Setting CVar [[r.DOF.Scatter.BackgroundCompositing:2    ; additive background scattering]]
[2019.11.26-13.29.17:899][  0]LogConfig: Setting CVar [[r.DOF.Scatter.EnableBokehSettings:1      ; bokeh simulation when scattering]]
[2019.11.26-13.29.17:899][  0]LogConfig: Setting CVar [[r.DOF.Scatter.MaxSpriteRatio:0.1         ; only a maximum of 10% of scattered bokeh]]
[2019.11.26-13.29.17:899][  0]LogConfig: Setting CVar [[r.DOF.Recombine.Quality:1                ; cheap slight out of focus]]
[2019.11.26-13.29.17:899][  0]LogConfig: Setting CVar [[r.DOF.Recombine.EnableBokehSettings:0    ; no bokeh simulation on slight out of focus]]
[2019.11.26-13.29.17:899][  0]LogConfig: Setting CVar [[r.DOF.TemporalAAQuality:1                ; more stable temporal accumulation]]
[2019.11.26-13.29.17:899][  0]LogConfig: Setting CVar [[r.DOF.Kernel.MaxForegroundRadius:0.025]]
[2019.11.26-13.29.17:899][  0]LogConfig: Setting CVar [[r.DOF.Kernel.MaxBackgroundRadius:0.025]]
[2019.11.26-13.29.17:899][  0]LogConfig: Applying CVar settings from Section [TextureQuality@3] File [C:/Users/janessa.aulen/Documents/ueCppPractice/BatteryCollector/Saved/Config/Windows/Scalability.ini]
[2019.11.26-13.29.17:899][  0]LogConfig: Setting CVar [[r.Streaming.MipBias:0]]
[2019.11.26-13.29.17:899][  0]LogConfig: Setting CVar [[r.Streaming.AmortizeCPUToGPUCopy:0]]
[2019.11.26-13.29.17:899][  0]LogConfig: Setting CVar [[r.Streaming.MaxNumTexturesToStreamPerFrame:0]]
[2019.11.26-13.29.17:899][  0]LogConfig: Setting CVar [[r.Streaming.Boost:1]]
[2019.11.26-13.29.17:899][  0]LogConfig: Setting CVar [[r.MaxAnisotropy:8]]
[2019.11.26-13.29.17:899][  0]LogConfig: Setting CVar [[r.Streaming.LimitPoolSizeToVRAM:0]]
[2019.11.26-13.29.17:899][  0]LogConfig: Setting CVar [[r.Streaming.PoolSize:1000]]
[2019.11.26-13.29.17:899][  0]LogConfig: Setting CVar [[r.Streaming.MaxEffectiveScreenSize:0]]
[2019.11.26-13.29.17:899][  0]LogConfig: Applying CVar settings from Section [EffectsQuality@3] File [C:/Users/janessa.aulen/Documents/ueCppPractice/BatteryCollector/Saved/Config/Windows/Scalability.ini]
[2019.11.26-13.29.17:899][  0]LogConfig: Setting CVar [[r.TranslucencyLightingVolumeDim:64]]
[2019.11.26-13.29.17:899][  0]LogConfig: Setting CVar [[r.RefractionQuality:2]]
[2019.11.26-13.29.17:899][  0]LogConfig: Setting CVar [[r.SSR.Quality:3]]
[2019.11.26-13.29.17:899][  0]LogConfig: Setting CVar [[r.SceneColorFormat:4]]
[2019.11.26-13.29.17:899][  0]LogConfig: Setting CVar [[r.DetailMode:2]]
[2019.11.26-13.29.17:899][  0]LogConfig: Setting CVar [[r.TranslucencyVolumeBlur:1]]
[2019.11.26-13.29.17:899][  0]LogConfig: Setting CVar [[r.MaterialQualityLevel:1 ; High quality]]
[2019.11.26-13.29.17:899][  0]LogConfig: Setting CVar [[r.SSS.Scale:1]]
[2019.11.26-13.29.17:899][  0]LogConfig: Setting CVar [[r.SSS.SampleSet:2]]
[2019.11.26-13.29.17:900][  0]LogConfig: Setting CVar [[r.SSS.Quality:1]]
[2019.11.26-13.29.17:900][  0]LogConfig: Setting CVar [[r.SSS.HalfRes:1]]
[2019.11.26-13.29.17:900][  0]LogConfig: Setting CVar [[r.EmitterSpawnRateScale:1.0]]
[2019.11.26-13.29.17:900][  0]LogConfig: Setting CVar [[r.ParticleLightQuality:2]]
[2019.11.26-13.29.17:900][  0]LogConfig: Applying CVar settings from Section [FoliageQuality@3] File [C:/Users/janessa.aulen/Documents/ueCppPractice/BatteryCollector/Saved/Config/Windows/Scalability.ini]
[2019.11.26-13.29.17:900][  0]LogConfig: Setting CVar [[foliage.DensityScale:1.0]]
[2019.11.26-13.29.17:900][  0]LogConfig: Setting CVar [[grass.DensityScale:1.0]]
[2019.11.26-13.29.17:900][  0]LogConfig: Applying CVar settings from Section [Startup] File [../../../Engine/Config/ConsoleVariables.ini]
[2019.11.26-13.29.17:900][  0]LogConfig: Setting CVar [[net.UseAdaptiveNetUpdateFrequency:0]]
[2019.11.26-13.29.17:900][  0]LogConfig: Setting CVar [[p.chaos.AllowCreatePhysxBodies:1]]
[2019.11.26-13.29.17:900][  0]LogConfig: Applying CVar settings from Section [ConsoleVariables] File [C:/Users/janessa.aulen/Documents/ueCppPractice/BatteryCollector/Saved/Config/Windows/Engine.ini]
[2019.11.26-13.29.17:900][  0]LogInit: Computer: GAMELAB-47
[2019.11.26-13.29.17:900][  0]LogInit: User: janessaaulen
[2019.11.26-13.29.17:900][  0]LogInit: CPU Page size=4096, Cores=4
[2019.11.26-13.29.17:900][  0]LogInit: High frequency timer resolution =10.000000 MHz
[2019.11.26-13.29.17:900][  0]LogMemory: Memory total: Physical=15.9GB (16GB approx)
[2019.11.26-13.29.17:900][  0]LogMemory: Platform Memory Stats for Windows
[2019.11.26-13.29.17:900][  0]LogMemory: Process Physical Memory: 96.60 MB used, 96.61 MB peak
[2019.11.26-13.29.17:900][  0]LogMemory: Process Virtual Memory: 83.93 MB used, 83.93 MB peak
[2019.11.26-13.29.17:900][  0]LogMemory: Physical Memory: 8691.53 MB used,  7584.42 MB free, 16275.95 MB total
[2019.11.26-13.29.17:900][  0]LogMemory: Virtual Memory: 4624.89 MB used,  134213104.00 MB free, 134217728.00 MB total
[2019.11.26-13.29.17:921][  0]LogInit: Using OS detected language (en-US).
[2019.11.26-13.29.17:921][  0]LogInit: Using OS detected locale (en-FI).
[2019.11.26-13.29.17:922][  0]LogTextLocalizationManager: No specific localization for 'en-US' exists, so the 'en' localization will be used.
[2019.11.26-13.29.18:107][  0]LogInit: Setting process to per monitor DPI aware
[2019.11.26-13.29.18:137][  0]LogSlate: New Slate User Created.  User Index 0, Is Virtual User: 0
[2019.11.26-13.29.18:137][  0]LogSlate: Slate User Registered.  User Index 0, Is Virtual User: 0
[2019.11.26-13.29.18:330][  0]LogHMD: Failed to initialize OpenVR with code 110
[2019.11.26-13.29.18:330][  0]LogD3D11RHI: D3D11 adapters:
[2019.11.26-13.29.18:409][  0]LogD3D11RHI:    0. 'NVIDIA GeForce GTX 1060 6GB' (Feature Level 11_0)
[2019.11.26-13.29.18:409][  0]LogD3D11RHI:       6052/0/8137 MB DedicatedVideo/DedicatedSystem/SharedSystem, Outputs:2, VendorId:0x10de
[2019.11.26-13.29.18:433][  0]LogD3D11RHI:    1. 'Intel(R) HD Graphics 630' (Feature Level 11_0)
[2019.11.26-13.29.18:433][  0]LogD3D11RHI:       128/0/8137 MB DedicatedVideo/DedicatedSystem/SharedSystem, Outputs:0, VendorId:0x8086
[2019.11.26-13.29.18:435][  0]LogD3D11RHI:    2. 'Microsoft Basic Render Driver' (Feature Level 11_0)
[2019.11.26-13.29.18:435][  0]LogD3D11RHI:       0/0/8137 MB DedicatedVideo/DedicatedSystem/SharedSystem, Outputs:0, VendorId:0x1414
[2019.11.26-13.29.18:435][  0]LogD3D11RHI: Chosen D3D11 Adapter: 0
[2019.11.26-13.29.18:443][  0]LogD3D11RHI: Creating new Direct3DDevice
[2019.11.26-13.29.18:443][  0]LogD3D11RHI:     GPU DeviceId: 0x1c03 (for the marketing name, search the web for "GPU Device Id")
[2019.11.26-13.29.18:443][  0]LogWindows: EnumDisplayDevices:
[2019.11.26-13.29.18:443][  0]LogWindows:    0. 'NVIDIA GeForce GTX 1060 6GB' (P:1 D:1)
[2019.11.26-13.29.18:444][  0]LogWindows:    1. 'NVIDIA GeForce GTX 1060 6GB' (P:0 D:1)
[2019.11.26-13.29.18:445][  0]LogWindows:    2. 'NVIDIA GeForce GTX 1060 6GB' (P:0 D:0)
[2019.11.26-13.29.18:447][  0]LogWindows:    3. 'NVIDIA GeForce GTX 1060 6GB' (P:0 D:0)
[2019.11.26-13.29.18:448][  0]LogWindows:    4. 'Intel(R) HD Graphics 630' (P:0 D:0)
[2019.11.26-13.29.18:449][  0]LogWindows:    5. 'Intel(R) HD Graphics 630' (P:0 D:0)
[2019.11.26-13.29.18:450][  0]LogWindows:    6. 'Intel(R) HD Graphics 630' (P:0 D:0)
[2019.11.26-13.29.18:450][  0]LogWindows: DebugString: PrimaryIsNotTheChoosenAdapter PrimaryIsNotTheChoosenAdapter PrimaryIsNotTheChoosenAdapter FoundDriverCount:4 
[2019.11.26-13.29.18:450][  0]LogD3D11RHI:     Adapter Name: NVIDIA GeForce GTX 1060 6GB
[2019.11.26-13.29.18:450][  0]LogD3D11RHI:   Driver Version: 398.82 (internal:24.21.13.9882, unified:398.82)
[2019.11.26-13.29.18:450][  0]LogD3D11RHI:      Driver Date: 7-30-2018
[2019.11.26-13.29.18:450][  0]LogRHI: Texture pool is 4236 MB (70% of 6052 MB)
[2019.11.26-13.29.18:486][  0]LogD3D11RHI: Async texture creation enabled
[2019.11.26-13.29.18:490][  0]LogRendererCore: FGlobalReadBuffer::InitRHI
[2019.11.26-13.29.18:490][  0]LogRendererCore: FGlobalReadBuffer::InitRHI
[2019.11.26-13.29.18:490][  0]LogRendererCore: FGlobalReadBuffer::InitRHI
[2019.11.26-13.29.18:504][  0]LogD3D11RHI: GPU Timing Frequency: 1000.000000 (Debug: 2 2)
[2019.11.26-13.29.18:924][  0]LogTemp: Display: Module 'AllDesktopTargetPlatform' loaded TargetPlatform 'AllDesktop'
[2019.11.26-13.29.18:938][  0]LogTemp: Display: Module 'MacClientTargetPlatform' loaded TargetPlatform 'MacClient'
[2019.11.26-13.29.18:957][  0]LogTemp: Display: Module 'MacNoEditorTargetPlatform' loaded TargetPlatform 'MacNoEditor'
[2019.11.26-13.29.18:971][  0]LogTemp: Display: Module 'MacServerTargetPlatform' loaded TargetPlatform 'MacServer'
[2019.11.26-13.29.18:987][  0]LogTemp: Display: Module 'MacTargetPlatform' loaded TargetPlatform 'Mac'
[2019.11.26-13.29.19:001][  0]LogTemp: Display: Module 'WindowsClientTargetPlatform' loaded TargetPlatform 'WindowsClient'
[2019.11.26-13.29.19:015][  0]LogTemp: Display: Module 'WindowsNoEditorTargetPlatform' loaded TargetPlatform 'WindowsNoEditor'
[2019.11.26-13.29.19:028][  0]LogTemp: Display: Module 'WindowsServerTargetPlatform' loaded TargetPlatform 'WindowsServer'
[2019.11.26-13.29.19:035][  0]LogTemp: Display: Module 'WindowsTargetPlatform' loaded TargetPlatform 'Windows'
[2019.11.26-13.29.19:128][  0]LogTemp: Display: Module 'AndroidTargetPlatform' loaded TargetPlatform 'Android'
[2019.11.26-13.29.19:129][  0]LogTemp: Display: Module 'AndroidTargetPlatform' loaded TargetPlatform 'Android_ASTC'
[2019.11.26-13.29.19:129][  0]LogTemp: Display: Module 'AndroidTargetPlatform' loaded TargetPlatform 'Android_ATC'
[2019.11.26-13.29.19:129][  0]LogTemp: Display: Module 'AndroidTargetPlatform' loaded TargetPlatform 'Android_DXT'
[2019.11.26-13.29.19:129][  0]LogTemp: Display: Module 'AndroidTargetPlatform' loaded TargetPlatform 'Android_ETC1'
[2019.11.26-13.29.19:129][  0]LogTemp: Display: Module 'AndroidTargetPlatform' loaded TargetPlatform 'Android_ETC1a'
[2019.11.26-13.29.19:129][  0]LogTemp: Display: Module 'AndroidTargetPlatform' loaded TargetPlatform 'Android_ETC2'
[2019.11.26-13.29.19:129][  0]LogTemp: Display: Module 'AndroidTargetPlatform' loaded TargetPlatform 'Android_PVRTC'
[2019.11.26-13.29.19:129][  0]LogTemp: Display: Module 'AndroidTargetPlatform' loaded TargetPlatform 'AndroidClient'
[2019.11.26-13.29.19:129][  0]LogTemp: Display: Module 'AndroidTargetPlatform' loaded TargetPlatform 'Android_ASTCClient'
[2019.11.26-13.29.19:129][  0]LogTemp: Display: Module 'AndroidTargetPlatform' loaded TargetPlatform 'Android_ATCClient'
[2019.11.26-13.29.19:129][  0]LogTemp: Display: Module 'AndroidTargetPlatform' loaded TargetPlatform 'Android_DXTClient'
[2019.11.26-13.29.19:129][  0]LogTemp: Display: Module 'AndroidTargetPlatform' loaded TargetPlatform 'Android_ETC1Client'
[2019.11.26-13.29.19:129][  0]LogTemp: Display: Module 'AndroidTargetPlatform' loaded TargetPlatform 'Android_ETC1aClient'
[2019.11.26-13.29.19:129][  0]LogTemp: Display: Module 'AndroidTargetPlatform' loaded TargetPlatform 'Android_ETC2Client'
[2019.11.26-13.29.19:129][  0]LogTemp: Display: Module 'AndroidTargetPlatform' loaded TargetPlatform 'Android_PVRTCClient'
[2019.11.26-13.29.19:129][  0]LogTemp: Display: Module 'AndroidTargetPlatform' loaded TargetPlatform 'Android_Multi'
[2019.11.26-13.29.19:129][  0]LogTemp: Display: Module 'AndroidTargetPlatform' loaded TargetPlatform 'Android_MultiClient'
[2019.11.26-13.29.19:136][  0]LogTemp: Display: Module 'HTML5TargetPlatform' loaded TargetPlatform 'HTML5'
[2019.11.26-13.29.19:188][  0]LogTemp: Display: Module 'IOSTargetPlatform' loaded TargetPlatform 'IOSClient'
[2019.11.26-13.29.19:188][  0]LogTemp: Display: Module 'IOSTargetPlatform' loaded TargetPlatform 'IOS'
[2019.11.26-13.29.19:222][  0]LogTemp: Display: Module 'TVOSTargetPlatform' loaded TargetPlatform 'TVOSClient'
[2019.11.26-13.29.19:222][  0]LogTemp: Display: Module 'TVOSTargetPlatform' loaded TargetPlatform 'TVOS'
[2019.11.26-13.29.19:241][  0]LogTemp: Display: Module 'LinuxClientTargetPlatform' loaded TargetPlatform 'LinuxClient'
[2019.11.26-13.29.19:253][  0]LogTemp: Display: Module 'LinuxNoEditorTargetPlatform' loaded TargetPlatform 'LinuxNoEditor'
[2019.11.26-13.29.19:266][  0]LogTemp: Display: Module 'LinuxServerTargetPlatform' loaded TargetPlatform 'LinuxServer'
[2019.11.26-13.29.19:279][  0]LogTemp: Display: Module 'LinuxTargetPlatform' loaded TargetPlatform 'Linux'
[2019.11.26-13.29.19:343][  0]LogTemp: Display: Module 'LuminTargetPlatform' loaded TargetPlatform 'Lumin'
[2019.11.26-13.29.19:343][  0]LogTemp: Display: Module 'LuminTargetPlatform' loaded TargetPlatform 'LuminClient'
[2019.11.26-13.29.19:343][  0]LogTargetPlatformManager: Display: Building Assets For Windows
[2019.11.26-13.29.19:352][  0]LogAudioDebug: Display: Lib vorbis DLL was dynamically loaded.
[2019.11.26-13.29.19:401][  0]LogShaderCompilers: Guid format shader working directory is -24 characters bigger than the processId version (../../../../../../Users/janessa.aulen/Documents/ueCppPractice/BatteryCollector/Intermediate/Shaders/WorkingDirectory/5428/).
[2019.11.26-13.29.19:402][  0]LogShaderCompilers: Cleaned the shader compiler working directory 'C:/Users/janessa.aulen/AppData/Local/Temp/UnrealShaderWorkingDir/65F3DE4341369BACF2A4239D188CD3F8/'.
[2019.11.26-13.29.19:404][  0]LogXGEController: Cannot use XGE Controller as Incredibuild is not installed on this machine.
[2019.11.26-13.29.19:404][  0]LogShaderCompilers: Cannot use XGE Shader Compiler as Incredibuild is not installed on this machine.
[2019.11.26-13.29.19:404][  0]LogShaderCompilers: Display: Using Local Shader Compiler.
[2019.11.26-13.29.19:971][  0]LogDerivedDataCache: Display: Max Cache Size: 512 MB
[2019.11.26-13.29.20:017][  0]LogDerivedDataCache: Loaded boot cache 0.05s 72MB C:/Users/janessa.aulen/AppData/Local/UnrealEngine/4.22/DerivedDataCache/Boot.ddc.
[2019.11.26-13.29.20:018][  0]LogDerivedDataCache: Display: Loaded Boot cache: C:/Users/janessa.aulen/AppData/Local/UnrealEngine/4.22/DerivedDataCache/Boot.ddc
[2019.11.26-13.29.20:018][  0]LogDerivedDataCache: FDerivedDataBackendGraph:  Pak pak cache file ../../../../../../Users/janessa.aulen/Documents/ueCppPractice/BatteryCollector/DerivedDataCache/DDC.ddp not found, will not use a pak cache.
[2019.11.26-13.29.20:018][  0]LogDerivedDataCache: Unable to find inner node Pak for hierarchical cache Hierarchy.
[2019.11.26-13.29.20:018][  0]LogDerivedDataCache: FDerivedDataBackendGraph:  CompressedPak pak cache file ../../../../../../Users/janessa.aulen/Documents/ueCppPractice/BatteryCollector/DerivedDataCache/Compressed.ddp not found, will not use a pak cache.
[2019.11.26-13.29.20:018][  0]LogDerivedDataCache: Unable to find inner node CompressedPak for hierarchical cache Hierarchy.
[2019.11.26-13.29.20:033][  0]LogDerivedDataCache: Display: Pak cache opened for reading ../../../Engine/DerivedDataCache/Compressed.ddp.
[2019.11.26-13.29.20:033][  0]LogDerivedDataCache: FDerivedDataBackendGraph:  EnterprisePak pak cache file ../../../Enterprise/DerivedDataCache/Compressed.ddp not found, will not use a pak cache.
[2019.11.26-13.29.20:033][  0]LogDerivedDataCache: Unable to find inner node EnterprisePak for hierarchical cache Hierarchy.
[2019.11.26-13.29.20:046][  0]LogDerivedDataCache: Using Local data cache path C:/Users/janessa.aulen/AppData/Local/UnrealEngine/Common/DerivedDataCache: Writable
[2019.11.26-13.29.20:046][  0]LogDerivedDataCache: Shared data cache path not found in *engine.ini, will not use an Shared cache.
[2019.11.26-13.29.20:046][  0]LogDerivedDataCache: Unable to find inner node Shared for hierarchical cache Hierarchy.
[2019.11.26-13.29.20:068][  0]LogMaterial: Verifying Global Shaders for PCD3D_SM5
[2019.11.26-13.29.20:069][  0]LogSlate: Using FreeType 2.6.0
[2019.11.26-13.29.20:069][  0]LogSlate: SlateFontServices - WITH_FREETYPE: 1, WITH_HARFBUZZ: 1
[2019.11.26-13.29.20:153][  0]LogAssetRegistry: FAssetRegistry took 0.0349 seconds to start up
[2019.11.26-13.29.20:519][  0]LogInit: Selected Device Profile: [Windows]
[2019.11.26-13.29.20:661][  0]LogMeshReduction: Using QuadricMeshReduction for automatic static mesh reduction
[2019.11.26-13.29.20:661][  0]LogMeshReduction: Using SimplygonMeshReduction for automatic skeletal mesh reduction
[2019.11.26-13.29.20:661][  0]LogMeshReduction: Using ProxyLODMeshReduction for automatic mesh merging
[2019.11.26-13.29.20:661][  0]LogMeshReduction: No distributed automatic mesh merging module available
[2019.11.26-13.29.20:661][  0]LogMeshMerging: No distributed automatic mesh merging module available
[2019.11.26-13.29.20:670][  0]LogNetVersion: BatteryCollector 1.0.0, NetCL: 5660361, EngineNetVer: 10, GameNetVer: 0 (Checksum: 2114802313)
[2019.11.26-13.29.21:186][  0]LogPackageLocalizationCache: Processed 10 localized package path(s) for 1 prioritized culture(s) in 0.072402 seconds
[2019.11.26-13.29.21:193][  0]LogUObjectArray: 42205 objects as part of root set at end of initial load.
[2019.11.26-13.29.21:193][  0]LogUObjectAllocator: 7325032 out of 0 bytes used by permanent object pool.
[2019.11.26-13.29.21:193][  0]LogUObjectArray: CloseDisregardForGC: 0/0 objects in disregard for GC pool
[2019.11.26-13.29.22:043][  0]LogTcpMessaging: Initializing TcpMessaging bridge
[2019.11.26-13.29.22:058][  0]LogUdpMessaging: Initializing bridge on interface 0.0.0.0:0 to multicast group 230.0.0.1:6666.
[2019.11.26-13.29.22:261][  0]SourceControl: Source control is disabled
[2019.11.26-13.29.22:261][  0]SourceControl: Source control is disabled
[2019.11.26-13.29.22:262][  0]SourceControl: Source control is disabled
[2019.11.26-13.29.22:263][  0]SourceControl: Source control is disabled
[2019.11.26-13.29.22:334][  0]LogAndroidPermission: UAndroidPermissionCallbackProxy::GetInstance
[2019.11.26-13.29.22:611][  0]LogOcInput: OculusInput pre-init called
[2019.11.26-13.29.23:286][  0]LogEngine: Initializing Engine...
[2019.11.26-13.29.23:287][  0]LogHMD: Failed to initialize OpenVR with code 110
[2019.11.26-13.29.23:288][  0]LogStats: UGameplayTagsManager::InitializeManager -  0.000 s
[2019.11.26-13.29.23:503][  0]LogInit: Initializing FReadOnlyCVARCache
[2019.11.26-13.29.23:516][  0]LogAIModule: Creating AISystem for world Untitled
[2019.11.26-13.29.23:605][  0]LogInit: XAudio2 using 'VoiceMeeter Input (VB-Audio VoiceMeeter VAIO)' : 2 channels at 48 kHz using 24 bits per sample (channel mask 0x3)
[2019.11.26-13.29.23:617][  0]LogInit: FAudioDevice initialized.
[2019.11.26-13.29.23:617][  0]LogNetVersion: Set ProjectVersion to 1.0.0.0. Version Checksum will be recalculated on next use.
[2019.11.26-13.29.23:733][  0]LogDerivedDataCache: Saved boot cache 0.12s 72MB C:/Users/janessa.aulen/AppData/Local/UnrealEngine/4.22/DerivedDataCache/Boot.ddc.
[2019.11.26-13.29.23:739][  0]LogInit: Texture streaming: Enabled
[2019.11.26-13.29.23:760][  0]LogEngineSessionManager: EngineSessionManager initialized
[2019.11.26-13.29.23:781][  0]LogInit: Transaction tracking system initialized
[2019.11.26-13.29.23:807][  0]BlueprintLog: New page: Editor Load
[2019.11.26-13.29.23:928][  0]LocalizationService: Localization service is disabled
[2019.11.26-13.29.24:278][  0]LogFileCache: Scanning file cache for directory 'C:/Users/janessa.aulen/Documents/ueCppPractice/BatteryCollector/Content/' took 0.02s
[2019.11.26-13.29.24:278][  0]LogCook: Display: Max memory allowance for cook 16384mb min free memory 0mb
[2019.11.26-13.29.24:278][  0]LogCook: Display: Mobile HDR setting 1
[2019.11.26-13.29.24:467][  0]SourceControl: Source control is disabled
[2019.11.26-13.29.24:467][  0]Cmd: MAP LOAD FILE="../../../../../../Users/janessa.aulen/Documents/ueCppPractice/BatteryCollector/Content/Maps/Level1.umap" TEMPLATE=0 SHOWPROGRESS=1 FEATURELEVEL=3
[2019.11.26-13.29.24:467][  0]LightingResults: New page: Lighting Build
[2019.11.26-13.29.24:469][  0]MapCheck: New page: Map Check
[2019.11.26-13.29.24:469][  0]LightingResults: New page: Lighting Build
[2019.11.26-13.29.24:496][  0]LogUObjectHash: Compacting FUObjectHashTables data took   1.91ms
[2019.11.26-13.29.26:855][  0]LogTexture: Display: Building textures: HQ_Lightmap0_4 (AutoDXT, 64X64)
[2019.11.26-13.29.26:855][  0]LogTexture: Display: Building textures: HQ_Lightmap0_3 (AutoDXT, 128X128)
[2019.11.26-13.29.26:855][  0]LogTexture: Display: Building textures: HQ_Lightmap1_1 (AutoDXT, 1024X1024)
[2019.11.26-13.29.26:855][  0]LogTexture: Display: Building textures: HQ_Lightmap1_2 (AutoDXT, 1024X1024)
[2019.11.26-13.29.26:855][  0]LogTexture: Display: Building textures: LQ_Lightmap_0_3 (DXT1, 128X128)
[2019.11.26-13.29.26:855][  0]LogTexture: Display: Building textures: LQ_Lightmap_0_4 (DXT1, 64X64)
[2019.11.26-13.29.26:855][  0]LogTexture: Display: Building textures: LQ_Lightmap_1_1 (DXT1, 1024X1024)
[2019.11.26-13.29.26:855][  0]LogTexture: Display: Building textures: LQ_Lightmap_1_2 (DXT1, 1024X1024)
[2019.11.26-13.29.26:952][  0]LogAIModule: Creating AISystem for world Level1
[2019.11.26-13.29.26:961][  0]LogEditorServer: Finished looking for orphan Actors (0.000 secs)
[2019.11.26-13.29.26:989][  0]LogUObjectHash: Compacting FUObjectHashTables data took   3.81ms
[2019.11.26-13.29.26:989][  0]Cmd: MAP CHECKDEP NOCLEARLOG
[2019.11.26-13.29.26:989][  0]MapCheck: Map check complete: 0 Error(s), 0 Warning(s), took 0.134ms to complete.
[2019.11.26-13.29.26:990][  0]LogFileHelpers: Loading map 'Level1' took 2.523
[2019.11.26-13.29.27:119][  0]LogSlate: Updating window title bar state: overlay mode, drag disabled, window buttons hidden, title bar hidden
[2019.11.26-13.29.27:130][  0]LogSlate: Updating window title bar state: overlay mode, drag disabled, window buttons hidden, title bar hidden
[2019.11.26-13.29.27:137][  0]LogSlate: Updating window title bar state: overlay mode, drag disabled, window buttons hidden, title bar hidden
[2019.11.26-13.29.27:144][  0]LogSlate: Updating window title bar state: overlay mode, drag disabled, window buttons hidden, title bar hidden
[2019.11.26-13.29.27:154][  0]LogCollectionManager: Loaded 0 collections in 0.003945 seconds
[2019.11.26-13.29.27:182][  0]LogFileCache: Scanning file cache for directory 'C:/Users/janessa.aulen/Documents/ueCppPractice/BatteryCollector/Saved/Collections/' took 0.01s
[2019.11.26-13.29.27:182][  0]LogFileCache: Scanning file cache for directory 'C:/Users/janessa.aulen/Documents/ueCppPractice/BatteryCollector/Content/Developers/janessaaulen/Collections/' took 0.01s
[2019.11.26-13.29.27:182][  0]LogFileCache: Scanning file cache for directory 'C:/Users/janessa.aulen/Documents/ueCppPractice/BatteryCollector/Content/Collections/' took 0.00s
[2019.11.26-13.29.27:182][  0]LogCollectionManager: Rebuilt the GUID cache for 0 collections in 0.000000 seconds
[2019.11.26-13.29.27:190][  0]LogContentBrowser: Native class hierarchy populated in 0.0082 seconds. Added 2738 classes and 662 folders.
[2019.11.26-13.29.27:198][  0]LogContentBrowser: Native class hierarchy updated for 'WidgetCarousel' in 0.0003 seconds. Added 0 classes and 0 folders.
[2019.11.26-13.29.27:199][  0]LogPakFile: Registered encryption key '00000000000000000000000000000000': 0 pak files mounted, 0 remain pending
[2019.11.26-13.29.27:200][  0]LogPakFile: Registered encryption key '00000000000000000000000000000000': 0 pak files mounted, 0 remain pending
[2019.11.26-13.29.27:200][  0]LogPakFile: Registered encryption key '00000000000000000000000000000000': 0 pak files mounted, 0 remain pending
[2019.11.26-13.29.27:201][  0]LogPakFile: Registered encryption key '00000000000000000000000000000000': 0 pak files mounted, 0 remain pending
[2019.11.26-13.29.27:201][  0]LogPakFile: Registered encryption key '00000000000000000000000000000000': 0 pak files mounted, 0 remain pending
[2019.11.26-13.29.27:202][  0]LogPakFile: Registered encryption key '00000000000000000000000000000000': 0 pak files mounted, 0 remain pending
[2019.11.26-13.29.27:202][  0]LogPakFile: Registered encryption key '00000000000000000000000000000000': 0 pak files mounted, 0 remain pending
[2019.11.26-13.29.27:202][  0]LogPakFile: Registered encryption key '00000000000000000000000000000000': 0 pak files mounted, 0 remain pending
[2019.11.26-13.29.27:203][  0]LogPakFile: Registered encryption key '00000000000000000000000000000000': 0 pak files mounted, 0 remain pending
[2019.11.26-13.29.27:203][  0]LogPakFile: Registered encryption key '00000000000000000000000000000000': 0 pak files mounted, 0 remain pending
[2019.11.26-13.29.27:204][  0]LogPakFile: Registered encryption key '00000000000000000000000000000000': 0 pak files mounted, 0 remain pending
[2019.11.26-13.29.27:204][  0]LogPakFile: Registered encryption key '00000000000000000000000000000000': 0 pak files mounted, 0 remain pending
[2019.11.26-13.29.27:204][  0]LogPakFile: Registered encryption key '00000000000000000000000000000000': 0 pak files mounted, 0 remain pending
[2019.11.26-13.29.27:205][  0]LogPakFile: Registered encryption key '00000000000000000000000000000000': 0 pak files mounted, 0 remain pending
[2019.11.26-13.29.27:205][  0]LogPakFile: Registered encryption key '00000000000000000000000000000000': 0 pak files mounted, 0 remain pending
[2019.11.26-13.29.27:206][  0]LogPakFile: Registered encryption key '00000000000000000000000000000000': 0 pak files mounted, 0 remain pending
[2019.11.26-13.29.27:206][  0]LogPakFile: Registered encryption key '00000000000000000000000000000000': 0 pak files mounted, 0 remain pending
[2019.11.26-13.29.27:207][  0]LogPakFile: Registered encryption key '00000000000000000000000000000000': 0 pak files mounted, 0 remain pending
[2019.11.26-13.29.27:207][  0]LogPakFile: Registered encryption key '00000000000000000000000000000000': 0 pak files mounted, 0 remain pending
[2019.11.26-13.29.27:208][  0]LogPakFile: Registered encryption key '00000000000000000000000000000000': 0 pak files mounted, 0 remain pending
[2019.11.26-13.29.27:209][  0]LogPakFile: Registered encryption key '00000000000000000000000000000000': 0 pak files mounted, 0 remain pending
[2019.11.26-13.29.27:210][  0]LogPakFile: Registered encryption key '00000000000000000000000000000000': 0 pak files mounted, 0 remain pending
[2019.11.26-13.29.27:212][  0]LogPakFile: Registered encryption key '00000000000000000000000000000000': 0 pak files mounted, 0 remain pending
[2019.11.26-13.29.27:213][  0]LogPakFile: Registered encryption key '00000000000000000000000000000000': 0 pak files mounted, 0 remain pending
[2019.11.26-13.29.27:214][  0]LogPakFile: Registered encryption key '00000000000000000000000000000000': 0 pak files mounted, 0 remain pending
[2019.11.26-13.29.27:215][  0]LogPakFile: Registered encryption key '00000000000000000000000000000000': 0 pak files mounted, 0 remain pending
[2019.11.26-13.29.27:248][  0]LogContentBrowser: Native class hierarchy updated for 'AddContentDialog' in 0.0003 seconds. Added 0 classes and 0 folders.
[2019.11.26-13.29.27:254][  0]LogContentBrowser: Native class hierarchy updated for 'SceneOutliner' in 0.0004 seconds. Added 1 classes and 2 folders.
[2019.11.26-13.29.27:320][  0]LogSlate: Took 0.000145 seconds to synchronously load lazily loaded font '../../../Engine/Content/Slate/Fonts/Roboto-Regular.ttf' (155K)
[2019.11.26-13.29.27:321][  0]LogSlate: Took 0.000128 seconds to synchronously load lazily loaded font '../../../Engine/Content/Slate/Fonts/Roboto-Bold.ttf' (160K)
[2019.11.26-13.29.27:325][  0]LogSlate: Took 0.000170 seconds to synchronously load lazily loaded font '../../../Engine/Content/Editor/Slate/Fonts/FontAwesome.ttf' (139K)
[2019.11.26-13.29.27:404][  0]LogRenderer: Reallocating scene render targets to support 1616x808 Format 10 NumSamples 1 (Frame:1).
[2019.11.26-13.29.27:587][  0]LogContentBrowser: Native class hierarchy updated for 'HierarchicalLODOutliner' in 0.0003 seconds. Added 0 classes and 0 folders.
[2019.11.26-13.29.27:587][  0]LogLoad: (Engine Initialization) Total time: 11.30 seconds
[2019.11.26-13.29.27:587][  0]LogLoad: (Engine Initialization) Total Blueprint compile time: 0.00 seconds
[2019.11.26-13.29.27:624][  0]LogAssetRegistry: Asset discovery search completed in 7.4939 seconds
[2019.11.26-13.29.27:627][  0]LogCollectionManager: Rebuilt the object cache for 0 collections in 0.000000 seconds (found 0 objects)
[2019.11.26-13.29.27:627][  0]LogCollectionManager: Fixed up redirectors for 0 collections in 0.000048 seconds (updated 0 objects)
[2019.11.26-13.29.27:628][  0]LogContentStreaming: Texture pool size now 1000 MB
[2019.11.26-13.29.28:619][ 82]LogSlate: Took 0.000187 seconds to synchronously load lazily loaded font '../../../Engine/Content/Slate/Fonts/Roboto-Light.ttf' (167K)
[2019.11.26-13.29.32:366][504]LogSlate: FSceneViewport::OnFocusLost() reason 0
[2019.11.26-13.29.32:487][515]LogAssetEditorManager: Opening Asset editor for Blueprint /Game/BP/EvilBatteryPickup_BP.EvilBatteryPickup_BP
[2019.11.26-13.29.32:754][515]LogContentBrowser: Native class hierarchy updated for 'BlueprintGraph' in 0.0006 seconds. Added 121 classes and 0 folders.
[2019.11.26-13.29.33:616][515]LogAssetEditorManager: Opening Asset editor for Blueprint /Game/BP/Battery_BP.Battery_BP
[2019.11.26-13.29.33:965][515]LogAssetEditorManager: Opening Asset editor for Blueprint /Game/ThirdPersonCPP/Blueprints/ThirdPersonCharacter.ThirdPersonCharacter
[2019.11.26-13.29.34:304][515]LogAssetEditorManager: Opening Asset editor for AnimBlueprint /Game/BP/Animations/MageCharacterAnimBP.MageCharacterAnimBP
[2019.11.26-13.29.34:313][515]LogBlueprintActionDatabase: Requesting refresh due to module change: SkeletonEditor (loaded)
[2019.11.26-13.29.34:314][515]LogContentBrowser: Native class hierarchy updated for 'SkeletonEditor' in 0.0004 seconds. Added 1 classes and 2 folders.
[2019.11.26-13.29.34:504][515]LogActorComponent: RegisterComponentWithWorld: (/Engine/Transient.World_8:PersistentLevel.AnimationEditorPreviewActor_0.DebugSkelMeshComponent_0) Already registered. Aborting.
[2019.11.26-13.29.34:507][515]LogBlueprintActionDatabase: Requesting refresh due to module change: PinnedCommandList (loaded)
[2019.11.26-13.29.34:507][515]LogContentBrowser: Native class hierarchy updated for 'PinnedCommandList' in 0.0003 seconds. Added 1 classes and 0 folders.
[2019.11.26-13.29.34:805][515]LogSkeletalMesh: USkeletalMeshComponent::InitArticulated : Bodies already created (/Engine/Transient.World_8:PersistentLevel.AnimationEditorPreviewActor_0.DebugSkelMeshComponent_0) - call TermArticulated first.
[2019.11.26-13.29.35:425][515]LogSlate: Took 0.000165 seconds to synchronously load lazily loaded font '../../../Engine/Content/Slate/Fonts/Roboto-BoldCondensed.ttf' (158K)
[2019.11.26-13.29.35:605][515]LogContentBrowser: Verbose: The majority of assets in the view are of type: AnimSequence
[2019.11.26-13.29.35:644][516]LogSlate: Took 0.000375 seconds to synchronously load lazily loaded font '../../../Engine/Content/Slate/Fonts/Roboto-Italic.ttf' (157K)
[2019.11.26-13.29.38:134][704]LogSlate: Window 'MageCharacterAnimBP' being destroyed
[2019.11.26-13.30.08:365][132]LogSlate: Prevented a slow task dialog from being summoned while a context menu was open
[2019.11.26-13.30.09:213][132]LogTexture: Display: Building textures: T_CandleFlame (AutoDXT, 512X512)
[2019.11.26-13.30.09:247][132]LogMaterial: Display: Missing cached shader map for material M_CandleFlame, compiling. 
[2019.11.26-13.30.09:306][132]LogStaticMesh: Building static mesh SM_Candle_Used_B...
[2019.11.26-13.30.09:308][132]LogBlueprintActionDatabase: Requesting refresh due to module change: MeshBuilder (loaded)
[2019.11.26-13.30.09:328][132]LogStaticMesh: Built static mesh [0.02s] /Game/MedievalDungeon/Meshes/Props/SM_Candle_Used_B.SM_Candle_Used_B
[2019.11.26-13.30.26:783][132]LogTexture: Display: Building textures: T_Chandelier_N (BC5, 4096X4096)
[2019.11.26-13.30.26:783][132]LogTexture: Display: Building textures: T_Chandelier_C (AutoDXT, 4096X4096)
[2019.11.26-13.30.26:783][132]LogTexture: Display: Building textures: T_Chandelier_A (AutoDXT, 4096X4096)
[2019.11.26-13.30.26:783][132]LogTexture: Display: Building textures: T_CandleHolder_Bronze_N (BC5, 4096X4096)
[2019.11.26-13.30.26:783][132]LogStaticMesh: Building static mesh SM_CandleHolder_Bronze...
[2019.11.26-13.30.26:803][132]LogStaticMesh: Built static mesh [0.02s] /Game/MedievalDungeon/Meshes/Props/SM_CandleHolder_Bronze.SM_CandleHolder_Bronze
[2019.11.26-13.30.37:299][132]LogTexture: Display: Building textures: T_CandleHolder_Bronze_C (AutoDXT, 4096X4096)
[2019.11.26-13.30.37:299][132]LogTexture: Display: Building textures: T_CandleHolder_Bronze_A (AutoDXT, 4096X4096)
[2019.11.26-13.30.37:299][132]LogTexture: Display: Building textures: T_Candles_A (AutoDXT, 2048X2048)
[2019.11.26-13.30.37:299][132]LogTexture: Display: Building textures: T_CandleStick_Iron_N (BC5, 4096X4096)
[2019.11.26-13.30.37:299][132]LogTexture: Display: Building textures: T_CandleStick_Iron_C (AutoDXT, 4096X4096)
[2019.11.26-13.30.37:299][132]LogTexture: Display: Building textures: ThumbnailTexture (DXT1, 512X512)
[2019.11.26-13.30.37:299][132]LogStaticMesh: Building static mesh SM_Bones_FemurLeft...
[2019.11.26-13.30.37:311][132]LogStaticMesh: Built static mesh [0.01s] /Game/MedievalDungeon/Meshes/Skeletons/SM_Bones_FemurLeft.SM_Bones_FemurLeft
[2019.11.26-13.30.37:317][132]LogStaticMesh: Building static mesh SM_Bones_ClavicalRight...
[2019.11.26-13.30.37:319][132]LogStaticMesh: Built static mesh [0.00s] /Game/MedievalDungeon/Meshes/Skeletons/SM_Bones_ClavicalRight.SM_Bones_ClavicalRight
[2019.11.26-13.30.37:721][132]LogTexture: Display: Building textures: T_Candles_N (BC5, 2048X2048)
[2019.11.26-13.30.37:721][132]LogTexture: Display: Building textures: T_CandleStick_Bronze_A (AutoDXT, 4096X4096)
[2019.11.26-13.30.46:901][132]LogTexture: Display: Building textures: T_Candles_C (AutoDXT, 2048X2048)
[2019.11.26-13.30.46:901][132]LogTexture: Display: Building textures: T_CandleHolder_Iron_N (BC5, 4096X4096)
[2019.11.26-13.30.46:901][132]LogTexture: Display: Building textures: T_CandleHolder_Iron_C (AutoDXT, 4096X4096)
[2019.11.26-13.30.46:901][132]LogTexture: Display: Building textures: T_CandleHolder_Iron_A (AutoDXT, 4096X4096)
[2019.11.26-13.30.46:901][132]LogTexture: Display: Building textures: T_CandleStick_Bronze_C (AutoDXT, 4096X4096)
[2019.11.26-13.31.03:152][132]LogTexture: Display: Building textures: T_Cell_Door_Front_N (BC5, 4096X4096)
[2019.11.26-13.31.03:152][132]LogTexture: Display: Building textures: T_Cell_Door_Front_C (AutoDXT, 4096X4096)
[2019.11.26-13.31.03:152][132]LogTexture: Display: Building textures: T_Cell_Door_Front_A (AutoDXT, 4096X4096)
[2019.11.26-13.31.03:152][132]LogTexture: Display: Building textures: T_CandleStick_Bronze_N (BC5, 4096X4096)
[2019.11.26-13.31.05:416][132]LogStaticMesh: Building static mesh SM_Candle...
[2019.11.26-13.31.05:425][132]LogStaticMesh: Built static mesh [0.01s] /Game/MedievalDungeon/Meshes/Props/SM_Candle.SM_Candle
[2019.11.26-13.31.05:470][132]LogStaticMesh: Building static mesh SM_CandleStick_Iron...
[2019.11.26-13.31.05:507][132]LogStaticMesh: Built static mesh [0.04s] /Game/MedievalDungeon/Meshes/Props/SM_CandleStick_Iron.SM_CandleStick_Iron
[2019.11.26-13.31.05:519][132]LogStaticMesh: Building static mesh SM_CandleHolder_Iron...
[2019.11.26-13.31.05:541][132]LogStaticMesh: Built static mesh [0.02s] /Game/MedievalDungeon/Meshes/Props/SM_CandleHolder_Iron.SM_CandleHolder_Iron
[2019.11.26-13.31.05:726][132]LogStaticMesh: Building static mesh SM_Candle_Holder...
[2019.11.26-13.31.05:942][132]LogStaticMesh: Built static mesh [0.22s] /Game/MedievalDungeon/Meshes/Props/SM_Candle_Holder.SM_Candle_Holder
[2019.11.26-13.31.06:007][132]LogStaticMesh: Building static mesh SM_Candle_Used_A...
[2019.11.26-13.31.06:025][132]LogStaticMesh: Built static mesh [0.02s] /Game/MedievalDungeon/Meshes/Props/SM_Candle_Used_A.SM_Candle_Used_A
[2019.11.26-13.31.06:043][132]LogStaticMesh: Building static mesh SM_Candle_Used_C...
[2019.11.26-13.31.06:054][132]LogStaticMesh: Built static mesh [0.01s] /Game/MedievalDungeon/Meshes/Props/SM_Candle_Used_C.SM_Candle_Used_C
[2019.11.26-13.31.06:160][132]LogStaticMesh: Building static mesh SM_Half_Arch...
[2019.11.26-13.31.06:276][132]LogStaticMesh: Built static mesh [0.12s] /Game/MedievalDungeon/Meshes/Architecture/Dungeon/SM_Half_Arch.SM_Half_Arch
[2019.11.26-13.31.06:316][132]LogStaticMesh: Building static mesh SM_Large_Window_Half...
[2019.11.26-13.31.06:340][132]LogStaticMesh: Built static mesh [0.02s] /Game/MedievalDungeon/Meshes/Architecture/Dungeon/SM_Large_Window_Half.SM_Large_Window_Half
[2019.11.26-13.31.06:444][132]LogTexture: Display: Building textures: T_Candle_Holder_A (AutoDXT, 2048X2048)
[2019.11.26-13.31.10:084][132]LogTexture: Display: Building textures: T_Candle_Holder_C (AutoDXT, 2048X2048)
[2019.11.26-13.31.14:710][132]LogTexture: Display: Building textures: T_Metal_A (AutoDXT, 2048X2048)
[2019.11.26-13.31.14:710][132]LogTexture: Display: Building textures: T_Candle_Holder_N (BC5, 2048X2048)
[2019.11.26-13.31.15:374][132]LogTexture: Display: Building textures: T_DoorWay_Large_Door_Left_Normal (BC5, 4096X4096)
[2019.11.26-13.31.15:374][132]LogMaterial: Display: Missing cached shader map for material M_Master, compiling. 
[2019.11.26-13.31.15:543][132]LogStaticMesh: Building static mesh SM_Cell_Front...
[2019.11.26-13.31.15:575][132]LogStaticMesh: Built static mesh [0.03s] /Game/MedievalDungeon/Meshes/Architecture/Dungeon/SM_Cell_Front.SM_Cell_Front
[2019.11.26-13.31.16:207][132]LogTexture: Display: Building textures: T_DoorWay_Large_Door_Left_Compact (AutoDXT, 4096X4096)
[2019.11.26-13.31.16:207][132]LogStaticMesh: Building static mesh SM_Chandelier...
[2019.11.26-13.31.17:388][132]LogStaticMesh: Built static mesh [1.18s] /Game/MedievalDungeon/Meshes/Props/SM_Chandelier.SM_Chandelier
[2019.11.26-13.31.17:468][132]LogMaterial: Display: Missing cached shader map for material M_Flicker_Light_Function, compiling. 
[2019.11.26-13.31.17:493][132]LogStaticMesh: Building static mesh SM_Cell_Door...
[2019.11.26-13.31.17:514][132]LogStaticMesh: Built static mesh [0.02s] /Game/MedievalDungeon/Meshes/Architecture/Dungeon/SM_Cell_Door.SM_Cell_Door
[2019.11.26-13.31.17:666][132]LogTexture: Display: Building textures: T_Metal_C (AutoDXT, 2048X2048)
[2019.11.26-13.31.22:193][132]LogTexture: Display: Building textures: T_DoorWay_Large_Door_Left_Albedo (AutoDXT, 4096X4096)
[2019.11.26-13.31.22:193][132]LogTexture: Display: Building textures: T_Metal_N (BC5, 2048X2048)
[2019.11.26-13.31.36:854][132]LogTexture: Display: Building textures: T_CandleStick_Iron_A (AutoDXT, 4096X4096)
[2019.11.26-13.31.36:854][132]LogStaticMesh: Building static mesh SM_DoorWay_Large_Door_Left...
[2019.11.26-13.31.36:894][132]LogStaticMesh: Built static mesh [0.04s] /Game/MedievalDungeon/Meshes/Architecture/Dungeon/SM_DoorWay_Large_Door_Left.SM_DoorWay_Large_Door_Left
[2019.11.26-13.31.37:025][132]LogTexture: Display: Building textures: T_Gibbet_Cage_Mount_Texturing_A (AutoDXT, 2048X2048)
[2019.11.26-13.31.42:699][132]LogTexture: Display: Building textures: T_Large_Window_Half_N (BC5, 4096X4096)
[2019.11.26-13.31.42:699][132]LogTexture: Display: Building textures: T_Large_Window_Half_C (AutoDXT, 4096X4096)
[2019.11.26-13.31.42:699][132]LogTexture: Display: Building textures: T_Large_Window_Half_A (AutoDXT, 4096X4096)
[2019.11.26-13.31.42:699][132]LogTexture: Display: Building textures: T_Gibbet_Cage_Mount_Texturing_C (AutoDXT, 2048X2048)
[2019.11.26-13.31.47:867][132]LogTexture: Display: Building textures: T_Gibbet_Cage_Mount_Texturing_N (BC5, 2048X2048)
[2019.11.26-13.31.48:751][132]LogStaticMesh: Building static mesh SM_Gibbet_Cage...
[2019.11.26-13.31.48:831][132]LogStaticMesh: Built static mesh [0.08s] /Game/MedievalDungeon/Meshes/Props/SM_Gibbet_Cage.SM_Gibbet_Cage
[2019.11.26-13.31.48:847][132]LogStaticMesh: Building static mesh SM_Gibbet_Cage_Wall_Mount...
[2019.11.26-13.31.48:854][132]LogStaticMesh: Built static mesh [0.01s] /Game/MedievalDungeon/Meshes/Props/SM_Gibbet_Cage_Wall_Mount.SM_Gibbet_Cage_Wall_Mount
[2019.11.26-13.31.48:879][132]LogStaticMesh: Building static mesh SM_DoorWay...
[2019.11.26-13.31.48:921][132]LogStaticMesh: Built static mesh [0.04s] /Game/MedievalDungeon/Meshes/Architecture/Dungeon/SM_DoorWay.SM_DoorWay
[2019.11.26-13.31.48:984][132]LogStaticMesh: Building static mesh SM_DoorWay_Large_Door_Right...
[2019.11.26-13.31.49:069][132]LogStaticMesh: Built static mesh [0.09s] /Game/MedievalDungeon/Meshes/Architecture/Dungeon/SM_DoorWay_Large_Door_Right.SM_DoorWay_Large_Door_Right
[2019.11.26-13.31.49:105][132]LogStaticMesh: Building static mesh SM_Crypt_Doorway...
[2019.11.26-13.31.49:141][132]LogStaticMesh: Built static mesh [0.04s] /Game/MedievalDungeon/Meshes/Architecture/Crypt/SM_Crypt_Doorway.SM_Crypt_Doorway
[2019.11.26-13.31.49:268][132]LogTexture: Display: Building textures: T_DoorHardware_Albedo (AutoDXT, 2048X2048)
[2019.11.26-13.31.53:171][132]LogTexture: Display: Building textures: T_DoorHardware_C (AutoDXT, 2048X2048)
[2019.11.26-13.31.57:438][132]LogTexture: Display: Building textures: T_DoorWay_Large_DoorRight_Compact (AutoDXT, 4096X4096)
[2019.11.26-13.31.57:438][132]LogTexture: Display: Building textures: T_DoorWay_Large_Door_Right_Normal (BC5, 4096X4096)
[2019.11.26-13.31.57:438][132]LogTexture: Display: Building textures: T_DoorHardware_N (BC5, 2048X2048)
[2019.11.26-13.31.58:095][132]LogMaterial: Display: Missing cached shader map for material M_Candles_Master, compiling. 
[2019.11.26-13.31.58:149][132]LogStaticMesh: Building static mesh SM_Bones_FemurRight...
[2019.11.26-13.31.58:162][132]LogStaticMesh: Built static mesh [0.01s] /Game/MedievalDungeon/Meshes/Skeletons/SM_Bones_FemurRight.SM_Bones_FemurRight
[2019.11.26-13.31.58:170][132]LogStaticMesh: Building static mesh SM_Bones_FibulaLeft...
[2019.11.26-13.31.58:174][132]LogStaticMesh: Built static mesh [0.00s] /Game/MedievalDungeon/Meshes/Skeletons/SM_Bones_FibulaLeft.SM_Bones_FibulaLeft
[2019.11.26-13.31.58:180][132]LogStaticMesh: Building static mesh SM_Bones_FibulaRight...
[2019.11.26-13.31.58:184][132]LogStaticMesh: Built static mesh [0.00s] /Game/MedievalDungeon/Meshes/Skeletons/SM_Bones_FibulaRight.SM_Bones_FibulaRight
[2019.11.26-13.32.21:877][132]LogTexture: Display: Building textures: T_DoorWay_Large_Door_Right_Albedo (AutoDXT, 4096X4096)
[2019.11.26-13.32.21:877][132]LogTexture: Display: Building textures: T_Medieval_Dungeon_LUT (BGRA8, 256X16)
[2019.11.26-13.32.21:877][132]LogTexture: Display: Building textures: T_Skeleton_Dirty_N (BC5, 2048X2048)
[2019.11.26-13.32.21:877][132]LogTexture: Display: Building textures: T_Skeleton_Dirty_C (AutoDXT, 2048X2048)
[2019.11.26-13.32.21:877][132]LogTexture: Display: Building textures: T_Skeleton_Dirty_A (AutoDXT, 2048X2048)
[2019.11.26-13.32.21:877][132]LogTexture: Display: Building textures: T_Skeleton_Clean_N (BC5, 2048X2048)
[2019.11.26-13.32.21:877][132]LogStaticMesh: Building static mesh SM_Decor_Chains_A...
[2019.11.26-13.32.22:575][132]LogTexture: Display: Building textures: T_Skeleton_Clean_C (AutoDXT, 2048X2048)
[2019.11.26-13.32.22:575][132]LogStaticMesh: Built static mesh [0.70s] /Game/MedievalDungeon/Meshes/Props/SM_Decor_Chains_A.SM_Decor_Chains_A
[2019.11.26-13.32.23:289][132]LogTexture: Display: Building textures: T_Skeleton_Clean_A (AutoDXT, 2048X2048)
[2019.11.26-13.32.23:289][132]LogStaticMesh: Building static mesh SM_Skeleton_05...
[2019.11.26-13.32.26:804][132]LogTexture: Display: Building textures: T_Wood_N (BC5, 4096X4096)
[2019.11.26-13.32.26:804][132]LogStaticMesh: Built static mesh [3.51s] /Game/MedievalDungeon/Meshes/Skeletons/SM_Skeleton_05.SM_Skeleton_05
[2019.11.26-13.32.27:387][132]LogTexture: Display: Building textures: T_Wood_C (AutoDXT, 4096X4096)
[2019.11.26-13.32.27:387][132]LogStaticMesh: Building static mesh SM_Skeleton_03...
[2019.11.26-13.32.27:984][132]LogStaticMesh: Built static mesh [0.60s] /Game/MedievalDungeon/Meshes/Skeletons/SM_Skeleton_03.SM_Skeleton_03
[2019.11.26-13.32.28:652][132]LogStaticMesh: Building static mesh SM_Skeleton_02...
[2019.11.26-13.32.29:136][132]LogStaticMesh: Built static mesh [0.48s] /Game/MedievalDungeon/Meshes/Skeletons/SM_Skeleton_02.SM_Skeleton_02
[2019.11.26-13.32.29:825][132]LogTexture: Display: Building textures: T_Wood_A (AutoDXT, 4096X4096)
[2019.11.26-13.32.29:825][132]LogStaticMesh: Building static mesh SM_Skeleton_01...
[2019.11.26-13.32.30:313][132]LogStaticMesh: Built static mesh [0.49s] /Game/MedievalDungeon/Meshes/Skeletons/SM_Skeleton_01.SM_Skeleton_01
[2019.11.26-13.32.30:426][132]LogStaticMesh: Building static mesh SM_Bones_UlnaRight...
[2019.11.26-13.32.30:429][132]LogStaticMesh: Built static mesh [0.00s] /Game/MedievalDungeon/Meshes/Skeletons/SM_Bones_UlnaRight.SM_Bones_UlnaRight
[2019.11.26-13.32.30:434][132]LogStaticMesh: Building static mesh SM_Bones_UlnaLeft...
[2019.11.26-13.32.30:437][132]LogStaticMesh: Built static mesh [0.00s] /Game/MedievalDungeon/Meshes/Skeletons/SM_Bones_UlnaLeft.SM_Bones_UlnaLeft
[2019.11.26-13.32.30:451][132]LogStaticMesh: Building static mesh SM_Bones_TibiaRight...
[2019.11.26-13.32.30:483][132]LogStaticMesh: Built static mesh [0.03s] /Game/MedievalDungeon/Meshes/Skeletons/SM_Bones_TibiaRight.SM_Bones_TibiaRight
[2019.11.26-13.32.30:498][132]LogStaticMesh: Building static mesh SM_Bones_TibiaLeft...
[2019.11.26-13.32.30:507][132]LogStaticMesh: Built static mesh [0.01s] /Game/MedievalDungeon/Meshes/Skeletons/SM_Bones_TibiaLeft.SM_Bones_TibiaLeft
[2019.11.26-13.32.30:550][132]LogStaticMesh: Building static mesh SM_Bones_Skull...
[2019.11.26-13.32.30:593][132]LogStaticMesh: Built static mesh [0.04s] /Game/MedievalDungeon/Meshes/Skeletons/SM_Bones_Skull.SM_Bones_Skull
[2019.11.26-13.32.30:611][132]LogStaticMesh: Building static mesh SM_Bones_ScapulaLeft...
[2019.11.26-13.32.30:617][132]LogStaticMesh: Built static mesh [0.01s] /Game/MedievalDungeon/Meshes/Skeletons/SM_Bones_ScapulaLeft.SM_Bones_ScapulaLeft
[2019.11.26-13.32.30:837][132]LogStaticMesh: Building static mesh SM_Bones_RibCage...
[2019.11.26-13.32.31:010][132]LogStaticMesh: Built static mesh [0.17s] /Game/MedievalDungeon/Meshes/Skeletons/SM_Bones_RibCage.SM_Bones_RibCage
[2019.11.26-13.32.31:052][132]LogStaticMesh: Building static mesh SM_Bones_RadiusRight...
[2019.11.26-13.32.31:055][132]LogStaticMesh: Built static mesh [0.00s] /Game/MedievalDungeon/Meshes/Skeletons/SM_Bones_RadiusRight.SM_Bones_RadiusRight
[2019.11.26-13.32.31:061][132]LogStaticMesh: Building static mesh SM_Bones_RadiusLeft...
[2019.11.26-13.32.31:066][132]LogStaticMesh: Built static mesh [0.00s] /Game/MedievalDungeon/Meshes/Skeletons/SM_Bones_RadiusLeft.SM_Bones_RadiusLeft
[2019.11.26-13.32.31:081][132]LogStaticMesh: Building static mesh SM_Bones_Neck...
[2019.11.26-13.32.31:091][132]LogStaticMesh: Built static mesh [0.01s] /Game/MedievalDungeon/Meshes/Skeletons/SM_Bones_Neck.SM_Bones_Neck
[2019.11.26-13.32.31:157][132]LogStaticMesh: Building static mesh SM_Bones_Leg...
[2019.11.26-13.32.31:226][132]LogStaticMesh: Built static mesh [0.07s] /Game/MedievalDungeon/Meshes/Skeletons/SM_Bones_Leg.SM_Bones_Leg
[2019.11.26-13.32.31:249][132]LogStaticMesh: Building static mesh SM_Bones_Jaw...
[2019.11.26-13.32.31:254][132]LogStaticMesh: Built static mesh [0.01s] /Game/MedievalDungeon/Meshes/Skeletons/SM_Bones_Jaw.SM_Bones_Jaw
[2019.11.26-13.32.31:296][132]LogStaticMesh: Building static mesh SM_Bones_Hips...
[2019.11.26-13.32.31:328][132]LogStaticMesh: Built static mesh [0.03s] /Game/MedievalDungeon/Meshes/Skeletons/SM_Bones_Hips.SM_Bones_Hips
[2019.11.26-13.32.31:354][132]LogStaticMesh: Building static mesh SM_Bones_HandRight...
[2019.11.26-13.32.31:365][132]LogStaticMesh: Built static mesh [0.01s] /Game/MedievalDungeon/Meshes/Skeletons/SM_Bones_HandRight.SM_Bones_HandRight
[2019.11.26-13.32.31:380][132]LogStaticMesh: Building static mesh SM_Bones_HandLeft...
[2019.11.26-13.32.31:391][132]LogStaticMesh: Built static mesh [0.01s] /Game/MedievalDungeon/Meshes/Skeletons/SM_Bones_HandLeft.SM_Bones_HandLeft
[2019.11.26-13.32.31:416][132]LogStaticMesh: Building static mesh SM_Bones_FootLeft...
[2019.11.26-13.32.31:432][132]LogStaticMesh: Built static mesh [0.02s] /Game/MedievalDungeon/Meshes/Skeletons/SM_Bones_FootLeft.SM_Bones_FootLeft
[2019.11.26-13.32.31:438][132]LogStaticMesh: Building static mesh SM_Bones_ClavicalLeft...
[2019.11.26-13.32.31:440][132]LogStaticMesh: Built static mesh [0.00s] /Game/MedievalDungeon/Meshes/Skeletons/SM_Bones_ClavicalLeft.SM_Bones_ClavicalLeft
[2019.11.26-13.32.31:444][132]LogMaterial: Display: Missing cached shader map for material M_Skeleton_Dirty, compiling. 
[2019.11.26-13.32.31:485][132]LogStaticMesh: Building static mesh SM_Bones_Arm...
[2019.11.26-13.32.31:522][132]LogStaticMesh: Built static mesh [0.04s] /Game/MedievalDungeon/Meshes/Skeletons/SM_Bones_Arm.SM_Bones_Arm
[2019.11.26-13.32.50:657][132]LogTexture: Display: Building textures: T_Table_N (BC5, 4096X4096)
[2019.11.26-13.32.50:657][132]LogTexture: Display: Building textures: T_Table_C (AutoDXT, 4096X4096)
[2019.11.26-13.32.50:657][132]LogStaticMesh: Building static mesh SM_Wood_G...
[2019.11.26-13.32.50:663][132]LogStaticMesh: Built static mesh [0.01s] /Game/MedievalDungeon/Meshes/Props/SM_Wood_G.SM_Wood_G
[2019.11.26-13.32.50:679][132]LogStaticMesh: Building static mesh SM_Torture_Chair...
[2019.11.26-13.32.50:718][132]LogStaticMesh: Built static mesh [0.04s] /Game/MedievalDungeon/Meshes/Props/SM_Torture_Chair.SM_Torture_Chair
