Log file open, 11/28/19 11:13:40
LogWindows: Failed to load 'aqProf.dll' (GetLastError=126)
LogWindows: File 'aqProf.dll' does not exist
LogWindows: Failed to load 'VtuneApi.dll' (GetLastError=126)
LogWindows: File 'VtuneApi.dll' does not exist
LogWindows: Failed to load 'VtuneApi32e.dll' (GetLastError=126)
LogWindows: File 'VtuneApi32e.dll' does not exist
LogConsoleResponse: Display: Failed to find resolution value strings in scalability ini. Falling back to default.
LogInit: Display: Running engine for game: BatteryCollector
LogPakFile: Registered encryption key '00000000000000000000000000000000': 0 pak files mounted, 0 remain pending
LogPlatformFile: Not using cached read wrapper
LogTaskGraph: Started task graph with 5 named threads and 14 total threads with 3 sets of task threads.
LogStats: Stats thread started at 0.183486
LogD3D11RHI: Loaded GFSDK_Aftermath_Lib.x64.dll
LogICUInternationalization: ICU TimeZone Detection - Raw Offset: +2:00, Platform Override: ''
LogPluginManager: Mounting plugin Paper2D
LogPluginManager: Mounting plugin AISupport
LogPluginManager: Mounting plugin LightPropagationVolume
LogPluginManager: Mounting plugin ActorLayerUtilities
LogPluginManager: Mounting plugin AnimationSharing
LogPluginManager: Mounting plugin CLionSourceCodeAccess
LogPluginManager: Mounting plugin CodeLiteSourceCodeAccess
LogPluginManager: Mounting plugin GitSourceControl
LogPluginManager: Mounting plugin KDevelopSourceCodeAccess
LogPluginManager: Mounting plugin NullSourceCodeAccess
LogPluginManager: Mounting plugin PerforceSourceControl
LogPluginManager: Mounting plugin SubversionSourceControl
LogPluginManager: Mounting plugin UObjectPlugin
LogPluginManager: Mounting plugin VisualStudioCodeSourceCodeAccess
LogPluginManager: Mounting plugin VisualStudioSourceCodeAccess
LogPluginManager: Mounting plugin XCodeSourceCodeAccess
LogPluginManager: Mounting plugin AssetManagerEditor
LogPluginManager: Mounting plugin CryptoKeys
LogPluginManager: Mounting plugin DataValidation
LogPluginManager: Mounting plugin FacialAnimation
LogPluginManager: Mounting plugin GameplayTagsEditor
LogPluginManager: Mounting plugin MacGraphicsSwitching
LogPluginManager: Mounting plugin MaterialAnalyzer
LogPluginManager: Mounting plugin MobileLauncherProfileWizard
LogPluginManager: Mounting plugin PluginBrowser
LogPluginManager: Mounting plugin SpeedTreeImporter
LogPluginManager: Mounting plugin DatasmithContent
LogPluginManager: Mounting plugin VariantManagerContent
LogPluginManager: Mounting plugin AlembicImporter
LogPluginManager: Mounting plugin AppleImageUtils
LogPluginManager: Mounting plugin AppleVision
LogPluginManager: Mounting plugin BackChannel
LogPluginManager: Mounting plugin CharacterAI
LogPluginManager: Mounting plugin GeometryCache
LogPluginManager: Mounting plugin HTML5Networking
LogPluginManager: Mounting plugin ProxyLODPlugin
LogPluginManager: Mounting plugin SkeletalReduction
LogPluginManager: Mounting plugin MagicLeap
LogPluginManager: Mounting plugin MagicLeapMedia
LogPluginManager: Mounting plugin AndroidMedia
LogPluginManager: Mounting plugin AvfMedia
LogPluginManager: Mounting plugin ImgMedia
LogPluginManager: Mounting plugin LinearTimecode
LogPluginManager: Mounting plugin MediaCompositing
LogPluginManager: Mounting plugin MediaPlayerEditor
LogPluginManager: Mounting plugin WebMMedia
LogPluginManager: Mounting plugin WmfMedia
LogPluginManager: Mounting plugin TcpMessaging
LogPluginManager: Mounting plugin UdpMessaging
LogPluginManager: Mounting plugin ActorSequence
LogPluginManager: Mounting plugin LevelSequenceEditor
LogPluginManager: Mounting plugin MatineeToLevelSequence
LogPluginManager: Mounting plugin NetcodeUnitTest
LogPluginManager: Mounting plugin NUTUnrealEngine4
LogPluginManager: Mounting plugin OnlineSubsystemGooglePlay
LogPluginManager: Mounting plugin OnlineSubsystemIOS
LogPluginManager: Mounting plugin OnlineSubsystem
LogPluginManager: Mounting plugin OnlineSubsystemNull
LogPluginManager: Mounting plugin OnlineSubsystemUtils
LogPluginManager: Mounting plugin LauncherChunkInstaller
LogPluginManager: Mounting plugin AndroidDeviceProfileSelector
LogPluginManager: Mounting plugin AndroidMoviePlayer
LogPluginManager: Mounting plugin AndroidPermission
LogPluginManager: Mounting plugin AppleMoviePlayer
LogPluginManager: Mounting plugin ArchVisCharacter
LogPluginManager: Mounting plugin AudioCapture
LogPluginManager: Mounting plugin CableComponent
LogPluginManager: Mounting plugin CustomMeshComponent
LogPluginManager: Mounting plugin EditableMesh
LogPluginManager: Mounting plugin ExampleDeviceProfileSelector
LogPluginManager: Mounting plugin Firebase
LogPluginManager: Mounting plugin GoogleCloudMessaging
LogPluginManager: Mounting plugin IOSDeviceProfileSelector
LogPluginManager: Mounting plugin LinuxDeviceProfileSelector
LogPluginManager: Mounting plugin LocationServicesBPLibrary
LogPluginManager: Mounting plugin MobilePatchingUtils
LogPluginManager: Mounting plugin OculusVR
LogPluginManager: Mounting plugin PhysXVehicles
LogPluginManager: Mounting plugin ProceduralMeshComponent
LogPluginManager: Mounting plugin RuntimePhysXCooking
LogPluginManager: Mounting plugin SignificanceManager
LogPluginManager: Mounting plugin SteamVR
LogPluginManager: Mounting plugin WebMMoviePlayer
LogPluginManager: Mounting plugin WindowsMoviePlayer
LogInit: Using libcurl 7.55.1-DEV
LogInit:  - built for x86_64-pc-win32
LogInit:  - supports SSL with OpenSSL/1.1.1
LogInit:  - supports HTTP deflate (compression) using libz 1.2.8
LogInit:  - other features:
LogInit:      CURL_VERSION_SSL
LogInit:      CURL_VERSION_LIBZ
LogInit:      CURL_VERSION_IPV6
LogInit:      CURL_VERSION_ASYNCHDNS
LogInit:      CURL_VERSION_LARGEFILE
LogInit:      CURL_VERSION_IDN
LogInit:  CurlRequestOptions (configurable via config and command line):
LogInit:  - bVerifyPeer = true  - Libcurl will verify peer certificate
LogInit:  - bUseHttpProxy = false  - Libcurl will NOT use HTTP proxy
LogInit:  - bDontReuseConnections = false  - Libcurl will reuse connections
LogInit:  - MaxHostConnections = 16  - Libcurl will limit the number of connections to a host
LogInit:  - LocalHostAddr = Default
LogInit:  - BufferSize = 65536
LogInit: WinSock: version 1.1 (2.2), MaxSocks=32767, MaxUdp=65467
LogInit: Build: ++UE4+Release-4.22-CL-7053642
LogInit: Engine Version: 4.22.3-7053642+++UE4+Release-4.22
LogInit: Compatible Engine Version: 4.22.0-5660361+++UE4+Release-4.22
LogInit: Net CL: 5660361
LogInit: OS: Windows 10 (Release 1903) (), CPU: Intel(R) Core(TM) i5-7500 CPU @ 3.40GHz, GPU: NVIDIA GeForce GTX 1060 6GB
LogInit: Compiled (64-bit): Jun 18 2019 03:09:11
LogInit: Compiled with Visual C++: 19.16.27025.01
LogInit: Build Configuration: Development
LogInit: Branch Name: ++UE4+Release-4.22
LogInit: Command Line:  -EpicPortal -epicusername=GilbertMochi -epicuserid=c7720e0659c04a6ab9f9e7d8d1bc83d3 -epiclocale=en-US
LogInit: Base Directory: C:/Program Files/Epic Games/UE_4.22/Engine/Binaries/Win64/
LogInit: Installed Engine Build: 1
LogDevObjectVersion: Number of dev versions registered: 23
LogDevObjectVersion:   Dev-Blueprints (B0D832E4-1F89-4F0D-ACCF-7EB736FD4AA2): 10
LogDevObjectVersion:   Dev-Build (E1C64328-A22C-4D53-A36C-8E866417BD8C): 0
LogDevObjectVersion:   Dev-Core (375EC13C-06E4-48FB-B500-84F0262A717E): 3
LogDevObjectVersion:   Dev-Editor (E4B068ED-F494-42E9-A231-DA0B2E46BB41): 30
LogDevObjectVersion:   Dev-Framework (CFFC743F-43B0-4480-9391-14DF171D2073): 35
LogDevObjectVersion:   Dev-Mobile (B02B49B5-BB20-44E9-A304-32B752E40360): 2
LogDevObjectVersion:   Dev-Networking (A4E4105C-59A1-49B5-A7C5-40C4547EDFEE): 0
LogDevObjectVersion:   Dev-Online (39C831C9-5AE6-47DC-9A44-9C173E1C8E7C): 0
LogDevObjectVersion:   Dev-Physics (78F01B33-EBEA-4F98-B9B4-84EACCB95AA2): 0
LogDevObjectVersion:   Dev-Platform (6631380F-2D4D-43E0-8009-CF276956A95A): 0
LogDevObjectVersion:   Dev-Rendering (12F88B9F-8875-4AFC-A67C-D90C383ABD29): 28
LogDevObjectVersion:   Dev-Sequencer (7B5AE74C-D270-4C10-A958-57980B212A5A): 11
LogDevObjectVersion:   Dev-VR (D7296918-1DD6-4BDD-9DE2-64A83CC13884): 2
LogDevObjectVersion:   Dev-LoadTimes (C2A15278-BFE7-4AFE-6C17-90FF531DF755): 1
LogDevObjectVersion:   Private-Geometry (6EACA3D4-40EC-4CC1-B786-8BED09428FC5): 3
LogDevObjectVersion:   Dev-AnimPhys (29E575DD-E0A3-4627-9D10-D276232CDCEA): 17
LogDevObjectVersion:   Dev-Anim (AF43A65D-7FD3-4947-9873-3E8ED9C1BB05): 2
LogDevObjectVersion:   Dev-ReflectionCapture (6B266CEC-1EC7-4B8F-A30B-E4D90942FC07): 1
LogDevObjectVersion:   Dev-Automation (0DF73D61-A23F-47EA-B727-89E90C41499A): 1
LogDevObjectVersion:   FortniteMain (601D1886-AC64-4F84-AA16-D3DE0DEAC7D6): 25
LogDevObjectVersion:   Dev-Enterprise (9DFFBCD6-494F-0158-E221-12823C92A888): 6
LogDevObjectVersion:   Dev-Niagara (F2AED0AC-9AFE-416F-8664-AA7FFA26D6FC): 1
LogDevObjectVersion:   Dev-Destruction (174F1F0B-B4C6-45A5-B13F-2EE8D0FB917D): 2
LogInit: Presizing for max 16777216 objects, including 0 objects not considered by GC, pre-allocating 0 bytes for permanent pool.
LogInit: Object subsystem initialized
LogConfig: Setting CVar [[con.DebugEarlyDefault:1]]
LogConfig: Setting CVar [[r.setres:1280x720]]
[2019.11.28-09.13.41:089][  0]LogConfig: Setting CVar [[r.VSync:0]]
[2019.11.28-09.13.41:089][  0]LogConfig: Setting CVar [[r.RHICmdBypass:0]]
[2019.11.28-09.13.41:089][  0]LogConfig: Applying CVar settings from Section [/Script/Engine.RendererSettings] File [C:/Users/janessa.aulen/Documents/ueCppPractice/BatteryCollector/Saved/Config/Windows/Engine.ini]
[2019.11.28-09.13.41:089][  0]LogConfig: Setting CVar [[r.GPUCrashDebugging:0]]
[2019.11.28-09.13.41:089][  0]LogConfig: Applying CVar settings from Section [/Script/Engine.RendererOverrideSettings] File [C:/Users/janessa.aulen/Documents/ueCppPractice/BatteryCollector/Saved/Config/Windows/Engine.ini]
[2019.11.28-09.13.41:089][  0]LogConfig: Applying CVar settings from Section [/Script/Engine.StreamingSettings] File [C:/Users/janessa.aulen/Documents/ueCppPractice/BatteryCollector/Saved/Config/Windows/Engine.ini]
[2019.11.28-09.13.41:089][  0]LogConfig: Setting CVar [[s.MinBulkDataSizeForAsyncLoading:131072]]
[2019.11.28-09.13.41:089][  0]LogConfig: Setting CVar [[s.AsyncLoadingThreadEnabled:0]]
[2019.11.28-09.13.41:089][  0]LogConfig: Setting CVar [[s.EventDrivenLoaderEnabled:1]]
[2019.11.28-09.13.41:089][  0]LogConfig: Setting CVar [[s.WarnIfTimeLimitExceeded:0]]
[2019.11.28-09.13.41:089][  0]LogConfig: Setting CVar [[s.TimeLimitExceededMultiplier:1.5]]
[2019.11.28-09.13.41:090][  0]LogConfig: Setting CVar [[s.TimeLimitExceededMinTime:0.005]]
[2019.11.28-09.13.41:090][  0]LogConfig: Setting CVar [[s.UseBackgroundLevelStreaming:1]]
[2019.11.28-09.13.41:090][  0]LogConfig: Setting CVar [[s.PriorityAsyncLoadingExtraTime:15.0]]
[2019.11.28-09.13.41:090][  0]LogConfig: Setting CVar [[s.LevelStreamingActorsUpdateTimeLimit:5.0]]
[2019.11.28-09.13.41:090][  0]LogConfig: Setting CVar [[s.PriorityLevelStreamingActorsUpdateExtraTime:5.0]]
[2019.11.28-09.13.41:090][  0]LogConfig: Setting CVar [[s.LevelStreamingComponentsRegistrationGranularity:10]]
[2019.11.28-09.13.41:090][  0]LogConfig: Setting CVar [[s.UnregisterComponentsTimeLimit:1.0]]
[2019.11.28-09.13.41:090][  0]LogConfig: Setting CVar [[s.LevelStreamingComponentsUnregistrationGranularity:5]]
[2019.11.28-09.13.41:090][  0]LogConfig: Applying CVar settings from Section [/Script/Engine.GarbageCollectionSettings] File [C:/Users/janessa.aulen/Documents/ueCppPractice/BatteryCollector/Saved/Config/Windows/Engine.ini]
[2019.11.28-09.13.41:090][  0]LogConfig: Setting CVar [[gc.MaxObjectsNotConsideredByGC:1]]
[2019.11.28-09.13.41:090][  0]LogConfig: Setting CVar [[gc.SizeOfPermanentObjectPool:0]]
[2019.11.28-09.13.41:090][  0]LogConfig: Setting CVar [[gc.FlushStreamingOnGC:0]]
[2019.11.28-09.13.41:090][  0]LogConfig: Setting CVar [[gc.NumRetriesBeforeForcingGC:10]]
[2019.11.28-09.13.41:090][  0]LogConfig: Setting CVar [[gc.AllowParallelGC:1]]
[2019.11.28-09.13.41:090][  0]LogConfig: Setting CVar [[gc.TimeBetweenPurgingPendingKillObjects:61.1]]
[2019.11.28-09.13.41:090][  0]LogConfig: Setting CVar [[gc.MaxObjectsInEditor:16777216]]
[2019.11.28-09.13.41:090][  0]LogConfig: Setting CVar [[gc.IncrementalBeginDestroyEnabled:1]]
[2019.11.28-09.13.41:090][  0]LogConfig: Setting CVar [[gc.CreateGCClusters:1]]
[2019.11.28-09.13.41:090][  0]LogConfig: Setting CVar [[gc.MinGCClusterSize:5]]
[2019.11.28-09.13.41:090][  0]LogConfig: Setting CVar [[gc.ActorClusteringEnabled:0]]
[2019.11.28-09.13.41:090][  0]LogConfig: Setting CVar [[gc.BlueprintClusteringEnabled:0]]
[2019.11.28-09.13.41:090][  0]LogConfig: Setting CVar [[gc.UseDisregardForGCOnDedicatedServers:0]]
[2019.11.28-09.13.41:090][  0]LogConfig: Applying CVar settings from Section [/Script/Engine.NetworkSettings] File [C:/Users/janessa.aulen/Documents/ueCppPractice/BatteryCollector/Saved/Config/Windows/Engine.ini]
[2019.11.28-09.13.41:090][  0]LogConfig: Applying CVar settings from Section [/Script/UnrealEd.CookerSettings] File [C:/Users/janessa.aulen/Documents/ueCppPractice/BatteryCollector/Saved/Config/Windows/Engine.ini]
[2019.11.28-09.13.41:096][  0]LogConfig: Applying CVar settings from Section [ViewDistanceQuality@3] File [C:/Users/janessa.aulen/Documents/ueCppPractice/BatteryCollector/Saved/Config/Windows/Scalability.ini]
[2019.11.28-09.13.41:096][  0]LogConfig: Setting CVar [[r.SkeletalMeshLODBias:0]]
[2019.11.28-09.13.41:096][  0]LogConfig: Setting CVar [[r.ViewDistanceScale:1.0]]
[2019.11.28-09.13.41:096][  0]LogConfig: Applying CVar settings from Section [AntiAliasingQuality@3] File [C:/Users/janessa.aulen/Documents/ueCppPractice/BatteryCollector/Saved/Config/Windows/Scalability.ini]
[2019.11.28-09.13.41:096][  0]LogConfig: Setting CVar [[r.PostProcessAAQuality:4]]
[2019.11.28-09.13.41:096][  0]LogConfig: Applying CVar settings from Section [ShadowQuality@3] File [C:/Users/janessa.aulen/Documents/ueCppPractice/BatteryCollector/Saved/Config/Windows/Scalability.ini]
[2019.11.28-09.13.41:096][  0]LogConfig: Setting CVar [[r.LightFunctionQuality:1]]
[2019.11.28-09.13.41:096][  0]LogConfig: Setting CVar [[r.ShadowQuality:5]]
[2019.11.28-09.13.41:096][  0]LogConfig: Setting CVar [[r.Shadow.CSM.MaxCascades:10]]
[2019.11.28-09.13.41:096][  0]LogConfig: Setting CVar [[r.Shadow.MaxResolution:2048]]
[2019.11.28-09.13.41:096][  0]LogConfig: Setting CVar [[r.Shadow.MaxCSMResolution:2048]]
[2019.11.28-09.13.41:096][  0]LogConfig: Setting CVar [[r.Shadow.RadiusThreshold:0.01]]
[2019.11.28-09.13.41:096][  0]LogConfig: Setting CVar [[r.Shadow.DistanceScale:1.0]]
[2019.11.28-09.13.41:096][  0]LogConfig: Setting CVar [[r.Shadow.CSM.TransitionScale:1.0]]
[2019.11.28-09.13.41:096][  0]LogConfig: Setting CVar [[r.Shadow.PreShadowResolutionFactor:1.0]]
[2019.11.28-09.13.41:096][  0]LogConfig: Setting CVar [[r.DistanceFieldShadowing:1]]
[2019.11.28-09.13.41:096][  0]LogConfig: Setting CVar [[r.DistanceFieldAO:1]]
[2019.11.28-09.13.41:096][  0]LogConfig: Setting CVar [[r.AOQuality:2]]
[2019.11.28-09.13.41:096][  0]LogConfig: Setting CVar [[r.VolumetricFog:1]]
[2019.11.28-09.13.41:096][  0]LogConfig: Setting CVar [[r.VolumetricFog.GridPixelSize:8]]
[2019.11.28-09.13.41:096][  0]LogConfig: Setting CVar [[r.VolumetricFog.GridSizeZ:128]]
[2019.11.28-09.13.41:096][  0]LogConfig: Setting CVar [[r.VolumetricFog.HistoryMissSupersampleCount:4]]
[2019.11.28-09.13.41:096][  0]LogConfig: Setting CVar [[r.LightMaxDrawDistanceScale:1]]
[2019.11.28-09.13.41:096][  0]LogConfig: Setting CVar [[r.CapsuleShadows:1]]
[2019.11.28-09.13.41:096][  0]LogConfig: Applying CVar settings from Section [PostProcessQuality@3] File [C:/Users/janessa.aulen/Documents/ueCppPractice/BatteryCollector/Saved/Config/Windows/Scalability.ini]
[2019.11.28-09.13.41:096][  0]LogConfig: Setting CVar [[r.MotionBlurQuality:4]]
[2019.11.28-09.13.41:096][  0]LogConfig: Setting CVar [[r.AmbientOcclusionMipLevelFactor:0.4]]
[2019.11.28-09.13.41:096][  0]LogConfig: Setting CVar [[r.AmbientOcclusionMaxQuality:100]]
[2019.11.28-09.13.41:096][  0]LogConfig: Setting CVar [[r.AmbientOcclusionLevels:-1]]
[2019.11.28-09.13.41:096][  0]LogConfig: Setting CVar [[r.AmbientOcclusionRadiusScale:1.0]]
[2019.11.28-09.13.41:096][  0]LogConfig: Setting CVar [[r.DepthOfFieldQuality:2]]
[2019.11.28-09.13.41:096][  0]LogConfig: Setting CVar [[r.RenderTargetPoolMin:400]]
[2019.11.28-09.13.41:096][  0]LogConfig: Setting CVar [[r.LensFlareQuality:2]]
[2019.11.28-09.13.41:096][  0]LogConfig: Setting CVar [[r.SceneColorFringeQuality:1]]
[2019.11.28-09.13.41:096][  0]LogConfig: Setting CVar [[r.EyeAdaptationQuality:2]]
[2019.11.28-09.13.41:096][  0]LogConfig: Setting CVar [[r.BloomQuality:5]]
[2019.11.28-09.13.41:096][  0]LogConfig: Setting CVar [[r.FastBlurThreshold:100]]
[2019.11.28-09.13.41:096][  0]LogConfig: Setting CVar [[r.Upscale.Quality:3]]
[2019.11.28-09.13.41:096][  0]LogConfig: Setting CVar [[r.Tonemapper.GrainQuantization:1]]
[2019.11.28-09.13.41:096][  0]LogConfig: Setting CVar [[r.LightShaftQuality:1]]
[2019.11.28-09.13.41:096][  0]LogConfig: Setting CVar [[r.Filter.SizeScale:1]]
[2019.11.28-09.13.41:096][  0]LogConfig: Setting CVar [[r.Tonemapper.Quality:5]]
[2019.11.28-09.13.41:096][  0]LogConfig: Setting CVar [[r.DOF.Gather.AccumulatorQuality:1        ; higher gathering accumulator quality]]
[2019.11.28-09.13.41:096][  0]LogConfig: Setting CVar [[r.DOF.Gather.PostfilterMethod:1          ; Median3x3 postfilering method]]
[2019.11.28-09.13.41:096][  0]LogConfig: Setting CVar [[r.DOF.Gather.EnableBokehSettings:0       ; no bokeh simulation when gathering]]
[2019.11.28-09.13.41:096][  0]LogConfig: Setting CVar [[r.DOF.Gather.RingCount:4                 ; medium number of samples when gathering]]
[2019.11.28-09.13.41:096][  0]LogConfig: Setting CVar [[r.DOF.Scatter.ForegroundCompositing:1    ; additive foreground scattering]]
[2019.11.28-09.13.41:096][  0]LogConfig: Setting CVar [[r.DOF.Scatter.BackgroundCompositing:2    ; additive background scattering]]
[2019.11.28-09.13.41:096][  0]LogConfig: Setting CVar [[r.DOF.Scatter.EnableBokehSettings:1      ; bokeh simulation when scattering]]
[2019.11.28-09.13.41:096][  0]LogConfig: Setting CVar [[r.DOF.Scatter.MaxSpriteRatio:0.1         ; only a maximum of 10% of scattered bokeh]]
[2019.11.28-09.13.41:096][  0]LogConfig: Setting CVar [[r.DOF.Recombine.Quality:1                ; cheap slight out of focus]]
[2019.11.28-09.13.41:096][  0]LogConfig: Setting CVar [[r.DOF.Recombine.EnableBokehSettings:0    ; no bokeh simulation on slight out of focus]]
[2019.11.28-09.13.41:096][  0]LogConfig: Setting CVar [[r.DOF.TemporalAAQuality:1                ; more stable temporal accumulation]]
[2019.11.28-09.13.41:096][  0]LogConfig: Setting CVar [[r.DOF.Kernel.MaxForegroundRadius:0.025]]
[2019.11.28-09.13.41:096][  0]LogConfig: Setting CVar [[r.DOF.Kernel.MaxBackgroundRadius:0.025]]
[2019.11.28-09.13.41:096][  0]LogConfig: Applying CVar settings from Section [TextureQuality@3] File [C:/Users/janessa.aulen/Documents/ueCppPractice/BatteryCollector/Saved/Config/Windows/Scalability.ini]
[2019.11.28-09.13.41:096][  0]LogConfig: Setting CVar [[r.Streaming.MipBias:0]]
[2019.11.28-09.13.41:096][  0]LogConfig: Setting CVar [[r.Streaming.AmortizeCPUToGPUCopy:0]]
[2019.11.28-09.13.41:096][  0]LogConfig: Setting CVar [[r.Streaming.MaxNumTexturesToStreamPerFrame:0]]
[2019.11.28-09.13.41:096][  0]LogConfig: Setting CVar [[r.Streaming.Boost:1]]
[2019.11.28-09.13.41:096][  0]LogConfig: Setting CVar [[r.MaxAnisotropy:8]]
[2019.11.28-09.13.41:097][  0]LogConfig: Setting CVar [[r.Streaming.LimitPoolSizeToVRAM:0]]
[2019.11.28-09.13.41:097][  0]LogConfig: Setting CVar [[r.Streaming.PoolSize:1000]]
[2019.11.28-09.13.41:097][  0]LogConfig: Setting CVar [[r.Streaming.MaxEffectiveScreenSize:0]]
[2019.11.28-09.13.41:097][  0]LogConfig: Applying CVar settings from Section [EffectsQuality@3] File [C:/Users/janessa.aulen/Documents/ueCppPractice/BatteryCollector/Saved/Config/Windows/Scalability.ini]
[2019.11.28-09.13.41:097][  0]LogConfig: Setting CVar [[r.TranslucencyLightingVolumeDim:64]]
[2019.11.28-09.13.41:097][  0]LogConfig: Setting CVar [[r.RefractionQuality:2]]
[2019.11.28-09.13.41:097][  0]LogConfig: Setting CVar [[r.SSR.Quality:3]]
[2019.11.28-09.13.41:097][  0]LogConfig: Setting CVar [[r.SceneColorFormat:4]]
[2019.11.28-09.13.41:097][  0]LogConfig: Setting CVar [[r.DetailMode:2]]
[2019.11.28-09.13.41:097][  0]LogConfig: Setting CVar [[r.TranslucencyVolumeBlur:1]]
[2019.11.28-09.13.41:097][  0]LogConfig: Setting CVar [[r.MaterialQualityLevel:1 ; High quality]]
[2019.11.28-09.13.41:097][  0]LogConfig: Setting CVar [[r.SSS.Scale:1]]
[2019.11.28-09.13.41:097][  0]LogConfig: Setting CVar [[r.SSS.SampleSet:2]]
[2019.11.28-09.13.41:097][  0]LogConfig: Setting CVar [[r.SSS.Quality:1]]
[2019.11.28-09.13.41:097][  0]LogConfig: Setting CVar [[r.SSS.HalfRes:1]]
[2019.11.28-09.13.41:097][  0]LogConfig: Setting CVar [[r.EmitterSpawnRateScale:1.0]]
[2019.11.28-09.13.41:097][  0]LogConfig: Setting CVar [[r.ParticleLightQuality:2]]
[2019.11.28-09.13.41:097][  0]LogConfig: Applying CVar settings from Section [FoliageQuality@3] File [C:/Users/janessa.aulen/Documents/ueCppPractice/BatteryCollector/Saved/Config/Windows/Scalability.ini]
[2019.11.28-09.13.41:097][  0]LogConfig: Setting CVar [[foliage.DensityScale:1.0]]
[2019.11.28-09.13.41:097][  0]LogConfig: Setting CVar [[grass.DensityScale:1.0]]
[2019.11.28-09.13.41:097][  0]LogInit: Selected Device Profile: [Windows]
[2019.11.28-09.13.41:097][  0]LogInit: Applying CVar settings loaded from the selected device profile: [Windows]
[2019.11.28-09.13.41:118][  0]LogHAL: Display: Platform has ~ 16 GB [17066573824 / 17179869184 / 16], which maps to Larger [LargestMinGB=32, LargerMinGB=12, DefaultMinGB=8, SmallerMinGB=6, SmallestMinGB=0)
[2019.11.28-09.13.41:118][  0]LogConfig: Setting CVar [[r.Vulkan.UseRealUBs:0		; Required until we fix HLR fall-out]]
[2019.11.28-09.13.41:118][  0]LogInit: Going up to parent DeviceProfile []
[2019.11.28-09.13.41:118][  0]LogConfig: Applying CVar settings from Section [ViewDistanceQuality@3] File [C:/Users/janessa.aulen/Documents/ueCppPractice/BatteryCollector/Saved/Config/Windows/Scalability.ini]
[2019.11.28-09.13.41:118][  0]LogConfig: Setting CVar [[r.SkeletalMeshLODBias:0]]
[2019.11.28-09.13.41:118][  0]LogConfig: Setting CVar [[r.ViewDistanceScale:1.0]]
[2019.11.28-09.13.41:119][  0]LogConfig: Applying CVar settings from Section [AntiAliasingQuality@3] File [C:/Users/janessa.aulen/Documents/ueCppPractice/BatteryCollector/Saved/Config/Windows/Scalability.ini]
[2019.11.28-09.13.41:119][  0]LogConfig: Setting CVar [[r.PostProcessAAQuality:4]]
[2019.11.28-09.13.41:119][  0]LogConfig: Applying CVar settings from Section [ShadowQuality@3] File [C:/Users/janessa.aulen/Documents/ueCppPractice/BatteryCollector/Saved/Config/Windows/Scalability.ini]
[2019.11.28-09.13.41:119][  0]LogConfig: Setting CVar [[r.LightFunctionQuality:1]]
[2019.11.28-09.13.41:119][  0]LogConfig: Setting CVar [[r.ShadowQuality:5]]
[2019.11.28-09.13.41:119][  0]LogConfig: Setting CVar [[r.Shadow.CSM.MaxCascades:10]]
[2019.11.28-09.13.41:119][  0]LogConfig: Setting CVar [[r.Shadow.MaxResolution:2048]]
[2019.11.28-09.13.41:119][  0]LogConfig: Setting CVar [[r.Shadow.MaxCSMResolution:2048]]
[2019.11.28-09.13.41:119][  0]LogConfig: Setting CVar [[r.Shadow.RadiusThreshold:0.01]]
[2019.11.28-09.13.41:119][  0]LogConfig: Setting CVar [[r.Shadow.DistanceScale:1.0]]
[2019.11.28-09.13.41:119][  0]LogConfig: Setting CVar [[r.Shadow.CSM.TransitionScale:1.0]]
[2019.11.28-09.13.41:119][  0]LogConfig: Setting CVar [[r.Shadow.PreShadowResolutionFactor:1.0]]
[2019.11.28-09.13.41:119][  0]LogConfig: Setting CVar [[r.DistanceFieldShadowing:1]]
[2019.11.28-09.13.41:119][  0]LogConfig: Setting CVar [[r.DistanceFieldAO:1]]
[2019.11.28-09.13.41:119][  0]LogConfig: Setting CVar [[r.AOQuality:2]]
[2019.11.28-09.13.41:119][  0]LogConfig: Setting CVar [[r.VolumetricFog:1]]
[2019.11.28-09.13.41:119][  0]LogConfig: Setting CVar [[r.VolumetricFog.GridPixelSize:8]]
[2019.11.28-09.13.41:119][  0]LogConfig: Setting CVar [[r.VolumetricFog.GridSizeZ:128]]
[2019.11.28-09.13.41:119][  0]LogConfig: Setting CVar [[r.VolumetricFog.HistoryMissSupersampleCount:4]]
[2019.11.28-09.13.41:119][  0]LogConfig: Setting CVar [[r.LightMaxDrawDistanceScale:1]]
[2019.11.28-09.13.41:119][  0]LogConfig: Setting CVar [[r.CapsuleShadows:1]]
[2019.11.28-09.13.41:119][  0]LogConfig: Applying CVar settings from Section [PostProcessQuality@3] File [C:/Users/janessa.aulen/Documents/ueCppPractice/BatteryCollector/Saved/Config/Windows/Scalability.ini]
[2019.11.28-09.13.41:119][  0]LogConfig: Setting CVar [[r.MotionBlurQuality:4]]
[2019.11.28-09.13.41:119][  0]LogConfig: Setting CVar [[r.AmbientOcclusionMipLevelFactor:0.4]]
[2019.11.28-09.13.41:119][  0]LogConfig: Setting CVar [[r.AmbientOcclusionMaxQuality:100]]
[2019.11.28-09.13.41:119][  0]LogConfig: Setting CVar [[r.AmbientOcclusionLevels:-1]]
[2019.11.28-09.13.41:119][  0]LogConfig: Setting CVar [[r.AmbientOcclusionRadiusScale:1.0]]
[2019.11.28-09.13.41:119][  0]LogConfig: Setting CVar [[r.DepthOfFieldQuality:2]]
[2019.11.28-09.13.41:119][  0]LogConfig: Setting CVar [[r.RenderTargetPoolMin:400]]
[2019.11.28-09.13.41:119][  0]LogConfig: Setting CVar [[r.LensFlareQuality:2]]
[2019.11.28-09.13.41:119][  0]LogConfig: Setting CVar [[r.SceneColorFringeQuality:1]]
[2019.11.28-09.13.41:119][  0]LogConfig: Setting CVar [[r.EyeAdaptationQuality:2]]
[2019.11.28-09.13.41:119][  0]LogConfig: Setting CVar [[r.BloomQuality:5]]
[2019.11.28-09.13.41:119][  0]LogConfig: Setting CVar [[r.FastBlurThreshold:100]]
[2019.11.28-09.13.41:119][  0]LogConfig: Setting CVar [[r.Upscale.Quality:3]]
[2019.11.28-09.13.41:119][  0]LogConfig: Setting CVar [[r.Tonemapper.GrainQuantization:1]]
[2019.11.28-09.13.41:119][  0]LogConfig: Setting CVar [[r.LightShaftQuality:1]]
[2019.11.28-09.13.41:119][  0]LogConfig: Setting CVar [[r.Filter.SizeScale:1]]
[2019.11.28-09.13.41:119][  0]LogConfig: Setting CVar [[r.Tonemapper.Quality:5]]
[2019.11.28-09.13.41:119][  0]LogConfig: Setting CVar [[r.DOF.Gather.AccumulatorQuality:1        ; higher gathering accumulator quality]]
[2019.11.28-09.13.41:119][  0]LogConfig: Setting CVar [[r.DOF.Gather.PostfilterMethod:1          ; Median3x3 postfilering method]]
[2019.11.28-09.13.41:119][  0]LogConfig: Setting CVar [[r.DOF.Gather.EnableBokehSettings:0       ; no bokeh simulation when gathering]]
[2019.11.28-09.13.41:119][  0]LogConfig: Setting CVar [[r.DOF.Gather.RingCount:4                 ; medium number of samples when gathering]]
[2019.11.28-09.13.41:119][  0]LogConfig: Setting CVar [[r.DOF.Scatter.ForegroundCompositing:1    ; additive foreground scattering]]
[2019.11.28-09.13.41:119][  0]LogConfig: Setting CVar [[r.DOF.Scatter.BackgroundCompositing:2    ; additive background scattering]]
[2019.11.28-09.13.41:119][  0]LogConfig: Setting CVar [[r.DOF.Scatter.EnableBokehSettings:1      ; bokeh simulation when scattering]]
[2019.11.28-09.13.41:119][  0]LogConfig: Setting CVar [[r.DOF.Scatter.MaxSpriteRatio:0.1         ; only a maximum of 10% of scattered bokeh]]
[2019.11.28-09.13.41:119][  0]LogConfig: Setting CVar [[r.DOF.Recombine.Quality:1                ; cheap slight out of focus]]
[2019.11.28-09.13.41:119][  0]LogConfig: Setting CVar [[r.DOF.Recombine.EnableBokehSettings:0    ; no bokeh simulation on slight out of focus]]
[2019.11.28-09.13.41:119][  0]LogConfig: Setting CVar [[r.DOF.TemporalAAQuality:1                ; more stable temporal accumulation]]
[2019.11.28-09.13.41:119][  0]LogConfig: Setting CVar [[r.DOF.Kernel.MaxForegroundRadius:0.025]]
[2019.11.28-09.13.41:119][  0]LogConfig: Setting CVar [[r.DOF.Kernel.MaxBackgroundRadius:0.025]]
[2019.11.28-09.13.41:119][  0]LogConfig: Applying CVar settings from Section [TextureQuality@3] File [C:/Users/janessa.aulen/Documents/ueCppPractice/BatteryCollector/Saved/Config/Windows/Scalability.ini]
[2019.11.28-09.13.41:119][  0]LogConfig: Setting CVar [[r.Streaming.MipBias:0]]
[2019.11.28-09.13.41:119][  0]LogConfig: Setting CVar [[r.Streaming.AmortizeCPUToGPUCopy:0]]
[2019.11.28-09.13.41:119][  0]LogConfig: Setting CVar [[r.Streaming.MaxNumTexturesToStreamPerFrame:0]]
[2019.11.28-09.13.41:119][  0]LogConfig: Setting CVar [[r.Streaming.Boost:1]]
[2019.11.28-09.13.41:119][  0]LogConfig: Setting CVar [[r.MaxAnisotropy:8]]
[2019.11.28-09.13.41:119][  0]LogConfig: Setting CVar [[r.Streaming.LimitPoolSizeToVRAM:0]]
[2019.11.28-09.13.41:119][  0]LogConfig: Setting CVar [[r.Streaming.PoolSize:1000]]
[2019.11.28-09.13.41:119][  0]LogConfig: Setting CVar [[r.Streaming.MaxEffectiveScreenSize:0]]
[2019.11.28-09.13.41:119][  0]LogConfig: Applying CVar settings from Section [EffectsQuality@3] File [C:/Users/janessa.aulen/Documents/ueCppPractice/BatteryCollector/Saved/Config/Windows/Scalability.ini]
[2019.11.28-09.13.41:119][  0]LogConfig: Setting CVar [[r.TranslucencyLightingVolumeDim:64]]
[2019.11.28-09.13.41:119][  0]LogConfig: Setting CVar [[r.RefractionQuality:2]]
[2019.11.28-09.13.41:119][  0]LogConfig: Setting CVar [[r.SSR.Quality:3]]
[2019.11.28-09.13.41:119][  0]LogConfig: Setting CVar [[r.SceneColorFormat:4]]
[2019.11.28-09.13.41:119][  0]LogConfig: Setting CVar [[r.DetailMode:2]]
[2019.11.28-09.13.41:119][  0]LogConfig: Setting CVar [[r.TranslucencyVolumeBlur:1]]
[2019.11.28-09.13.41:119][  0]LogConfig: Setting CVar [[r.MaterialQualityLevel:1 ; High quality]]
[2019.11.28-09.13.41:119][  0]LogConfig: Setting CVar [[r.SSS.Scale:1]]
[2019.11.28-09.13.41:119][  0]LogConfig: Setting CVar [[r.SSS.SampleSet:2]]
[2019.11.28-09.13.41:119][  0]LogConfig: Setting CVar [[r.SSS.Quality:1]]
[2019.11.28-09.13.41:119][  0]LogConfig: Setting CVar [[r.SSS.HalfRes:1]]
[2019.11.28-09.13.41:119][  0]LogConfig: Setting CVar [[r.EmitterSpawnRateScale:1.0]]
[2019.11.28-09.13.41:119][  0]LogConfig: Setting CVar [[r.ParticleLightQuality:2]]
[2019.11.28-09.13.41:119][  0]LogConfig: Applying CVar settings from Section [FoliageQuality@3] File [C:/Users/janessa.aulen/Documents/ueCppPractice/BatteryCollector/Saved/Config/Windows/Scalability.ini]
[2019.11.28-09.13.41:119][  0]LogConfig: Setting CVar [[foliage.DensityScale:1.0]]
[2019.11.28-09.13.41:119][  0]LogConfig: Setting CVar [[grass.DensityScale:1.0]]
[2019.11.28-09.13.41:119][  0]LogConfig: Applying CVar settings from Section [Startup] File [../../../Engine/Config/ConsoleVariables.ini]
[2019.11.28-09.13.41:120][  0]LogConfig: Setting CVar [[net.UseAdaptiveNetUpdateFrequency:0]]
[2019.11.28-09.13.41:120][  0]LogConfig: Setting CVar [[p.chaos.AllowCreatePhysxBodies:1]]
[2019.11.28-09.13.41:120][  0]LogConfig: Applying CVar settings from Section [ConsoleVariables] File [C:/Users/janessa.aulen/Documents/ueCppPractice/BatteryCollector/Saved/Config/Windows/Engine.ini]
[2019.11.28-09.13.41:120][  0]LogInit: Computer: GAMELAB-47
[2019.11.28-09.13.41:120][  0]LogInit: User: janessaaulen
[2019.11.28-09.13.41:120][  0]LogInit: CPU Page size=4096, Cores=4
[2019.11.28-09.13.41:120][  0]LogInit: High frequency timer resolution =10.000000 MHz
[2019.11.28-09.13.41:120][  0]LogMemory: Memory total: Physical=15.9GB (16GB approx)
[2019.11.28-09.13.41:120][  0]LogMemory: Platform Memory Stats for Windows
[2019.11.28-09.13.41:120][  0]LogMemory: Process Physical Memory: 96.65 MB used, 96.65 MB peak
[2019.11.28-09.13.41:120][  0]LogMemory: Process Virtual Memory: 84.00 MB used, 84.00 MB peak
[2019.11.28-09.13.41:120][  0]LogMemory: Physical Memory: 8161.73 MB used,  8114.22 MB free, 16275.95 MB total
[2019.11.28-09.13.41:120][  0]LogMemory: Virtual Memory: 4624.89 MB used,  134213104.00 MB free, 134217728.00 MB total
[2019.11.28-09.13.41:145][  0]LogInit: Using OS detected language (en-US).
[2019.11.28-09.13.41:145][  0]LogInit: Using OS detected locale (en-FI).
[2019.11.28-09.13.41:146][  0]LogTextLocalizationManager: No specific localization for 'en-US' exists, so the 'en' localization will be used.
[2019.11.28-09.13.41:320][  0]LogInit: Setting process to per monitor DPI aware
[2019.11.28-09.13.41:341][  0]LogSlate: New Slate User Created.  User Index 0, Is Virtual User: 0
[2019.11.28-09.13.41:341][  0]LogSlate: Slate User Registered.  User Index 0, Is Virtual User: 0
[2019.11.28-09.13.41:518][  0]LogHMD: Failed to initialize OpenVR with code 110
[2019.11.28-09.13.41:518][  0]LogD3D11RHI: D3D11 adapters:
[2019.11.28-09.13.41:592][  0]LogD3D11RHI:    0. 'NVIDIA GeForce GTX 1060 6GB' (Feature Level 11_0)
[2019.11.28-09.13.41:592][  0]LogD3D11RHI:       6052/0/8137 MB DedicatedVideo/DedicatedSystem/SharedSystem, Outputs:2, VendorId:0x10de
[2019.11.28-09.13.41:623][  0]LogD3D11RHI:    1. 'Intel(R) HD Graphics 630' (Feature Level 11_0)
[2019.11.28-09.13.41:623][  0]LogD3D11RHI:       128/0/8137 MB DedicatedVideo/DedicatedSystem/SharedSystem, Outputs:0, VendorId:0x8086
[2019.11.28-09.13.41:625][  0]LogD3D11RHI:    2. 'Microsoft Basic Render Driver' (Feature Level 11_0)
[2019.11.28-09.13.41:625][  0]LogD3D11RHI:       0/0/8137 MB DedicatedVideo/DedicatedSystem/SharedSystem, Outputs:0, VendorId:0x1414
[2019.11.28-09.13.41:625][  0]LogD3D11RHI: Chosen D3D11 Adapter: 0
[2019.11.28-09.13.41:632][  0]LogD3D11RHI: Creating new Direct3DDevice
[2019.11.28-09.13.41:632][  0]LogD3D11RHI:     GPU DeviceId: 0x1c03 (for the marketing name, search the web for "GPU Device Id")
[2019.11.28-09.13.41:632][  0]LogWindows: EnumDisplayDevices:
[2019.11.28-09.13.41:632][  0]LogWindows:    0. 'NVIDIA GeForce GTX 1060 6GB' (P:1 D:1)
[2019.11.28-09.13.41:632][  0]LogWindows:    1. 'NVIDIA GeForce GTX 1060 6GB' (P:0 D:1)
[2019.11.28-09.13.41:633][  0]LogWindows:    2. 'NVIDIA GeForce GTX 1060 6GB' (P:0 D:0)
[2019.11.28-09.13.41:633][  0]LogWindows:    3. 'NVIDIA GeForce GTX 1060 6GB' (P:0 D:0)
[2019.11.28-09.13.41:633][  0]LogWindows:    4. 'Intel(R) HD Graphics 630' (P:0 D:0)
[2019.11.28-09.13.41:634][  0]LogWindows:    5. 'Intel(R) HD Graphics 630' (P:0 D:0)
[2019.11.28-09.13.41:634][  0]LogWindows:    6. 'Intel(R) HD Graphics 630' (P:0 D:0)
[2019.11.28-09.13.41:634][  0]LogWindows: DebugString: PrimaryIsNotTheChoosenAdapter PrimaryIsNotTheChoosenAdapter PrimaryIsNotTheChoosenAdapter FoundDriverCount:4 
[2019.11.28-09.13.41:634][  0]LogD3D11RHI:     Adapter Name: NVIDIA GeForce GTX 1060 6GB
[2019.11.28-09.13.41:634][  0]LogD3D11RHI:   Driver Version: 398.82 (internal:24.21.13.9882, unified:398.82)
[2019.11.28-09.13.41:634][  0]LogD3D11RHI:      Driver Date: 7-30-2018
[2019.11.28-09.13.41:634][  0]LogRHI: Texture pool is 4236 MB (70% of 6052 MB)
[2019.11.28-09.13.41:676][  0]LogD3D11RHI: Async texture creation enabled
[2019.11.28-09.13.41:680][  0]LogRendererCore: FGlobalReadBuffer::InitRHI
[2019.11.28-09.13.41:680][  0]LogRendererCore: FGlobalReadBuffer::InitRHI
[2019.11.28-09.13.41:680][  0]LogRendererCore: FGlobalReadBuffer::InitRHI
[2019.11.28-09.13.41:694][  0]LogD3D11RHI: GPU Timing Frequency: 1000.000000 (Debug: 2 2)
[2019.11.28-09.13.42:078][  0]LogTemp: Display: Module 'AllDesktopTargetPlatform' loaded TargetPlatform 'AllDesktop'
[2019.11.28-09.13.42:091][  0]LogTemp: Display: Module 'MacClientTargetPlatform' loaded TargetPlatform 'MacClient'
[2019.11.28-09.13.42:105][  0]LogTemp: Display: Module 'MacNoEditorTargetPlatform' loaded TargetPlatform 'MacNoEditor'
[2019.11.28-09.13.42:119][  0]LogTemp: Display: Module 'MacServerTargetPlatform' loaded TargetPlatform 'MacServer'
[2019.11.28-09.13.42:132][  0]LogTemp: Display: Module 'MacTargetPlatform' loaded TargetPlatform 'Mac'
[2019.11.28-09.13.42:145][  0]LogTemp: Display: Module 'WindowsClientTargetPlatform' loaded TargetPlatform 'WindowsClient'
[2019.11.28-09.13.42:159][  0]LogTemp: Display: Module 'WindowsNoEditorTargetPlatform' loaded TargetPlatform 'WindowsNoEditor'
[2019.11.28-09.13.42:173][  0]LogTemp: Display: Module 'WindowsServerTargetPlatform' loaded TargetPlatform 'WindowsServer'
[2019.11.28-09.13.42:180][  0]LogTemp: Display: Module 'WindowsTargetPlatform' loaded TargetPlatform 'Windows'
[2019.11.28-09.13.42:262][  0]LogTemp: Display: Module 'AndroidTargetPlatform' loaded TargetPlatform 'Android'
[2019.11.28-09.13.42:262][  0]LogTemp: Display: Module 'AndroidTargetPlatform' loaded TargetPlatform 'Android_ASTC'
[2019.11.28-09.13.42:262][  0]LogTemp: Display: Module 'AndroidTargetPlatform' loaded TargetPlatform 'Android_ATC'
[2019.11.28-09.13.42:262][  0]LogTemp: Display: Module 'AndroidTargetPlatform' loaded TargetPlatform 'Android_DXT'
[2019.11.28-09.13.42:262][  0]LogTemp: Display: Module 'AndroidTargetPlatform' loaded TargetPlatform 'Android_ETC1'
[2019.11.28-09.13.42:262][  0]LogTemp: Display: Module 'AndroidTargetPlatform' loaded TargetPlatform 'Android_ETC1a'
[2019.11.28-09.13.42:262][  0]LogTemp: Display: Module 'AndroidTargetPlatform' loaded TargetPlatform 'Android_ETC2'
[2019.11.28-09.13.42:262][  0]LogTemp: Display: Module 'AndroidTargetPlatform' loaded TargetPlatform 'Android_PVRTC'
[2019.11.28-09.13.42:262][  0]LogTemp: Display: Module 'AndroidTargetPlatform' loaded TargetPlatform 'AndroidClient'
[2019.11.28-09.13.42:262][  0]LogTemp: Display: Module 'AndroidTargetPlatform' loaded TargetPlatform 'Android_ASTCClient'
[2019.11.28-09.13.42:262][  0]LogTemp: Display: Module 'AndroidTargetPlatform' loaded TargetPlatform 'Android_ATCClient'
[2019.11.28-09.13.42:262][  0]LogTemp: Display: Module 'AndroidTargetPlatform' loaded TargetPlatform 'Android_DXTClient'
[2019.11.28-09.13.42:262][  0]LogTemp: Display: Module 'AndroidTargetPlatform' loaded TargetPlatform 'Android_ETC1Client'
[2019.11.28-09.13.42:262][  0]LogTemp: Display: Module 'AndroidTargetPlatform' loaded TargetPlatform 'Android_ETC1aClient'
[2019.11.28-09.13.42:262][  0]LogTemp: Display: Module 'AndroidTargetPlatform' loaded TargetPlatform 'Android_ETC2Client'
[2019.11.28-09.13.42:262][  0]LogTemp: Display: Module 'AndroidTargetPlatform' loaded TargetPlatform 'Android_PVRTCClient'
[2019.11.28-09.13.42:262][  0]LogTemp: Display: Module 'AndroidTargetPlatform' loaded TargetPlatform 'Android_Multi'
[2019.11.28-09.13.42:262][  0]LogTemp: Display: Module 'AndroidTargetPlatform' loaded TargetPlatform 'Android_MultiClient'
[2019.11.28-09.13.42:264][  0]LogTemp: Display: Module 'HTML5TargetPlatform' loaded TargetPlatform 'HTML5'
[2019.11.28-09.13.42:312][  0]LogTemp: Display: Module 'IOSTargetPlatform' loaded TargetPlatform 'IOSClient'
[2019.11.28-09.13.42:312][  0]LogTemp: Display: Module 'IOSTargetPlatform' loaded TargetPlatform 'IOS'
[2019.11.28-09.13.42:336][  0]LogTemp: Display: Module 'TVOSTargetPlatform' loaded TargetPlatform 'TVOSClient'
[2019.11.28-09.13.42:336][  0]LogTemp: Display: Module 'TVOSTargetPlatform' loaded TargetPlatform 'TVOS'
[2019.11.28-09.13.42:348][  0]LogTemp: Display: Module 'LinuxClientTargetPlatform' loaded TargetPlatform 'LinuxClient'
[2019.11.28-09.13.42:360][  0]LogTemp: Display: Module 'LinuxNoEditorTargetPlatform' loaded TargetPlatform 'LinuxNoEditor'
[2019.11.28-09.13.42:372][  0]LogTemp: Display: Module 'LinuxServerTargetPlatform' loaded TargetPlatform 'LinuxServer'
[2019.11.28-09.13.42:386][  0]LogTemp: Display: Module 'LinuxTargetPlatform' loaded TargetPlatform 'Linux'
[2019.11.28-09.13.42:430][  0]LogTemp: Display: Module 'LuminTargetPlatform' loaded TargetPlatform 'Lumin'
[2019.11.28-09.13.42:430][  0]LogTemp: Display: Module 'LuminTargetPlatform' loaded TargetPlatform 'LuminClient'
[2019.11.28-09.13.42:430][  0]LogTargetPlatformManager: Display: Building Assets For Windows
[2019.11.28-09.13.42:438][  0]LogAudioDebug: Display: Lib vorbis DLL was dynamically loaded.
[2019.11.28-09.13.42:498][  0]LogShaderCompilers: Guid format shader working directory is -24 characters bigger than the processId version (../../../../../../Users/janessa.aulen/Documents/ueCppPractice/BatteryCollector/Intermediate/Shaders/WorkingDirectory/4180/).
[2019.11.28-09.13.42:498][  0]LogShaderCompilers: Cleaned the shader compiler working directory 'C:/Users/janessa.aulen/AppData/Local/Temp/UnrealShaderWorkingDir/DA63A6E9410AC910169583B720D9EE68/'.
[2019.11.28-09.13.42:501][  0]LogXGEController: Cannot use XGE Controller as Incredibuild is not installed on this machine.
[2019.11.28-09.13.42:501][  0]LogShaderCompilers: Cannot use XGE Shader Compiler as Incredibuild is not installed on this machine.
[2019.11.28-09.13.42:501][  0]LogShaderCompilers: Display: Using Local Shader Compiler.
[2019.11.28-09.13.43:101][  0]LogDerivedDataCache: Display: Max Cache Size: 512 MB
[2019.11.28-09.13.43:149][  0]LogDerivedDataCache: Loaded boot cache 0.05s 72MB C:/Users/janessa.aulen/AppData/Local/UnrealEngine/4.22/DerivedDataCache/Boot.ddc.
[2019.11.28-09.13.43:150][  0]LogDerivedDataCache: Display: Loaded Boot cache: C:/Users/janessa.aulen/AppData/Local/UnrealEngine/4.22/DerivedDataCache/Boot.ddc
[2019.11.28-09.13.43:150][  0]LogDerivedDataCache: FDerivedDataBackendGraph:  Pak pak cache file ../../../../../../Users/janessa.aulen/Documents/ueCppPractice/BatteryCollector/DerivedDataCache/DDC.ddp not found, will not use a pak cache.
[2019.11.28-09.13.43:150][  0]LogDerivedDataCache: Unable to find inner node Pak for hierarchical cache Hierarchy.
[2019.11.28-09.13.43:150][  0]LogDerivedDataCache: FDerivedDataBackendGraph:  CompressedPak pak cache file ../../../../../../Users/janessa.aulen/Documents/ueCppPractice/BatteryCollector/DerivedDataCache/Compressed.ddp not found, will not use a pak cache.
[2019.11.28-09.13.43:150][  0]LogDerivedDataCache: Unable to find inner node CompressedPak for hierarchical cache Hierarchy.
[2019.11.28-09.13.43:162][  0]LogDerivedDataCache: Display: Pak cache opened for reading ../../../Engine/DerivedDataCache/Compressed.ddp.
[2019.11.28-09.13.43:163][  0]LogDerivedDataCache: FDerivedDataBackendGraph:  EnterprisePak pak cache file ../../../Enterprise/DerivedDataCache/Compressed.ddp not found, will not use a pak cache.
[2019.11.28-09.13.43:163][  0]LogDerivedDataCache: Unable to find inner node EnterprisePak for hierarchical cache Hierarchy.
[2019.11.28-09.13.43:175][  0]LogDerivedDataCache: Using Local data cache path C:/Users/janessa.aulen/AppData/Local/UnrealEngine/Common/DerivedDataCache: Writable
[2019.11.28-09.13.43:175][  0]LogDerivedDataCache: Shared data cache path not found in *engine.ini, will not use an Shared cache.
[2019.11.28-09.13.43:175][  0]LogDerivedDataCache: Unable to find inner node Shared for hierarchical cache Hierarchy.
[2019.11.28-09.13.43:195][  0]LogMaterial: Verifying Global Shaders for PCD3D_SM5
[2019.11.28-09.13.43:196][  0]LogSlate: Using FreeType 2.6.0
[2019.11.28-09.13.43:197][  0]LogSlate: SlateFontServices - WITH_FREETYPE: 1, WITH_HARFBUZZ: 1
[2019.11.28-09.13.43:280][  0]LogAssetRegistry: FAssetRegistry took 0.0335 seconds to start up
[2019.11.28-09.13.43:620][  0]LogInit: Selected Device Profile: [Windows]
[2019.11.28-09.13.43:705][  0]LogMeshReduction: Using QuadricMeshReduction for automatic static mesh reduction
[2019.11.28-09.13.43:705][  0]LogMeshReduction: Using SimplygonMeshReduction for automatic skeletal mesh reduction
[2019.11.28-09.13.43:705][  0]LogMeshReduction: Using ProxyLODMeshReduction for automatic mesh merging
[2019.11.28-09.13.43:705][  0]LogMeshReduction: No distributed automatic mesh merging module available
[2019.11.28-09.13.43:705][  0]LogMeshMerging: No distributed automatic mesh merging module available
[2019.11.28-09.13.43:794][  0]LogNetVersion: BatteryCollector 1.0.0, NetCL: 5660361, EngineNetVer: 10, GameNetVer: 0 (Checksum: 2114802313)
[2019.11.28-09.13.44:241][  0]LogPackageLocalizationCache: Processed 10 localized package path(s) for 1 prioritized culture(s) in 0.070421 seconds
[2019.11.28-09.13.44:248][  0]LogUObjectArray: 42205 objects as part of root set at end of initial load.
[2019.11.28-09.13.44:248][  0]LogUObjectAllocator: 7325032 out of 0 bytes used by permanent object pool.
[2019.11.28-09.13.44:248][  0]LogUObjectArray: CloseDisregardForGC: 0/0 objects in disregard for GC pool
[2019.11.28-09.13.45:047][  0]LogTcpMessaging: Initializing TcpMessaging bridge
[2019.11.28-09.13.45:061][  0]LogUdpMessaging: Initializing bridge on interface 0.0.0.0:0 to multicast group 230.0.0.1:6666.
[2019.11.28-09.13.45:365][  0]SourceControl: Source control is disabled
[2019.11.28-09.13.45:365][  0]SourceControl: Source control is disabled
[2019.11.28-09.13.45:367][  0]SourceControl: Source control is disabled
[2019.11.28-09.13.45:368][  0]SourceControl: Source control is disabled
[2019.11.28-09.13.45:490][  0]LogAndroidPermission: UAndroidPermissionCallbackProxy::GetInstance
[2019.11.28-09.13.45:726][  0]LogOcInput: OculusInput pre-init called
[2019.11.28-09.13.46:424][  0]LogEngine: Initializing Engine...
[2019.11.28-09.13.46:425][  0]LogHMD: Failed to initialize OpenVR with code 110
[2019.11.28-09.13.46:426][  0]LogStats: UGameplayTagsManager::InitializeManager -  0.000 s
[2019.11.28-09.13.46:630][  0]LogInit: Initializing FReadOnlyCVARCache
[2019.11.28-09.13.46:643][  0]LogAIModule: Creating AISystem for world Untitled
[2019.11.28-09.13.46:764][  0]LogInit: XAudio2 using 'Speakers (2- Stealth 600)' : 2 channels at 48 kHz using 16 bits per sample (channel mask 0x3)
[2019.11.28-09.13.46:790][  0]LogInit: FAudioDevice initialized.
[2019.11.28-09.13.46:791][  0]LogNetVersion: Set ProjectVersion to 1.0.0.0. Version Checksum will be recalculated on next use.
[2019.11.28-09.13.46:880][  0]LogDerivedDataCache: Saved boot cache 0.09s 72MB C:/Users/janessa.aulen/AppData/Local/UnrealEngine/4.22/DerivedDataCache/Boot.ddc.
[2019.11.28-09.13.46:889][  0]LogInit: Texture streaming: Enabled
[2019.11.28-09.13.46:906][  0]LogEngineSessionManager: EngineSessionManager initialized
[2019.11.28-09.13.46:925][  0]LogInit: Transaction tracking system initialized
[2019.11.28-09.13.46:950][  0]BlueprintLog: New page: Editor Load
[2019.11.28-09.13.47:039][  0]LocalizationService: Localization service is disabled
[2019.11.28-09.13.47:372][  0]LogFileCache: Scanning file cache for directory 'C:/Users/janessa.aulen/Documents/ueCppPractice/BatteryCollector/Content/' took 0.02s
[2019.11.28-09.13.47:372][  0]LogCook: Display: Max memory allowance for cook 16384mb min free memory 0mb
[2019.11.28-09.13.47:372][  0]LogCook: Display: Mobile HDR setting 1
[2019.11.28-09.13.47:559][  0]SourceControl: Source control is disabled
[2019.11.28-09.13.47:559][  0]Cmd: MAP LOAD FILE="../../../../../../Users/janessa.aulen/Documents/ueCppPractice/BatteryCollector/Content/Maps/Level1.umap" TEMPLATE=0 SHOWPROGRESS=1 FEATURELEVEL=3
[2019.11.28-09.13.47:575][  0]LightingResults: New page: Lighting Build
[2019.11.28-09.13.47:578][  0]MapCheck: New page: Map Check
[2019.11.28-09.13.47:578][  0]LightingResults: New page: Lighting Build
[2019.11.28-09.13.47:603][  0]LogUObjectHash: Compacting FUObjectHashTables data took   1.85ms
[2019.11.28-09.13.48:825][  0]LogAIModule: Creating AISystem for world Level1
[2019.11.28-09.13.48:839][  0]LogEditorServer: Finished looking for orphan Actors (0.000 secs)
[2019.11.28-09.13.48:863][  0]LogUObjectHash: Compacting FUObjectHashTables data took   2.02ms
[2019.11.28-09.13.48:863][  0]Cmd: MAP CHECKDEP NOCLEARLOG
[2019.11.28-09.13.48:863][  0]MapCheck: Map check complete: 0 Error(s), 0 Warning(s), took 0.16ms to complete.
[2019.11.28-09.13.48:863][  0]LogFileHelpers: Loading map 'Level1' took 1.304
[2019.11.28-09.13.48:993][  0]LogSlate: Updating window title bar state: overlay mode, drag disabled, window buttons hidden, title bar hidden
[2019.11.28-09.13.49:003][  0]LogSlate: Updating window title bar state: overlay mode, drag disabled, window buttons hidden, title bar hidden
[2019.11.28-09.13.49:010][  0]LogSlate: Updating window title bar state: overlay mode, drag disabled, window buttons hidden, title bar hidden
[2019.11.28-09.13.49:018][  0]LogSlate: Updating window title bar state: overlay mode, drag disabled, window buttons hidden, title bar hidden
[2019.11.28-09.13.49:035][  0]LogCollectionManager: Loaded 0 collections in 0.001551 seconds
[2019.11.28-09.13.49:064][  0]LogFileCache: Scanning file cache for directory 'C:/Users/janessa.aulen/Documents/ueCppPractice/BatteryCollector/Saved/Collections/' took 0.01s
[2019.11.28-09.13.49:064][  0]LogFileCache: Scanning file cache for directory 'C:/Users/janessa.aulen/Documents/ueCppPractice/BatteryCollector/Content/Developers/janessaaulen/Collections/' took 0.01s
[2019.11.28-09.13.49:064][  0]LogFileCache: Scanning file cache for directory 'C:/Users/janessa.aulen/Documents/ueCppPractice/BatteryCollector/Content/Collections/' took 0.00s
[2019.11.28-09.13.49:064][  0]LogCollectionManager: Rebuilt the GUID cache for 0 collections in 0.000000 seconds
[2019.11.28-09.13.49:072][  0]LogContentBrowser: Native class hierarchy populated in 0.0082 seconds. Added 2738 classes and 662 folders.
[2019.11.28-09.13.49:079][  0]LogContentBrowser: Native class hierarchy updated for 'WidgetCarousel' in 0.0003 seconds. Added 0 classes and 0 folders.
[2019.11.28-09.13.49:088][  0]LogPakFile: Registered encryption key '00000000000000000000000000000000': 0 pak files mounted, 0 remain pending
[2019.11.28-09.13.49:095][  0]LogPakFile: Registered encryption key '00000000000000000000000000000000': 0 pak files mounted, 0 remain pending
[2019.11.28-09.13.49:109][  0]LogPakFile: Registered encryption key '00000000000000000000000000000000': 0 pak files mounted, 0 remain pending
[2019.11.28-09.13.49:114][  0]LogPakFile: Registered encryption key '00000000000000000000000000000000': 0 pak files mounted, 0 remain pending
[2019.11.28-09.13.49:120][  0]LogPakFile: Registered encryption key '00000000000000000000000000000000': 0 pak files mounted, 0 remain pending
[2019.11.28-09.13.49:126][  0]LogPakFile: Registered encryption key '00000000000000000000000000000000': 0 pak files mounted, 0 remain pending
[2019.11.28-09.13.49:131][  0]LogPakFile: Registered encryption key '00000000000000000000000000000000': 0 pak files mounted, 0 remain pending
[2019.11.28-09.13.49:136][  0]LogPakFile: Registered encryption key '00000000000000000000000000000000': 0 pak files mounted, 0 remain pending
[2019.11.28-09.13.49:142][  0]LogPakFile: Registered encryption key '00000000000000000000000000000000': 0 pak files mounted, 0 remain pending
[2019.11.28-09.13.49:148][  0]LogPakFile: Registered encryption key '00000000000000000000000000000000': 0 pak files mounted, 0 remain pending
[2019.11.28-09.13.49:153][  0]LogPakFile: Registered encryption key '00000000000000000000000000000000': 0 pak files mounted, 0 remain pending
[2019.11.28-09.13.49:158][  0]LogPakFile: Registered encryption key '00000000000000000000000000000000': 0 pak files mounted, 0 remain pending
[2019.11.28-09.13.49:164][  0]LogPakFile: Registered encryption key '00000000000000000000000000000000': 0 pak files mounted, 0 remain pending
[2019.11.28-09.13.49:169][  0]LogPakFile: Registered encryption key '00000000000000000000000000000000': 0 pak files mounted, 0 remain pending
[2019.11.28-09.13.49:176][  0]LogPakFile: Registered encryption key '00000000000000000000000000000000': 0 pak files mounted, 0 remain pending
[2019.11.28-09.13.49:186][  0]LogPakFile: Registered encryption key '00000000000000000000000000000000': 0 pak files mounted, 0 remain pending
[2019.11.28-09.13.49:214][  0]LogPakFile: Registered encryption key '00000000000000000000000000000000': 0 pak files mounted, 0 remain pending
[2019.11.28-09.13.49:220][  0]LogPakFile: Registered encryption key '00000000000000000000000000000000': 0 pak files mounted, 0 remain pending
[2019.11.28-09.13.49:228][  0]LogPakFile: Registered encryption key '00000000000000000000000000000000': 0 pak files mounted, 0 remain pending
[2019.11.28-09.13.49:233][  0]LogPakFile: Registered encryption key '00000000000000000000000000000000': 0 pak files mounted, 0 remain pending
[2019.11.28-09.13.49:239][  0]LogPakFile: Registered encryption key '00000000000000000000000000000000': 0 pak files mounted, 0 remain pending
[2019.11.28-09.13.49:245][  0]LogPakFile: Registered encryption key '00000000000000000000000000000000': 0 pak files mounted, 0 remain pending
[2019.11.28-09.13.49:250][  0]LogPakFile: Registered encryption key '00000000000000000000000000000000': 0 pak files mounted, 0 remain pending
[2019.11.28-09.13.49:255][  0]LogPakFile: Registered encryption key '00000000000000000000000000000000': 0 pak files mounted, 0 remain pending
[2019.11.28-09.13.49:260][  0]LogPakFile: Registered encryption key '00000000000000000000000000000000': 0 pak files mounted, 0 remain pending
[2019.11.28-09.13.49:265][  0]LogPakFile: Registered encryption key '00000000000000000000000000000000': 0 pak files mounted, 0 remain pending
[2019.11.28-09.13.49:391][  0]LogContentBrowser: Native class hierarchy updated for 'AddContentDialog' in 0.0004 seconds. Added 0 classes and 0 folders.
[2019.11.28-09.13.49:396][  0]LogContentBrowser: Native class hierarchy updated for 'SceneOutliner' in 0.0003 seconds. Added 1 classes and 2 folders.
[2019.11.28-09.13.49:471][  0]LogSlate: Took 0.000137 seconds to synchronously load lazily loaded font '../../../Engine/Content/Slate/Fonts/Roboto-Regular.ttf' (155K)
[2019.11.28-09.13.49:473][  0]LogSlate: Took 0.000208 seconds to synchronously load lazily loaded font '../../../Engine/Content/Slate/Fonts/Roboto-Bold.ttf' (160K)
[2019.11.28-09.13.49:482][  0]LogSlate: Took 0.004581 seconds to synchronously load lazily loaded font '../../../Engine/Content/Editor/Slate/Fonts/FontAwesome.ttf' (139K)
[2019.11.28-09.13.49:620][  0]LogRenderer: Reallocating scene render targets to support 1616x808 Format 10 NumSamples 1 (Frame:1).
[2019.11.28-09.13.49:786][  0]LogContentBrowser: Native class hierarchy updated for 'HierarchicalLODOutliner' in 0.0004 seconds. Added 0 classes and 0 folders.
[2019.11.28-09.13.49:786][  0]LogLoad: (Engine Initialization) Total time: 10.38 seconds
[2019.11.28-09.13.49:786][  0]LogLoad: (Engine Initialization) Total Blueprint compile time: 0.00 seconds
[2019.11.28-09.13.49:823][  0]LogAssetRegistry: Asset discovery search completed in 6.5660 seconds
[2019.11.28-09.13.49:826][  0]LogCollectionManager: Rebuilt the object cache for 0 collections in 0.000000 seconds (found 0 objects)
[2019.11.28-09.13.49:826][  0]LogCollectionManager: Fixed up redirectors for 0 collections in 0.000062 seconds (updated 0 objects)
[2019.11.28-09.13.49:827][  0]LogContentStreaming: Texture pool size now 1000 MB
[2019.11.28-09.13.50:820][102]LogSlate: Took 0.003700 seconds to synchronously load lazily loaded font '../../../Engine/Content/Slate/Fonts/Roboto-Light.ttf' (167K)
[2019.11.28-09.13.55:158][600]LogSlate: FSceneViewport::OnFocusLost() reason 0
[2019.11.28-09.13.55:936][615]LogAIModule: Creating AISystem for world Level2
[2019.11.28-09.13.55:948][615]LogAssetEditorManager: Opening Asset editor for World /Game/Maps/Level2.Level2
[2019.11.28-09.13.55:971][615]LogUObjectHash: Compacting FUObjectHashTables data took   1.63ms
[2019.11.28-09.13.55:972][615]Cmd: MAP LOAD FILE="../../../../../../Users/janessa.aulen/Documents/ueCppPractice/BatteryCollector/Content/Maps/Level2.umap" TEMPLATE=0 SHOWPROGRESS=1 FEATURELEVEL=3
[2019.11.28-09.13.55:972][615]LightingResults: New page: Lighting Build
[2019.11.28-09.13.55:972][615]LoadErrors: New page: Loading map: Level2.umap
[2019.11.28-09.13.55:973][615]MapCheck: New page: Map Check
[2019.11.28-09.13.55:973][615]LightingResults: New page: Lighting Build
[2019.11.28-09.13.56:001][615]LogUObjectHash: Compacting FUObjectHashTables data took   1.74ms
[2019.11.28-09.13.56:067][615]LogEditorServer: Finished looking for orphan Actors (0.000 secs)
[2019.11.28-09.13.56:091][615]LogUObjectHash: Compacting FUObjectHashTables data took   1.38ms
[2019.11.28-09.13.56:115][615]Cmd: MAP CHECKDEP NOCLEARLOG
[2019.11.28-09.13.56:115][615]MapCheck: Map check complete: 0 Error(s), 0 Warning(s), took 0.137ms to complete.
[2019.11.28-09.13.56:115][615]LogFileHelpers: Loading map 'Level2' took 0.145
[2019.11.28-09.14.32:174][872]LogAssetEditorManager: Opening Asset editor for Blueprint /Game/BP/EvilBatteryPickup_BP.EvilBatteryPickup_BP
[2019.11.28-09.14.32:577][872]LogContentBrowser: Native class hierarchy updated for 'BlueprintGraph' in 0.0007 seconds. Added 121 classes and 0 folders.
[2019.11.28-09.14.33:460][872]LogAssetEditorManager: Opening Asset editor for Blueprint /Game/BP/Battery_BP.Battery_BP
[2019.11.28-09.14.33:812][872]LogAssetEditorManager: Opening Asset editor for Blueprint /Game/ThirdPersonCPP/Blueprints/ThirdPersonCharacter.ThirdPersonCharacter
[2019.11.28-09.14.34:145][872]LogAssetEditorManager: Opening Asset editor for AnimBlueprint /Game/BP/Animations/MageCharacterAnimBP.MageCharacterAnimBP
[2019.11.28-09.14.34:156][872]LogBlueprintActionDatabase: Requesting refresh due to module change: SkeletonEditor (loaded)
[2019.11.28-09.14.34:156][872]LogContentBrowser: Native class hierarchy updated for 'SkeletonEditor' in 0.0003 seconds. Added 1 classes and 2 folders.
[2019.11.28-09.14.34:429][872]LogActorComponent: RegisterComponentWithWorld: (/Engine/Transient.World_4:PersistentLevel.AnimationEditorPreviewActor_0.DebugSkelMeshComponent_0) Already registered. Aborting.
[2019.11.28-09.14.34:433][872]LogBlueprintActionDatabase: Requesting refresh due to module change: PinnedCommandList (loaded)
[2019.11.28-09.14.34:433][872]LogContentBrowser: Native class hierarchy updated for 'PinnedCommandList' in 0.0004 seconds. Added 1 classes and 0 folders.
[2019.11.28-09.14.34:723][872]LogSkeletalMesh: USkeletalMeshComponent::InitArticulated : Bodies already created (/Engine/Transient.World_4:PersistentLevel.AnimationEditorPreviewActor_0.DebugSkelMeshComponent_0) - call TermArticulated first.
[2019.11.28-09.14.35:370][872]LogSlate: Took 0.004194 seconds to synchronously load lazily loaded font '../../../Engine/Content/Slate/Fonts/Roboto-BoldCondensed.ttf' (158K)
[2019.11.28-09.14.35:590][872]LogContentBrowser: Verbose: The majority of assets in the view are of type: AnimSequence
[2019.11.28-09.14.35:636][873]LogSlate: Took 0.009826 seconds to synchronously load lazily loaded font '../../../Engine/Content/Slate/Fonts/Roboto-Italic.ttf' (157K)
[2019.11.28-09.14.38:375][ 67]LogSlate: Window 'MageCharacterAnimBP' being destroyed
[2019.11.28-09.18.22:991][637]LogInit: XAudio2 using 'Speakers (Wireless Stereo Headset)' : 2 channels at 48 kHz using 16 bits per sample (channel mask 0x3)
[2019.11.28-09.18.27:006][649]LogInit: XAudio2 using 'Speakers / Headphones (Realtek Audio)' : 2 channels at 48 kHz using 32 bits per sample (channel mask 0x3)
[2019.11.28-10.07.17:751][ 67]LogTemp: Repeating last play command: Selected Viewport
[2019.11.28-10.07.17:778][ 67]LogBlueprintUserMessages: Early PlayInEditor Detection: Level '/Game/Maps/Level2.Level2:PersistentLevel' has LevelScriptBlueprint '/Game/Maps/Level2.Level2:PersistentLevel.Level2' with GeneratedClass '/Game/Maps/Level2.Level2_C' with ClassGeneratedBy '/Game/Maps/Level2.Level2:PersistentLevel.Level2'
[2019.11.28-10.07.17:778][ 67]LogPlayLevel: PlayLevel: No blueprints needed recompiling
[2019.11.28-10.07.17:778][ 67]PIE: New page: PIE session: Level2 (Nov 28, 2019, 2:07:17 PM)
[2019.11.28-10.07.17:792][ 67]LogPlayLevel: Creating play world package: /Game/Maps/UEDPIE_0_Level2
[2019.11.28-10.07.17:795][ 67]LogPlayLevel: PIE: StaticDuplicateObject took: (0.002556s)
[2019.11.28-10.07.17:795][ 67]LogAIModule: Creating AISystem for world Level2
[2019.11.28-10.07.17:795][ 67]LogPlayLevel: PIE: World Init took: (0.000659s)
[2019.11.28-10.07.17:795][ 67]LogPlayLevel: PIE: Created PIE world by copying editor world from /Game/Maps/Level2.Level2 to /Game/Maps/UEDPIE_0_Level2.Level2 (0.003524s)
[2019.11.28-10.07.17:862][ 67]LogUObjectHash: Compacting FUObjectHashTables data took   5.46ms
[2019.11.28-10.07.17:888][ 67]LogInit: XAudio2 using 'Speakers / Headphones (Realtek Audio)' : 2 channels at 48 kHz using 32 bits per sample (channel mask 0x3)
[2019.11.28-10.07.17:910][ 67]LogInit: FAudioDevice initialized.
[2019.11.28-10.07.17:950][ 67]LogLoad: Game class is 'GameMode_BP_C'
[2019.11.28-10.07.17:951][ 67]LogWorld: Bringing World /Game/Maps/UEDPIE_0_Level2.Level2 up for play (max tick rate 0) at 2019.11.28-12.07.17
[2019.11.28-10.07.17:952][ 67]LogWorld: Bringing up level for play took: 0.001089
[2019.11.28-10.07.17:969][ 67]LogBlueprintActionDatabase: Requesting refresh due to module change: Voice (loaded)
[2019.11.28-10.07.17:973][ 67]LogBlueprintActionDatabase: Requesting refresh due to module change: MovieSceneCapture (loaded)
[2019.11.28-10.07.17:974][ 67]LogContentBrowser: Native class hierarchy updated for 'MovieSceneCapture' in 0.0005 seconds. Added 20 classes and 0 folders.
[2019.11.28-10.07.17:976][ 67]PIE: Play in editor start time for /Game/Maps/UEDPIE_0_Level2 0.742
[2019.11.28-10.07.17:976][ 67]LogBlueprintUserMessages: Late PlayInEditor Detection: Level '/Game/Maps/Level2.Level2:PersistentLevel' has LevelScriptBlueprint '/Game/Maps/Level2.Level2:PersistentLevel.Level2' with GeneratedClass '/Game/Maps/Level2.Level2_C' with ClassGeneratedBy '/Game/Maps/Level2.Level2:PersistentLevel.Level2'
[2019.11.28-10.07.25:482][890]LogBlueprintUserMessages: Early EndPlayMap Detection: Level '/Game/Maps/Level2.Level2:PersistentLevel' has LevelScriptBlueprint '/Game/Maps/Level2.Level2:PersistentLevel.Level2' with GeneratedClass '/Game/Maps/Level2.Level2_C' with ClassGeneratedBy '/Game/Maps/Level2.Level2:PersistentLevel.Level2'
[2019.11.28-10.07.25:482][890]LogSlate: Updating window title bar state: overlay mode, drag disabled, window buttons hidden, title bar hidden
[2019.11.28-10.07.25:514][890]LogPlayLevel: Display: Shutting down PIE online subsystems
[2019.11.28-10.07.25:514][890]LogBlueprintUserMessages: Late EndPlayMap Detection: Level '/Game/Maps/Level2.Level2:PersistentLevel' has LevelScriptBlueprint '/Game/Maps/Level2.Level2:PersistentLevel.Level2' with GeneratedClass '/Game/Maps/Level2.Level2_C' with ClassGeneratedBy '/Game/Maps/Level2.Level2:PersistentLevel.Level2'
[2019.11.28-10.07.25:568][890]LogSlate: Updating window title bar state: overlay mode, drag disabled, window buttons hidden, title bar hidden
[2019.11.28-10.07.25:600][890]LogUObjectHash: Compacting FUObjectHashTables data took   4.87ms
[2019.11.28-10.07.25:623][891]LogPlayLevel: Display: Destroying online subsystem :Context_11
[2019.11.28-10.07.29:570][347]LogSlate: FSceneViewport::OnFocusLost() reason 0
[2019.11.28-10.27.30:069][ 15]LogFactory: FactoryCreateFile: StaticMesh with FbxFactory (0 0 C:\Users\janessa.aulen\Downloads\Standing React Death Forward.fbx)
[2019.11.28-10.27.30:116][ 15]LogFbx: Loading FBX Scene from C:\Users\janessa.aulen\Downloads\Standing React Death Forward.fbx
[2019.11.28-10.27.30:148][ 15]LogFbx: FBX Scene Loaded Succesfully
[2019.11.28-10.27.55:580][ 15]LogSlate: Window 'FBX Import Options' being destroyed
[2019.11.28-10.27.55:619][ 15]LogFbx: SortedLinks :(0) Hips
[2019.11.28-10.27.55:619][ 15]LogFbx: SortedLinks :(1) Spine
[2019.11.28-10.27.55:619][ 15]LogFbx: SortedLinks :(2) Spine1
[2019.11.28-10.27.55:620][ 15]LogFbx: SortedLinks :(3) Spine2
[2019.11.28-10.27.55:620][ 15]LogFbx: SortedLinks :(4) Neck
[2019.11.28-10.27.55:620][ 15]LogFbx: SortedLinks :(5) Head
[2019.11.28-10.27.55:620][ 15]LogFbx: SortedLinks :(6) HeadTop_End
[2019.11.28-10.27.55:620][ 15]LogFbx: SortedLinks :(7) LeftShoulder
[2019.11.28-10.27.55:620][ 15]LogFbx: SortedLinks :(8) LeftArm
[2019.11.28-10.27.55:620][ 15]LogFbx: SortedLinks :(9) LeftForeArm
[2019.11.28-10.27.55:620][ 15]LogFbx: SortedLinks :(10) LeftHand
[2019.11.28-10.27.55:620][ 15]LogFbx: SortedLinks :(11) LeftHandThumb1
[2019.11.28-10.27.55:620][ 15]LogFbx: SortedLinks :(12) LeftHandThumb2
[2019.11.28-10.27.55:620][ 15]LogFbx: SortedLinks :(13) LeftHandThumb3
[2019.11.28-10.27.55:620][ 15]LogFbx: SortedLinks :(14) LeftHandThumb4
[2019.11.28-10.27.55:620][ 15]LogFbx: SortedLinks :(15) LeftHandIndex1
[2019.11.28-10.27.55:620][ 15]LogFbx: SortedLinks :(16) LeftHandIndex2
[2019.11.28-10.27.55:620][ 15]LogFbx: SortedLinks :(17) LeftHandIndex3
[2019.11.28-10.27.55:620][ 15]LogFbx: SortedLinks :(18) LeftHandIndex4
[2019.11.28-10.27.55:620][ 15]LogFbx: SortedLinks :(19) LeftHandMiddle1
[2019.11.28-10.27.55:620][ 15]LogFbx: SortedLinks :(20) LeftHandMiddle2
[2019.11.28-10.27.55:620][ 15]LogFbx: SortedLinks :(21) LeftHandMiddle3
[2019.11.28-10.27.55:620][ 15]LogFbx: SortedLinks :(22) LeftHandMiddle4
[2019.11.28-10.27.55:620][ 15]LogFbx: SortedLinks :(23) LeftHandRing1
[2019.11.28-10.27.55:620][ 15]LogFbx: SortedLinks :(24) LeftHandRing2
[2019.11.28-10.27.55:620][ 15]LogFbx: SortedLinks :(25) LeftHandRing3
[2019.11.28-10.27.55:620][ 15]LogFbx: SortedLinks :(26) LeftHandRing4
[2019.11.28-10.27.55:620][ 15]LogFbx: SortedLinks :(27) RightShoulder
[2019.11.28-10.27.55:620][ 15]LogFbx: SortedLinks :(28) RightArm
[2019.11.28-10.27.55:620][ 15]LogFbx: SortedLinks :(29) RightForeArm
[2019.11.28-10.27.55:620][ 15]LogFbx: SortedLinks :(30) RightHand
[2019.11.28-10.27.55:620][ 15]LogFbx: SortedLinks :(31) RightHandThumb1
[2019.11.28-10.27.55:620][ 15]LogFbx: SortedLinks :(32) RightHandThumb2
[2019.11.28-10.27.55:620][ 15]LogFbx: SortedLinks :(33) RightHandThumb3
[2019.11.28-10.27.55:620][ 15]LogFbx: SortedLinks :(34) RightHandThumb4
[2019.11.28-10.27.55:620][ 15]LogFbx: SortedLinks :(35) RightHandIndex1
[2019.11.28-10.27.55:620][ 15]LogFbx: SortedLinks :(36) RightHandIndex2
[2019.11.28-10.27.55:620][ 15]LogFbx: SortedLinks :(37) RightHandIndex3
[2019.11.28-10.27.55:620][ 15]LogFbx: SortedLinks :(38) RightHandIndex4
[2019.11.28-10.27.55:620][ 15]LogFbx: SortedLinks :(39) RightHandMiddle1
[2019.11.28-10.27.55:620][ 15]LogFbx: SortedLinks :(40) RightHandMiddle2
[2019.11.28-10.27.55:620][ 15]LogFbx: SortedLinks :(41) RightHandMiddle3
[2019.11.28-10.27.55:620][ 15]LogFbx: SortedLinks :(42) RightHandMiddle4
[2019.11.28-10.27.55:620][ 15]LogFbx: SortedLinks :(43) RightHandRing1
[2019.11.28-10.27.55:620][ 15]LogFbx: SortedLinks :(44) RightHandRing2
[2019.11.28-10.27.55:620][ 15]LogFbx: SortedLinks :(45) RightHandRing3
[2019.11.28-10.27.55:620][ 15]LogFbx: SortedLinks :(46) RightHandRing4
[2019.11.28-10.27.55:620][ 15]LogFbx: SortedLinks :(47) LeftUpLeg
[2019.11.28-10.27.55:620][ 15]LogFbx: SortedLinks :(48) LeftLeg
[2019.11.28-10.27.55:620][ 15]LogFbx: SortedLinks :(49) LeftFoot
[2019.11.28-10.27.55:620][ 15]LogFbx: SortedLinks :(50) LeftToeBase
[2019.11.28-10.27.55:620][ 15]LogFbx: SortedLinks :(51) LeftToe_End
[2019.11.28-10.27.55:620][ 15]LogFbx: SortedLinks :(52) RightUpLeg
[2019.11.28-10.27.55:620][ 15]LogFbx: SortedLinks :(53) RightLeg
[2019.11.28-10.27.55:620][ 15]LogFbx: SortedLinks :(54) RightFoot
[2019.11.28-10.27.55:620][ 15]LogFbx: SortedLinks :(55) RightToeBase
[2019.11.28-10.27.55:620][ 15]LogFbx: SortedLinks :(56) RightToe_End
[2019.11.28-10.27.55:621][ 15]LogFbx: Parsing AnimStack mixamo.com
[2019.11.28-10.27.55:624][ 15]LogLinker: Can't find file '/Game/OwnCharacter/Standing_React_Death_Forward'
[2019.11.28-10.27.55:625][ 15]LogLinker: Can't find file '/Game/OwnCharacter/Standing_React_Death_Forward'
[2019.11.28-10.27.56:093][ 15]LogAnimationCompression: Building Anim DDC data for AnimSequence /Game/OwnCharacter/Standing_React_Death_Forward.Standing_React_Death_Forward
[2019.11.28-10.27.56:096][ 15]LogAnimationCompression: Recompressing (AnimSequence /Engine/Transient.Standing_React_Death_Forward) using current/default (AnimCompress_BitwiseCompressOnly_0) bFirstRecompressUsingCurrentOrDefault(1) bTryAlternateCompressor(0) IsCompressedDataValid(0)
[2019.11.28-10.27.56:137][ 15]LogFactory: FactoryCreateFile: AnimSequence with FbxFactory (0 0 C:\Users\janessa.aulen\Downloads\Forward Jump.fbx)
[2019.11.28-10.27.56:147][ 15]LogFbx: Loading FBX Scene from C:\Users\janessa.aulen\Downloads\Forward Jump.fbx
[2019.11.28-10.27.56:173][ 15]LogFbx: FBX Scene Loaded Succesfully
[2019.11.28-10.27.56:185][ 15]LogFbx: SortedLinks :(0) Hips
[2019.11.28-10.27.56:185][ 15]LogFbx: SortedLinks :(1) Spine
[2019.11.28-10.27.56:185][ 15]LogFbx: SortedLinks :(2) Spine1
[2019.11.28-10.27.56:185][ 15]LogFbx: SortedLinks :(3) Spine2
[2019.11.28-10.27.56:185][ 15]LogFbx: SortedLinks :(4) Neck
[2019.11.28-10.27.56:185][ 15]LogFbx: SortedLinks :(5) Head
[2019.11.28-10.27.56:185][ 15]LogFbx: SortedLinks :(6) HeadTop_End
[2019.11.28-10.27.56:185][ 15]LogFbx: SortedLinks :(7) LeftShoulder
[2019.11.28-10.27.56:185][ 15]LogFbx: SortedLinks :(8) LeftArm
[2019.11.28-10.27.56:185][ 15]LogFbx: SortedLinks :(9) LeftForeArm
[2019.11.28-10.27.56:185][ 15]LogFbx: SortedLinks :(10) LeftHand
[2019.11.28-10.27.56:185][ 15]LogFbx: SortedLinks :(11) LeftHandThumb1
[2019.11.28-10.27.56:185][ 15]LogFbx: SortedLinks :(12) LeftHandThumb2
[2019.11.28-10.27.56:185][ 15]LogFbx: SortedLinks :(13) LeftHandThumb3
[2019.11.28-10.27.56:185][ 15]LogFbx: SortedLinks :(14) LeftHandThumb4
[2019.11.28-10.27.56:186][ 15]LogFbx: SortedLinks :(15) LeftHandIndex1
[2019.11.28-10.27.56:186][ 15]LogFbx: SortedLinks :(16) LeftHandIndex2
[2019.11.28-10.27.56:186][ 15]LogFbx: SortedLinks :(17) LeftHandIndex3
[2019.11.28-10.27.56:186][ 15]LogFbx: SortedLinks :(18) LeftHandIndex4
[2019.11.28-10.27.56:186][ 15]LogFbx: SortedLinks :(19) LeftHandMiddle1
[2019.11.28-10.27.56:186][ 15]LogFbx: SortedLinks :(20) LeftHandMiddle2
[2019.11.28-10.27.56:186][ 15]LogFbx: SortedLinks :(21) LeftHandMiddle3
[2019.11.28-10.27.56:186][ 15]LogFbx: SortedLinks :(22) LeftHandMiddle4
[2019.11.28-10.27.56:186][ 15]LogFbx: SortedLinks :(23) LeftHandRing1
[2019.11.28-10.27.56:186][ 15]LogFbx: SortedLinks :(24) LeftHandRing2
[2019.11.28-10.27.56:186][ 15]LogFbx: SortedLinks :(25) LeftHandRing3
[2019.11.28-10.27.56:186][ 15]LogFbx: SortedLinks :(26) LeftHandRing4
[2019.11.28-10.27.56:186][ 15]LogFbx: SortedLinks :(27) RightShoulder
[2019.11.28-10.27.56:186][ 15]LogFbx: SortedLinks :(28) RightArm
[2019.11.28-10.27.56:186][ 15]LogFbx: SortedLinks :(29) RightForeArm
[2019.11.28-10.27.56:186][ 15]LogFbx: SortedLinks :(30) RightHand
[2019.11.28-10.27.56:186][ 15]LogFbx: SortedLinks :(31) RightHandThumb1
[2019.11.28-10.27.56:186][ 15]LogFbx: SortedLinks :(32) RightHandThumb2
[2019.11.28-10.27.56:186][ 15]LogFbx: SortedLinks :(33) RightHandThumb3
[2019.11.28-10.27.56:186][ 15]LogFbx: SortedLinks :(34) RightHandThumb4
[2019.11.28-10.27.56:186][ 15]LogFbx: SortedLinks :(35) RightHandIndex1
[2019.11.28-10.27.56:186][ 15]LogFbx: SortedLinks :(36) RightHandIndex2
[2019.11.28-10.27.56:186][ 15]LogFbx: SortedLinks :(37) RightHandIndex3
[2019.11.28-10.27.56:186][ 15]LogFbx: SortedLinks :(38) RightHandIndex4
[2019.11.28-10.27.56:186][ 15]LogFbx: SortedLinks :(39) RightHandMiddle1
[2019.11.28-10.27.56:186][ 15]LogFbx: SortedLinks :(40) RightHandMiddle2
[2019.11.28-10.27.56:186][ 15]LogFbx: SortedLinks :(41) RightHandMiddle3
[2019.11.28-10.27.56:186][ 15]LogFbx: SortedLinks :(42) RightHandMiddle4
[2019.11.28-10.27.56:186][ 15]LogFbx: SortedLinks :(43) RightHandRing1
[2019.11.28-10.27.56:186][ 15]LogFbx: SortedLinks :(44) RightHandRing2
[2019.11.28-10.27.56:186][ 15]LogFbx: SortedLinks :(45) RightHandRing3
[2019.11.28-10.27.56:186][ 15]LogFbx: SortedLinks :(46) RightHandRing4
[2019.11.28-10.27.56:186][ 15]LogFbx: SortedLinks :(47) LeftUpLeg
[2019.11.28-10.27.56:186][ 15]LogFbx: SortedLinks :(48) LeftLeg
[2019.11.28-10.27.56:186][ 15]LogFbx: SortedLinks :(49) LeftFoot
[2019.11.28-10.27.56:186][ 15]LogFbx: SortedLinks :(50) LeftToeBase
[2019.11.28-10.27.56:186][ 15]LogFbx: SortedLinks :(51) LeftToe_End
[2019.11.28-10.27.56:186][ 15]LogFbx: SortedLinks :(52) RightUpLeg
[2019.11.28-10.27.56:186][ 15]LogFbx: SortedLinks :(53) RightLeg
[2019.11.28-10.27.56:186][ 15]LogFbx: SortedLinks :(54) RightFoot
[2019.11.28-10.27.56:186][ 15]LogFbx: SortedLinks :(55) RightToeBase
[2019.11.28-10.27.56:186][ 15]LogFbx: SortedLinks :(56) RightToe_End
[2019.11.28-10.27.56:187][ 15]LogFbx: Parsing AnimStack mixamo.com
[2019.11.28-10.27.56:187][ 15]LogLinker: Can't find file '/Game/OwnCharacter/Forward_Jump'
[2019.11.28-10.27.56:188][ 15]LogLinker: Can't find file '/Game/OwnCharacter/Forward_Jump'
[2019.11.28-10.27.56:487][ 15]LogAnimationCompression: Building Anim DDC data for AnimSequence /Game/OwnCharacter/Forward_Jump.Forward_Jump
[2019.11.28-10.27.56:488][ 15]LogAnimationCompression: Recompressing (AnimSequence /Engine/Transient.Forward_Jump) using current/default (AnimCompress_BitwiseCompressOnly_0) bFirstRecompressUsingCurrentOrDefault(1) bTryAlternateCompressor(0) IsCompressedDataValid(0)
[2019.11.28-10.27.59:655][303]LogUObjectHash: Compacting FUObjectHashTables data took   6.02ms
[2019.11.28-10.27.59:655][303]LogFileHelpers: Editor autosave (incl. sublevels) for '/Game/Maps/Level2' took 0.070
[2019.11.28-10.27.59:658][303]OBJ SavePackage: Generating thumbnails for [1] asset(s) in package [/Game/OwnCharacter/Standing_React_Death_Forward] ([1] browsable assets)...
[2019.11.28-10.27.59:670][303]OBJ SavePackage:     Rendered thumbnail for [AnimSequence /Game/OwnCharacter/Standing_React_Death_Forward.Standing_React_Death_Forward]
[2019.11.28-10.27.59:670][303]OBJ SavePackage: Finished generating thumbnails for package [/Game/OwnCharacter/Standing_React_Death_Forward]
[2019.11.28-10.27.59:691][303]LogSavePackage: Moving '../../../../../../Users/janessa.aulen/Documents/ueCppPractice/BatteryCollector/Saved/Standing_React_Death_Forward_Aut344D9C53426EE113EA40DAB693A445BB.tmp' to '../../../../../../Users/janessa.aulen/Documents/ueCppPractice/BatteryCollector/Saved/Autosaves/Game/OwnCharacter/Standing_React_Death_Forward_Auto1.uasset'
[2019.11.28-10.27.59:692][303]OBJ SavePackage: Generating thumbnails for [1] asset(s) in package [/Game/OwnCharacter/Forward_Jump] ([1] browsable assets)...
[2019.11.28-10.27.59:704][303]OBJ SavePackage:     Rendered thumbnail for [AnimSequence /Game/OwnCharacter/Forward_Jump.Forward_Jump]
[2019.11.28-10.27.59:704][303]OBJ SavePackage: Finished generating thumbnails for package [/Game/OwnCharacter/Forward_Jump]
[2019.11.28-10.27.59:729][303]LogSavePackage: Moving '../../../../../../Users/janessa.aulen/Documents/ueCppPractice/BatteryCollector/Saved/Forward_Jump_Auto10343F0584083841CE08CC696AEA57FCC.tmp' to '../../../../../../Users/janessa.aulen/Documents/ueCppPractice/BatteryCollector/Saved/Autosaves/Game/OwnCharacter/Forward_Jump_Auto1.uasset'
[2019.11.28-10.27.59:732][303]LogFileHelpers: Auto-saving content packages took 0.077
[2019.11.28-10.28.01:320][450]LogAssetEditorManager: Opening Asset editor for AnimSequence /Game/OwnCharacter/Forward_Jump.Forward_Jump
[2019.11.28-10.28.01:328][450]LogBlueprintActionDatabase: Requesting refresh due to module change: AnimationEditor (loaded)
[2019.11.28-10.28.01:334][450]LogActorComponent: RegisterComponentWithWorld: (/Engine/Transient.World_13:PersistentLevel.AnimationEditorPreviewActor_0.DebugSkelMeshComponent_0) Already registered. Aborting.
[2019.11.28-10.28.01:369][450]LogSkeletalMesh: USkeletalMeshComponent::InitArticulated : Bodies already created (/Engine/Transient.World_13:PersistentLevel.AnimationEditorPreviewActor_0.DebugSkelMeshComponent_0) - call TermArticulated first.
[2019.11.28-10.28.02:034][450]LogContentBrowser: Verbose: The majority of assets in the view are of type: AnimSequence
[2019.11.28-10.28.36:388][313]LogAnimationCompression: Building Anim DDC data for AnimSequence /Game/OwnCharacter/Forward_Jump.Forward_Jump
[2019.11.28-10.28.36:390][313]LogAnimationCompression: Recompressing (AnimSequence /Engine/Transient.Forward_Jump) using current/default (AnimCompress_BitwiseCompressOnly_0) bFirstRecompressUsingCurrentOrDefault(1) bTryAlternateCompressor(0) IsCompressedDataValid(0)
[2019.11.28-10.28.41:651][900]LogAnimationCompression: Building Anim DDC data for AnimSequence /Game/OwnCharacter/Forward_Jump.Forward_Jump
[2019.11.28-10.28.41:651][900]LogAnimationCompression: Recompressing (AnimSequence /Engine/Transient.Forward_Jump) using current/default (AnimCompress_BitwiseCompressOnly_1) bFirstRecompressUsingCurrentOrDefault(1) bTryAlternateCompressor(0) IsCompressedDataValid(0)
[2019.11.28-10.28.47:146][521]LogSlate: Took 0.000197 seconds to synchronously load lazily loaded font '../../../Engine/Content/Slate/Fonts/Roboto-Light.ttf' (167K)
[2019.11.28-10.28.58:341][521]LogSlate: Window 'Save Asset As' being destroyed
[2019.11.28-10.28.58:401][521]Cmd: OBJ SAVEPACKAGE PACKAGE="/Game/OwnCharacter/jumpUp" FILE="../../../../../../Users/janessa.aulen/Documents/ueCppPractice/BatteryCollector/Content/OwnCharacter/jumpUp.uasset" SILENT=true
[2019.11.28-10.28.58:422][521]LogSavePackage: Moving '../../../../../../Users/janessa.aulen/Documents/ueCppPractice/BatteryCollector/Saved/jumpUp1B6A767A46E8AF4F0DD3E495031D87B2.tmp' to '../../../../../../Users/janessa.aulen/Documents/ueCppPractice/BatteryCollector/Content/OwnCharacter/jumpUp.uasset'
[2019.11.28-10.28.58:453][521]LogAssetEditorManager: Opening Asset editor for AnimSequence /Game/OwnCharacter/jumpUp.jumpUp
[2019.11.28-10.28.58:465][521]LogActorComponent: RegisterComponentWithWorld: (/Engine/Transient.World_16:PersistentLevel.AnimationEditorPreviewActor_0.DebugSkelMeshComponent_0) Already registered. Aborting.
[2019.11.28-10.28.58:491][521]LogSkeletalMesh: USkeletalMeshComponent::InitArticulated : Bodies already created (/Engine/Transient.World_16:PersistentLevel.AnimationEditorPreviewActor_0.DebugSkelMeshComponent_0) - call TermArticulated first.
[2019.11.28-10.28.59:127][521]LogContentBrowser: Verbose: The majority of assets in the view are of type: AnimSequence
[2019.11.28-10.29.04:906][121]LogAssetEditorManager: Opening Asset editor for AnimSequence /Game/OwnCharacter/Forward_Jump.Forward_Jump
[2019.11.28-10.29.16:834][347]LogAssetEditorManager: Opening Asset editor for AnimSequence /Game/OwnCharacter/jumpUp.jumpUp
[2019.11.28-10.29.16:842][347]LogActorComponent: RegisterComponentWithWorld: (/Engine/Transient.World_20:PersistentLevel.AnimationEditorPreviewActor_0.DebugSkelMeshComponent_0) Already registered. Aborting.
[2019.11.28-10.29.16:868][347]LogSkeletalMesh: USkeletalMeshComponent::InitArticulated : Bodies already created (/Engine/Transient.World_20:PersistentLevel.AnimationEditorPreviewActor_0.DebugSkelMeshComponent_0) - call TermArticulated first.
[2019.11.28-10.29.17:220][347]LogContentBrowser: Verbose: The majority of assets in the view are of type: AnimSequence
[2019.11.28-10.29.29:197][602]LogUObjectHash: Compacting FUObjectHashTables data took   4.36ms
[2019.11.28-10.29.31:111][602]LogSlate: Window 'Delete Assets' being destroyed
[2019.11.28-10.29.31:192][602]LogActorComponent: UnregisterComponent: (/Engine/Transient.EditorFloorComp) Not registered. Aborting.
[2019.11.28-10.29.31:279][602]LogActorComponent: UnregisterComponent: (/Engine/Transient.EditorFloorComp) Not registered. Aborting.
[2019.11.28-10.29.31:554][602]LogUObjectGlobals: Force Deleting 1 Package(s):
	Asset Name: /Game/OwnCharacter/Forward_Jump.Forward_Jump
[2019.11.28-10.29.33:416][602]LogUObjectHash: Compacting FUObjectHashTables data took   4.83ms
[2019.11.28-10.29.38:167][811]LogFactory: FactoryCreateFile: StaticMesh with FbxFactory (0 0 C:\Users\janessa.aulen\Downloads\Forward Jump.fbx)
[2019.11.28-10.29.38:179][811]LogFbx: Loading FBX Scene from C:\Users\janessa.aulen\Downloads\Forward Jump.fbx
[2019.11.28-10.29.38:210][811]LogFbx: FBX Scene Loaded Succesfully
[2019.11.28-10.29.41:562][811]LogSlate: Window 'FBX Import Options' being destroyed
[2019.11.28-10.29.41:591][811]LogFbx: SortedLinks :(0) Hips
[2019.11.28-10.29.41:591][811]LogFbx: SortedLinks :(1) Spine
[2019.11.28-10.29.41:591][811]LogFbx: SortedLinks :(2) Spine1
[2019.11.28-10.29.41:591][811]LogFbx: SortedLinks :(3) Spine2
[2019.11.28-10.29.41:591][811]LogFbx: SortedLinks :(4) Neck
[2019.11.28-10.29.41:591][811]LogFbx: SortedLinks :(5) Head
[2019.11.28-10.29.41:591][811]LogFbx: SortedLinks :(6) HeadTop_End
[2019.11.28-10.29.41:591][811]LogFbx: SortedLinks :(7) LeftShoulder
[2019.11.28-10.29.41:591][811]LogFbx: SortedLinks :(8) LeftArm
[2019.11.28-10.29.41:591][811]LogFbx: SortedLinks :(9) LeftForeArm
[2019.11.28-10.29.41:591][811]LogFbx: SortedLinks :(10) LeftHand
[2019.11.28-10.29.41:591][811]LogFbx: SortedLinks :(11) LeftHandThumb1
[2019.11.28-10.29.41:591][811]LogFbx: SortedLinks :(12) LeftHandThumb2
[2019.11.28-10.29.41:591][811]LogFbx: SortedLinks :(13) LeftHandThumb3
[2019.11.28-10.29.41:591][811]LogFbx: SortedLinks :(14) LeftHandThumb4
[2019.11.28-10.29.41:591][811]LogFbx: SortedLinks :(15) LeftHandIndex1
[2019.11.28-10.29.41:591][811]LogFbx: SortedLinks :(16) LeftHandIndex2
[2019.11.28-10.29.41:591][811]LogFbx: SortedLinks :(17) LeftHandIndex3
[2019.11.28-10.29.41:591][811]LogFbx: SortedLinks :(18) LeftHandIndex4
[2019.11.28-10.29.41:591][811]LogFbx: SortedLinks :(19) LeftHandMiddle1
[2019.11.28-10.29.41:591][811]LogFbx: SortedLinks :(20) LeftHandMiddle2
[2019.11.28-10.29.41:591][811]LogFbx: SortedLinks :(21) LeftHandMiddle3
[2019.11.28-10.29.41:591][811]LogFbx: SortedLinks :(22) LeftHandMiddle4
[2019.11.28-10.29.41:591][811]LogFbx: SortedLinks :(23) LeftHandRing1
[2019.11.28-10.29.41:592][811]LogFbx: SortedLinks :(24) LeftHandRing2
[2019.11.28-10.29.41:592][811]LogFbx: SortedLinks :(25) LeftHandRing3
[2019.11.28-10.29.41:592][811]LogFbx: SortedLinks :(26) LeftHandRing4
[2019.11.28-10.29.41:592][811]LogFbx: SortedLinks :(27) RightShoulder
[2019.11.28-10.29.41:592][811]LogFbx: SortedLinks :(28) RightArm
[2019.11.28-10.29.41:592][811]LogFbx: SortedLinks :(29) RightForeArm
[2019.11.28-10.29.41:592][811]LogFbx: SortedLinks :(30) RightHand
[2019.11.28-10.29.41:592][811]LogFbx: SortedLinks :(31) RightHandThumb1
[2019.11.28-10.29.41:592][811]LogFbx: SortedLinks :(32) RightHandThumb2
[2019.11.28-10.29.41:592][811]LogFbx: SortedLinks :(33) RightHandThumb3
[2019.11.28-10.29.41:592][811]LogFbx: SortedLinks :(34) RightHandThumb4
[2019.11.28-10.29.41:592][811]LogFbx: SortedLinks :(35) RightHandIndex1
[2019.11.28-10.29.41:592][811]LogFbx: SortedLinks :(36) RightHandIndex2
[2019.11.28-10.29.41:592][811]LogFbx: SortedLinks :(37) RightHandIndex3
[2019.11.28-10.29.41:592][811]LogFbx: SortedLinks :(38) RightHandIndex4
[2019.11.28-10.29.41:592][811]LogFbx: SortedLinks :(39) RightHandMiddle1
[2019.11.28-10.29.41:592][811]LogFbx: SortedLinks :(40) RightHandMiddle2
[2019.11.28-10.29.41:592][811]LogFbx: SortedLinks :(41) RightHandMiddle3
[2019.11.28-10.29.41:592][811]LogFbx: SortedLinks :(42) RightHandMiddle4
[2019.11.28-10.29.41:592][811]LogFbx: SortedLinks :(43) RightHandRing1
[2019.11.28-10.29.41:592][811]LogFbx: SortedLinks :(44) RightHandRing2
[2019.11.28-10.29.41:592][811]LogFbx: SortedLinks :(45) RightHandRing3
[2019.11.28-10.29.41:592][811]LogFbx: SortedLinks :(46) RightHandRing4
[2019.11.28-10.29.41:592][811]LogFbx: SortedLinks :(47) LeftUpLeg
[2019.11.28-10.29.41:592][811]LogFbx: SortedLinks :(48) LeftLeg
[2019.11.28-10.29.41:592][811]LogFbx: SortedLinks :(49) LeftFoot
[2019.11.28-10.29.41:592][811]LogFbx: SortedLinks :(50) LeftToeBase
[2019.11.28-10.29.41:592][811]LogFbx: SortedLinks :(51) LeftToe_End
[2019.11.28-10.29.41:592][811]LogFbx: SortedLinks :(52) RightUpLeg
[2019.11.28-10.29.41:592][811]LogFbx: SortedLinks :(53) RightLeg
[2019.11.28-10.29.41:592][811]LogFbx: SortedLinks :(54) RightFoot
[2019.11.28-10.29.41:592][811]LogFbx: SortedLinks :(55) RightToeBase
[2019.11.28-10.29.41:592][811]LogFbx: SortedLinks :(56) RightToe_End
[2019.11.28-10.29.41:592][811]LogFbx: Parsing AnimStack mixamo.com
[2019.11.28-10.29.41:871][811]LogAnimationCompression: Building Anim DDC data for AnimSequence /Game/OwnCharacter/Forward_Jump.Forward_Jump
[2019.11.28-10.29.41:871][811]LogAnimationCompression: Recompressing (AnimSequence /Engine/Transient.Forward_Jump) using current/default (AnimCompress_BitwiseCompressOnly_0) bFirstRecompressUsingCurrentOrDefault(1) bTryAlternateCompressor(0) IsCompressedDataValid(0)
[2019.11.28-10.29.47:884][380]LogAssetEditorManager: Opening Asset editor for AnimSequence /Game/OwnCharacter/Forward_Jump.Forward_Jump
[2019.11.28-10.29.47:894][380]LogActorComponent: RegisterComponentWithWorld: (/Engine/Transient.World_23:PersistentLevel.AnimationEditorPreviewActor_0.DebugSkelMeshComponent_0) Already registered. Aborting.
[2019.11.28-10.29.47:905][380]LogSkeletalMesh: USkeletalMeshComponent::InitArticulated : Bodies already created (/Engine/Transient.World_23:PersistentLevel.AnimationEditorPreviewActor_0.DebugSkelMeshComponent_0) - call TermArticulated first.
[2019.11.28-10.29.48:239][380]LogContentBrowser: Verbose: The majority of assets in the view are of type: AnimSequence
[2019.11.28-10.29.49:795][555]LogUnrealEdMisc: Warning: Heartbeat event firing too frequently (50.656 sec). This should never happen. Something is wrong with the timer delegate!
[2019.11.28-10.30.16:607][642]LogAnimationCompression: Building Anim DDC data for AnimSequence /Game/OwnCharacter/Forward_Jump.Forward_Jump
[2019.11.28-10.30.16:607][642]LogAnimationCompression: Recompressing (AnimSequence /Engine/Transient.Forward_Jump) using current/default (AnimCompress_BitwiseCompressOnly_0) bFirstRecompressUsingCurrentOrDefault(1) bTryAlternateCompressor(0) IsCompressedDataValid(0)
[2019.11.28-10.30.19:429][956]LogAnimationCompression: Building Anim DDC data for AnimSequence /Game/OwnCharacter/Forward_Jump.Forward_Jump
[2019.11.28-10.30.19:429][956]LogAnimationCompression: Recompressing (AnimSequence /Engine/Transient.Forward_Jump) using current/default (AnimCompress_BitwiseCompressOnly_1) bFirstRecompressUsingCurrentOrDefault(1) bTryAlternateCompressor(0) IsCompressedDataValid(0)
[2019.11.28-10.30.32:534][628]LogSlate: Window 'Save Asset As' being destroyed
[2019.11.28-10.30.32:576][628]Cmd: OBJ SAVEPACKAGE PACKAGE="/Game/OwnCharacter/fallDown" FILE="../../../../../../Users/janessa.aulen/Documents/ueCppPractice/BatteryCollector/Content/OwnCharacter/fallDown.uasset" SILENT=true
[2019.11.28-10.30.32:605][628]LogSavePackage: Moving '../../../../../../Users/janessa.aulen/Documents/ueCppPractice/BatteryCollector/Saved/fallDown8893EA994A65665E1B740B9585944503.tmp' to '../../../../../../Users/janessa.aulen/Documents/ueCppPractice/BatteryCollector/Content/OwnCharacter/fallDown.uasset'
[2019.11.28-10.30.32:627][628]LogAssetEditorManager: Opening Asset editor for AnimSequence /Game/OwnCharacter/fallDown.fallDown
[2019.11.28-10.30.32:634][628]LogActorComponent: RegisterComponentWithWorld: (/Engine/Transient.World_26:PersistentLevel.AnimationEditorPreviewActor_0.DebugSkelMeshComponent_0) Already registered. Aborting.
[2019.11.28-10.30.32:664][628]LogSkeletalMesh: USkeletalMeshComponent::InitArticulated : Bodies already created (/Engine/Transient.World_26:PersistentLevel.AnimationEditorPreviewActor_0.DebugSkelMeshComponent_0) - call TermArticulated first.
[2019.11.28-10.30.33:244][628]LogContentBrowser: Verbose: The majority of assets in the view are of type: AnimSequence
[2019.11.28-10.30.33:993][690]Cmd: TRANSACTION UNDO
[2019.11.28-10.30.33:993][690]LogEditorTransaction: Undo Crop Animation Sequence
[2019.11.28-10.30.34:079][690]LogActorComponent: RegisterComponentWithWorld: (/Engine/Transient.World_26:PersistentLevel.AnimationEditorPreviewActor_0.DebugSkelMeshComponent_0) Already registered. Aborting.
[2019.11.28-10.30.34:528][716]Cmd: TRANSACTION UNDO
[2019.11.28-10.30.34:530][716]LogEditorTransaction: Undo Crop Animation Sequence
[2019.11.28-10.30.34:617][716]LogActorComponent: RegisterComponentWithWorld: (/Engine/Transient.World_26:PersistentLevel.AnimationEditorPreviewActor_0.DebugSkelMeshComponent_0) Already registered. Aborting.
[2019.11.28-10.30.44:519][575]LogSlate: Window 'fallDown' being destroyed
[2019.11.28-10.30.50:239][205]Cmd: TRANSACTION REDO
[2019.11.28-10.30.50:239][205]LogEditorTransaction: Redo Crop Animation Sequence
[2019.11.28-10.30.50:323][205]LogActorComponent: RegisterComponentWithWorld: (/Engine/Transient.World_26:PersistentLevel.AnimationEditorPreviewActor_0.DebugSkelMeshComponent_0) Already registered. Aborting.
[2019.11.28-10.30.50:643][233]Cmd: TRANSACTION REDO
[2019.11.28-10.30.50:643][233]LogEditorTransaction: Redo Crop Animation Sequence
[2019.11.28-10.30.50:736][233]LogActorComponent: RegisterComponentWithWorld: (/Engine/Transient.World_26:PersistentLevel.AnimationEditorPreviewActor_0.DebugSkelMeshComponent_0) Already registered. Aborting.
[2019.11.28-10.30.58:783][961]LogUObjectHash: Compacting FUObjectHashTables data took   3.28ms
[2019.11.28-10.31.00:618][961]LogSlate: Window 'Delete Assets' being destroyed
[2019.11.28-10.31.00:690][961]LogUObjectHash: Compacting FUObjectHashTables data took   1.87ms
[2019.11.28-10.31.07:935][134]LogFactory: FactoryCreateFile: StaticMesh with FbxFactory (0 0 C:\Users\janessa.aulen\Downloads\Forward Jump.fbx)
[2019.11.28-10.31.07:951][134]LogFbx: Loading FBX Scene from C:\Users\janessa.aulen\Downloads\Forward Jump.fbx
[2019.11.28-10.31.07:985][134]LogFbx: FBX Scene Loaded Succesfully
[2019.11.28-10.31.28:480][134]LogSlate: Window 'FBX Import Options' being destroyed
[2019.11.28-10.31.28:531][134]LogFbx: SortedLinks :(0) Hips
[2019.11.28-10.31.28:531][134]LogFbx: SortedLinks :(1) Spine
[2019.11.28-10.31.28:531][134]LogFbx: SortedLinks :(2) Spine1
[2019.11.28-10.31.28:531][134]LogFbx: SortedLinks :(3) Spine2
[2019.11.28-10.31.28:531][134]LogFbx: SortedLinks :(4) Neck
[2019.11.28-10.31.28:531][134]LogFbx: SortedLinks :(5) Head
[2019.11.28-10.31.28:531][134]LogFbx: SortedLinks :(6) HeadTop_End
[2019.11.28-10.31.28:531][134]LogFbx: SortedLinks :(7) LeftShoulder
[2019.11.28-10.31.28:531][134]LogFbx: SortedLinks :(8) LeftArm
[2019.11.28-10.31.28:531][134]LogFbx: SortedLinks :(9) LeftForeArm
[2019.11.28-10.31.28:531][134]LogFbx: SortedLinks :(10) LeftHand
[2019.11.28-10.31.28:531][134]LogFbx: SortedLinks :(11) LeftHandThumb1
[2019.11.28-10.31.28:531][134]LogFbx: SortedLinks :(12) LeftHandThumb2
[2019.11.28-10.31.28:531][134]LogFbx: SortedLinks :(13) LeftHandThumb3
[2019.11.28-10.31.28:532][134]LogFbx: SortedLinks :(14) LeftHandThumb4
[2019.11.28-10.31.28:532][134]LogFbx: SortedLinks :(15) LeftHandIndex1
[2019.11.28-10.31.28:532][134]LogFbx: SortedLinks :(16) LeftHandIndex2
[2019.11.28-10.31.28:532][134]LogFbx: SortedLinks :(17) LeftHandIndex3
[2019.11.28-10.31.28:532][134]LogFbx: SortedLinks :(18) LeftHandIndex4
[2019.11.28-10.31.28:532][134]LogFbx: SortedLinks :(19) LeftHandMiddle1
[2019.11.28-10.31.28:532][134]LogFbx: SortedLinks :(20) LeftHandMiddle2
[2019.11.28-10.31.28:532][134]LogFbx: SortedLinks :(21) LeftHandMiddle3
[2019.11.28-10.31.28:532][134]LogFbx: SortedLinks :(22) LeftHandMiddle4
[2019.11.28-10.31.28:532][134]LogFbx: SortedLinks :(23) LeftHandRing1
[2019.11.28-10.31.28:532][134]LogFbx: SortedLinks :(24) LeftHandRing2
[2019.11.28-10.31.28:532][134]LogFbx: SortedLinks :(25) LeftHandRing3
[2019.11.28-10.31.28:532][134]LogFbx: SortedLinks :(26) LeftHandRing4
[2019.11.28-10.31.28:532][134]LogFbx: SortedLinks :(27) RightShoulder
[2019.11.28-10.31.28:532][134]LogFbx: SortedLinks :(28) RightArm
[2019.11.28-10.31.28:532][134]LogFbx: SortedLinks :(29) RightForeArm
[2019.11.28-10.31.28:532][134]LogFbx: SortedLinks :(30) RightHand
[2019.11.28-10.31.28:532][134]LogFbx: SortedLinks :(31) RightHandThumb1
[2019.11.28-10.31.28:532][134]LogFbx: SortedLinks :(32) RightHandThumb2
[2019.11.28-10.31.28:532][134]LogFbx: SortedLinks :(33) RightHandThumb3
[2019.11.28-10.31.28:532][134]LogFbx: SortedLinks :(34) RightHandThumb4
[2019.11.28-10.31.28:532][134]LogFbx: SortedLinks :(35) RightHandIndex1
[2019.11.28-10.31.28:532][134]LogFbx: SortedLinks :(36) RightHandIndex2
[2019.11.28-10.31.28:532][134]LogFbx: SortedLinks :(37) RightHandIndex3
[2019.11.28-10.31.28:532][134]LogFbx: SortedLinks :(38) RightHandIndex4
[2019.11.28-10.31.28:532][134]LogFbx: SortedLinks :(39) RightHandMiddle1
[2019.11.28-10.31.28:532][134]LogFbx: SortedLinks :(40) RightHandMiddle2
[2019.11.28-10.31.28:532][134]LogFbx: SortedLinks :(41) RightHandMiddle3
[2019.11.28-10.31.28:532][134]LogFbx: SortedLinks :(42) RightHandMiddle4
[2019.11.28-10.31.28:532][134]LogFbx: SortedLinks :(43) RightHandRing1
[2019.11.28-10.31.28:532][134]LogFbx: SortedLinks :(44) RightHandRing2
[2019.11.28-10.31.28:532][134]LogFbx: SortedLinks :(45) RightHandRing3
[2019.11.28-10.31.28:532][134]LogFbx: SortedLinks :(46) RightHandRing4
[2019.11.28-10.31.28:532][134]LogFbx: SortedLinks :(47) LeftUpLeg
[2019.11.28-10.31.28:532][134]LogFbx: SortedLinks :(48) LeftLeg
[2019.11.28-10.31.28:532][134]LogFbx: SortedLinks :(49) LeftFoot
[2019.11.28-10.31.28:532][134]LogFbx: SortedLinks :(50) LeftToeBase
[2019.11.28-10.31.28:532][134]LogFbx: SortedLinks :(51) LeftToe_End
[2019.11.28-10.31.28:532][134]LogFbx: SortedLinks :(52) RightUpLeg
[2019.11.28-10.31.28:532][134]LogFbx: SortedLinks :(53) RightLeg
[2019.11.28-10.31.28:532][134]LogFbx: SortedLinks :(54) RightFoot
[2019.11.28-10.31.28:532][134]LogFbx: SortedLinks :(55) RightToeBase
[2019.11.28-10.31.28:532][134]LogFbx: SortedLinks :(56) RightToe_End
[2019.11.28-10.31.28:533][134]LogFbx: Parsing AnimStack mixamo.com
[2019.11.28-10.31.28:821][134]LogAnimationCompression: Building Anim DDC data for AnimSequence /Game/OwnCharacter/Forward_Jump.Forward_Jump
[2019.11.28-10.31.28:822][134]LogAnimationCompression: Recompressing (AnimSequence /Engine/Transient.Forward_Jump) using current/default (AnimCompress_BitwiseCompressOnly_0) bFirstRecompressUsingCurrentOrDefault(1) bTryAlternateCompressor(0) IsCompressedDataValid(0)
[2019.11.28-10.31.41:552][393]LogAssetEditorManager: Opening Asset editor for AnimSequence /Game/OwnCharacter/Forward_Jump.Forward_Jump
[2019.11.28-10.31.41:559][393]LogActorComponent: RegisterComponentWithWorld: (/Engine/Transient.World_29:PersistentLevel.AnimationEditorPreviewActor_0.DebugSkelMeshComponent_0) Already registered. Aborting.
[2019.11.28-10.31.41:569][393]LogSkeletalMesh: USkeletalMeshComponent::InitArticulated : Bodies already created (/Engine/Transient.World_29:PersistentLevel.AnimationEditorPreviewActor_0.DebugSkelMeshComponent_0) - call TermArticulated first.
[2019.11.28-10.31.41:942][393]LogContentBrowser: Verbose: The majority of assets in the view are of type: AnimSequence
[2019.11.28-10.31.58:222][234]LogAnimationCompression: Building Anim DDC data for AnimSequence /Game/OwnCharacter/Forward_Jump.Forward_Jump
[2019.11.28-10.31.58:222][234]LogAnimationCompression: Recompressing (AnimSequence /Engine/Transient.Forward_Jump) using current/default (AnimCompress_BitwiseCompressOnly_0) bFirstRecompressUsingCurrentOrDefault(1) bTryAlternateCompressor(0) IsCompressedDataValid(0)
[2019.11.28-10.32.08:289][378]LogAnimationCompression: Building Anim DDC data for AnimSequence /Game/OwnCharacter/Forward_Jump.Forward_Jump
[2019.11.28-10.32.08:290][378]LogAnimationCompression: Recompressing (AnimSequence /Engine/Transient.Forward_Jump) using current/default (AnimCompress_BitwiseCompressOnly_1) bFirstRecompressUsingCurrentOrDefault(1) bTryAlternateCompressor(0) IsCompressedDataValid(0)
[2019.11.28-10.32.28:428][258]LogSlate: Window 'Save Asset As' being destroyed
[2019.11.28-10.32.28:470][258]Cmd: OBJ SAVEPACKAGE PACKAGE="/Game/OwnCharacter/landFromJump" FILE="../../../../../../Users/janessa.aulen/Documents/ueCppPractice/BatteryCollector/Content/OwnCharacter/landFromJump.uasset" SILENT=true
[2019.11.28-10.32.28:494][258]LogSavePackage: Moving '../../../../../../Users/janessa.aulen/Documents/ueCppPractice/BatteryCollector/Saved/landFromJump13DF949B4B2860C939116A9D643614EB.tmp' to '../../../../../../Users/janessa.aulen/Documents/ueCppPractice/BatteryCollector/Content/OwnCharacter/landFromJump.uasset'
[2019.11.28-10.32.28:511][258]LogAssetEditorManager: Opening Asset editor for AnimSequence /Game/OwnCharacter/landFromJump.landFromJump
[2019.11.28-10.32.28:517][258]LogActorComponent: RegisterComponentWithWorld: (/Engine/Transient.World_32:PersistentLevel.AnimationEditorPreviewActor_0.DebugSkelMeshComponent_0) Already registered. Aborting.
[2019.11.28-10.32.28:560][258]LogSkeletalMesh: USkeletalMeshComponent::InitArticulated : Bodies already created (/Engine/Transient.World_32:PersistentLevel.AnimationEditorPreviewActor_0.DebugSkelMeshComponent_0) - call TermArticulated first.
[2019.11.28-10.32.29:123][258]LogContentBrowser: Verbose: The majority of assets in the view are of type: AnimSequence
[2019.11.28-10.32.31:786][495]LogSlate: Window 'landFromJump' being destroyed
[2019.11.28-10.32.34:070][688]LogUObjectHash: Compacting FUObjectHashTables data took   2.12ms
[2019.11.28-10.32.35:413][688]LogSlate: Window 'Delete Assets' being destroyed
[2019.11.28-10.32.35:416][688]LogUObjectGlobals: Force Deleting 1 Package(s):
	Asset Name: /Game/OwnCharacter/Forward_Jump.Forward_Jump
[2019.11.28-10.32.35:773][688]LogUObjectHash: Compacting FUObjectHashTables data took   6.22ms
[2019.11.28-10.32.36:716][790]Cmd: OBJ SAVEPACKAGE PACKAGE="/Game/Maps/Level2" FILE="../../../../../../Users/janessa.aulen/Documents/ueCppPractice/BatteryCollector/Content/Maps/Level2.umap" SILENT=true AUTOSAVING=false KEEPDIRTY=false
[2019.11.28-10.32.36:746][790]LogUObjectHash: Compacting FUObjectHashTables data took   0.73ms
[2019.11.28-10.32.36:922][790]LogSavePackage: Moving '../../../../../../Users/janessa.aulen/Documents/ueCppPractice/BatteryCollector/Saved/Level2F26282D14090E0390D401BA9E6B820D1.tmp' to '../../../../../../Users/janessa.aulen/Documents/ueCppPractice/BatteryCollector/Content/Maps/Level2.umap'
[2019.11.28-10.32.36:961][790]Cmd: OBJ SAVEPACKAGE PACKAGE="/Game/Maps/Level2_BuiltData" FILE="../../../../../../Users/janessa.aulen/Documents/ueCppPractice/BatteryCollector/Content/Maps/Level2_BuiltData.uasset" SILENT=true
[2019.11.28-10.32.36:988][790]LogSavePackage: Moving '../../../../../../Users/janessa.aulen/Documents/ueCppPractice/BatteryCollector/Saved/Level2_BuiltDataB6AD82B84B8719200207F5B746316C6B.tmp' to '../../../../../../Users/janessa.aulen/Documents/ueCppPractice/BatteryCollector/Content/Maps/Level2_BuiltData.uasset'
