  Using 'git status' to determine working set for adaptive non-unity build (C:\Users\janessa.aulen\Documents\ueCppPractice).
  Creating makefile for BatteryCollectorEditor (ini files are newer than makefile)
  Parsing headers for BatteryCollectorEditor
    Running UnrealHeaderTool "C:\Users\janessa.aulen\Documents\ueCppPractice\BatteryCollector\BatteryCollector.uproject" "C:\Users\janessa.aulen\Documents\ueCppPractice\BatteryCollector\Intermediate\Build\Win64\BatteryCollectorEditor\Development\BatteryCollectorEditor.uhtmanifest" -LogCmds="loginit warning, logexit warning, logdatabase error" -Unattended -WarningsAsErrors -installed
  Reflection code generated for BatteryCollectorEditor in 5,6327811 seconds
  Using Visual Studio 2019 14.22.27905 toolchain (C:\Program Files (x86)\Microsoft Visual Studio\2019\Enterprise\VC\Tools\MSVC\14.22.27905) and Windows 10.0.18362.0 SDK (C:\Program Files (x86)\Windows Kits\10).
  Building 9 actions with 8 processes...
    [1/9] pickUp.cpp
    [2/9] BatteryPickup.cpp
    [3/9] BatteryCollector.init.gen.cpp
    [4/9] BatteryPickup.gen.cpp
    [5/9] pickUp.gen.cpp
    [6/9] SpawnVolume.cpp
    [7/9] UE4Editor-BatteryCollector-0016.lib
       Creating library C:\Users\janessa.aulen\Documents\ueCppPractice\BatteryCollector\Intermediate\Build\Win64\UE4Editor\Development\BatteryCollector\UE4Editor-BatteryCollector-0016.lib and object C:\Users\janessa.aulen\Documents\ueCppPractice\BatteryCollector\Intermediate\Build\Win64\UE4Editor\Development\BatteryCollector\UE4Editor-BatteryCollector-0016.exp
    [8/9] UE4Editor-BatteryCollector-0016.dll
       Creating library C:\Users\janessa.aulen\Documents\ueCppPractice\BatteryCollector\Intermediate\Build\Win64\UE4Editor\Development\BatteryCollector\UE4Editor-BatteryCollector-0016.suppressed.lib and object C:\Users\janessa.aulen\Documents\ueCppPractice\BatteryCollector\Intermediate\Build\Win64\UE4Editor\Development\BatteryCollector\UE4Editor-BatteryCollector-0016.suppressed.exp
    [9/9] BatteryCollectorEditor.target
  Total time in Parallel executor: 2,03 seconds
  Total execution time: 9,60 seconds
